{
"contracts/balancer/BConst.sol":{"l":{},"path":"/home/daniel/Development/github.com/cleanunicorn/audit-indexed-finance-2020-10/code/contracts/balancer/BConst.sol","s":{},"b":{},"f":{},"fnMap":{},"statementMap":{},"branchMap":{}},
"contracts/balancer/BMath.sol":{"l":{"34":1568,"35":1568,"36":1568,"37":1568,"38":1568,"59":678,"60":678,"61":678,"62":678,"63":678,"64":678,"65":678,"66":678,"87":103,"88":103,"89":103,"90":103,"91":103,"92":103,"93":103,"94":103,"119":6,"120":6,"121":6,"123":6,"124":6,"127":6,"128":6,"129":6,"130":6,"151":6,"152":6,"153":6,"156":6,"157":6,"158":6,"159":6,"163":6,"164":6,"165":6,"187":6,"190":6,"191":6,"192":6,"195":6,"196":6,"198":6,"205":6,"206":6,"207":6,"230":6,"232":6,"233":6,"234":6,"236":6,"240":6,"243":6,"244":6,"245":6,"249":6,"250":6},"path":"/home/daniel/Development/github.com/cleanunicorn/audit-indexed-finance-2020-10/code/contracts/balancer/BMath.sol","s":{"1":1568,"2":1568,"3":1568,"4":1568,"5":1568,"6":678,"7":678,"8":678,"9":678,"10":678,"11":678,"12":678,"13":678,"14":103,"15":103,"16":103,"17":103,"18":103,"19":103,"20":103,"21":103,"22":6,"23":6,"24":6,"25":6,"26":6,"27":6,"28":6,"29":6,"30":6,"31":6,"32":6,"33":6,"34":6,"35":6,"36":6,"37":6,"38":6,"39":6,"40":6,"41":6,"42":6,"43":6,"44":6,"45":6,"46":6,"47":6,"48":6,"49":6,"50":6,"51":6,"52":6,"53":6,"54":6,"55":6,"56":6,"57":6,"58":6,"59":6,"60":6,"61":6},"b":{},"f":{"1":1568,"2":678,"3":103,"4":6,"5":6,"6":6,"7":6},"fnMap":{"1":{"name":"calcSpotPrice","line":27,"loc":{"start":{"line":27,"column":2},"end":{"line":39,"column":2}}},"2":{"name":"calcOutGivenIn","line":51,"loc":{"start":{"line":51,"column":2},"end":{"line":67,"column":2}}},"3":{"name":"calcInGivenOut","line":79,"loc":{"start":{"line":79,"column":2},"end":{"line":95,"column":2}}},"4":{"name":"calcPoolOutGivenSingleIn","line":107,"loc":{"start":{"line":107,"column":2},"end":{"line":131,"column":2}}},"5":{"name":"calcSingleInGivenPoolOut","line":143,"loc":{"start":{"line":143,"column":2},"end":{"line":166,"column":2}}},"6":{"name":"calcSingleOutGivenPoolIn","line":179,"loc":{"start":{"line":179,"column":2},"end":{"line":208,"column":2}}},"7":{"name":"calcPoolInGivenSingleOut","line":221,"loc":{"start":{"line":221,"column":2},"end":{"line":251,"column":2}}}},"statementMap":{"1":{"start":{"line":34,"column":4},"end":{"line":34,"column":55}},"2":{"start":{"line":35,"column":4},"end":{"line":35,"column":57}},"3":{"start":{"line":36,"column":4},"end":{"line":36,"column":38}},"4":{"start":{"line":37,"column":4},"end":{"line":37,"column":51}},"5":{"start":{"line":38,"column":4},"end":{"line":38,"column":43}},"6":{"start":{"line":59,"column":4},"end":{"line":59,"column":61}},"7":{"start":{"line":60,"column":4},"end":{"line":60,"column":44}},"8":{"start":{"line":61,"column":4},"end":{"line":61,"column":47}},"9":{"start":{"line":62,"column":4},"end":{"line":62,"column":70}},"10":{"start":{"line":63,"column":4},"end":{"line":63,"column":38}},"11":{"start":{"line":64,"column":4},"end":{"line":64,"column":33}},"12":{"start":{"line":65,"column":4},"end":{"line":65,"column":46}},"13":{"start":{"line":66,"column":4},"end":{"line":66,"column":25}},"14":{"start":{"line":87,"column":4},"end":{"line":87,"column":61}},"15":{"start":{"line":88,"column":4},"end":{"line":88,"column":56}},"16":{"start":{"line":89,"column":4},"end":{"line":89,"column":43}},"17":{"start":{"line":90,"column":4},"end":{"line":90,"column":38}},"18":{"start":{"line":91,"column":4},"end":{"line":91,"column":24}},"19":{"start":{"line":92,"column":4},"end":{"line":92,"column":38}},"20":{"start":{"line":93,"column":4},"end":{"line":93,"column":65}},"21":{"start":{"line":94,"column":4},"end":{"line":94,"column":24}},"22":{"start":{"line":119,"column":4},"end":{"line":119,"column":63}},"23":{"start":{"line":120,"column":4},"end":{"line":120,"column":61}},"24":{"start":{"line":121,"column":4},"end":{"line":121,"column":72}},"25":{"start":{"line":123,"column":4},"end":{"line":123,"column":75}},"26":{"start":{"line":124,"column":4},"end":{"line":124,"column":66}},"27":{"start":{"line":127,"column":4},"end":{"line":127,"column":60}},"28":{"start":{"line":128,"column":4},"end":{"line":128,"column":55}},"29":{"start":{"line":129,"column":4},"end":{"line":129,"column":50}},"30":{"start":{"line":130,"column":4},"end":{"line":130,"column":24}},"31":{"start":{"line":151,"column":4},"end":{"line":151,"column":63}},"32":{"start":{"line":152,"column":4},"end":{"line":152,"column":59}},"33":{"start":{"line":153,"column":4},"end":{"line":153,"column":55}},"34":{"start":{"line":156,"column":4},"end":{"line":156,"column":46}},"35":{"start":{"line":157,"column":4},"end":{"line":157,"column":47}},"36":{"start":{"line":158,"column":4},"end":{"line":158,"column":66}},"37":{"start":{"line":159,"column":4},"end":{"line":159,"column":75}},"38":{"start":{"line":163,"column":4},"end":{"line":163,"column":61}},"39":{"start":{"line":164,"column":4},"end":{"line":164,"column":63}},"40":{"start":{"line":165,"column":4},"end":{"line":165,"column":24}},"41":{"start":{"line":187,"column":4},"end":{"line":187,"column":64}},"42":{"start":{"line":190,"column":4},"end":{"line":190,"column":79}},"43":{"start":{"line":191,"column":4},"end":{"line":191,"column":70}},"44":{"start":{"line":192,"column":4},"end":{"line":192,"column":55}},"45":{"start":{"line":195,"column":4},"end":{"line":195,"column":73}},"46":{"start":{"line":196,"column":4},"end":{"line":196,"column":69}},"47":{"start":{"line":198,"column":4},"end":{"line":198,"column":11292}},"48":{"start":{"line":205,"column":4},"end":{"line":205,"column":61}},"49":{"start":{"line":206,"column":4},"end":{"line":206,"column":70}},"50":{"start":{"line":207,"column":4},"end":{"line":207,"column":25}},"51":{"start":{"line":230,"column":4},"end":{"line":230,"column":64}},"52":{"start":{"line":232,"column":4},"end":{"line":232,"column":46}},"53":{"start":{"line":233,"column":4},"end":{"line":233,"column":36}},"54":{"start":{"line":234,"column":4},"end":{"line":234,"column":79}},"55":{"start":{"line":236,"column":4},"end":{"line":236,"column":13366}},"56":{"start":{"line":240,"column":4},"end":{"line":240,"column":69}},"57":{"start":{"line":243,"column":4},"end":{"line":243,"column":61}},"58":{"start":{"line":244,"column":4},"end":{"line":244,"column":55}},"59":{"start":{"line":245,"column":4},"end":{"line":245,"column":70}},"60":{"start":{"line":249,"column":4},"end":{"line":249,"column":70}},"61":{"start":{"line":250,"column":4},"end":{"line":250,"column":23}}},"branchMap":{}},
"contracts/balancer/BNum.sol":{"l":{"19":1610,"23":805,"27":2082,"28":2082,"29":2082,"33":15583,"34":15583,"35":15583,"43":21187,"44":16503,"46":4684,"51":16529,"52":16529,"53":16529,"54":16529,"55":16529,"56":16529,"60":13609,"61":13609,"62":13609,"63":13609,"64":13609,"65":13609,"66":13609,"71":805,"73":805,"74":1049,"76":1049,"77":659,"80":805,"87":805,"88":805,"90":805,"91":805,"93":805,"95":805,"96":0,"99":805,"100":805,"109":805,"110":805,"111":805,"112":805,"113":805,"119":805,"120":4799,"121":4799,"122":4799,"123":4799,"124":4799,"126":4799,"127":4799,"128":4799,"129":4436,"131":363,"135":805},"path":"/home/daniel/Development/github.com/cleanunicorn/audit-indexed-finance-2020-10/code/contracts/balancer/BNum.sol","s":{"1":1610,"2":805,"3":2082,"4":2082,"5":2082,"6":15583,"7":15583,"8":15583,"9":21187,"10":16503,"11":4684,"12":16529,"13":16529,"14":16529,"15":16529,"16":16529,"17":16529,"18":13609,"19":13609,"20":13609,"21":13609,"22":13609,"23":13609,"24":13609,"25":805,"26":805,"27":1049,"28":1049,"29":659,"30":805,"31":805,"32":805,"33":805,"34":805,"35":805,"36":805,"37":0,"38":805,"39":805,"40":805,"41":805,"42":805,"43":805,"44":805,"45":805,"46":4799,"47":4799,"48":4799,"49":4799,"50":4799,"51":4799,"52":4125,"53":4799,"54":3994,"55":4799,"56":4436,"57":363,"58":805},"b":{"1":[2082,0],"2":[15583,0],"3":[16503,4684],"4":[16529,0],"5":[16529,0],"6":[13609,0],"7":[13609,0],"8":[13609,0],"9":[659,390],"10":[805,0],"11":[805,0],"12":[0,805],"13":[0,4799],"14":[4125,674],"15":[3994,805],"16":[4436,363]},"f":{"1":1610,"2":805,"3":2082,"4":15583,"5":21187,"6":16529,"7":13609,"8":805,"9":805,"10":805},"fnMap":{"1":{"name":"btoi","line":18,"loc":{"start":{"line":18,"column":2},"end":{"line":20,"column":2}}},"2":{"name":"bfloor","line":22,"loc":{"start":{"line":22,"column":2},"end":{"line":24,"column":2}}},"3":{"name":"badd","line":26,"loc":{"start":{"line":26,"column":2},"end":{"line":30,"column":2}}},"4":{"name":"bsub","line":32,"loc":{"start":{"line":32,"column":2},"end":{"line":36,"column":2}}},"5":{"name":"bsubSign","line":38,"loc":{"start":{"line":38,"column":2},"end":{"line":48,"column":2}}},"6":{"name":"bmul","line":50,"loc":{"start":{"line":50,"column":2},"end":{"line":57,"column":2}}},"7":{"name":"bdiv","line":59,"loc":{"start":{"line":59,"column":2},"end":{"line":67,"column":2}}},"8":{"name":"bpowi","line":70,"loc":{"start":{"line":70,"column":2},"end":{"line":81,"column":2}}},"9":{"name":"bpow","line":86,"loc":{"start":{"line":86,"column":2},"end":{"line":101,"column":2}}},"10":{"name":"bpowApprox","line":103,"loc":{"start":{"line":103,"column":2},"end":{"line":136,"column":2}}}},"statementMap":{"1":{"start":{"line":19,"column":4},"end":{"line":19,"column":19}},"2":{"start":{"line":23,"column":4},"end":{"line":23,"column":25}},"3":{"start":{"line":27,"column":4},"end":{"line":27,"column":21}},"4":{"start":{"line":28,"column":4},"end":{"line":28,"column":38}},"5":{"start":{"line":29,"column":4},"end":{"line":29,"column":12}},"6":{"start":{"line":33,"column":4},"end":{"line":33,"column":43}},"7":{"start":{"line":34,"column":4},"end":{"line":34,"column":38}},"8":{"start":{"line":35,"column":4},"end":{"line":35,"column":12}},"9":{"start":{"line":43,"column":4},"end":{"line":43,"column":1212}},"10":{"start":{"line":44,"column":6},"end":{"line":44,"column":27}},"11":{"start":{"line":46,"column":6},"end":{"line":46,"column":26}},"12":{"start":{"line":51,"column":4},"end":{"line":51,"column":22}},"13":{"start":{"line":52,"column":4},"end":{"line":52,"column":53}},"14":{"start":{"line":53,"column":4},"end":{"line":53,"column":32}},"15":{"start":{"line":54,"column":4},"end":{"line":54,"column":40}},"16":{"start":{"line":55,"column":4},"end":{"line":55,"column":26}},"17":{"start":{"line":56,"column":4},"end":{"line":56,"column":13}},"18":{"start":{"line":60,"column":4},"end":{"line":60,"column":34}},"19":{"start":{"line":61,"column":4},"end":{"line":61,"column":25}},"20":{"start":{"line":62,"column":4},"end":{"line":62,"column":56}},"21":{"start":{"line":63,"column":4},"end":{"line":63,"column":29}},"22":{"start":{"line":64,"column":4},"end":{"line":64,"column":40}},"23":{"start":{"line":65,"column":4},"end":{"line":65,"column":23}},"24":{"start":{"line":66,"column":4},"end":{"line":66,"column":13}},"25":{"start":{"line":71,"column":4},"end":{"line":71,"column":37}},"26":{"start":{"line":73,"column":4},"end":{"line":73,"column":2066}},"27":{"start":{"line":74,"column":6},"end":{"line":74,"column":19}},"28":{"start":{"line":76,"column":6},"end":{"line":76,"column":2128}},"29":{"start":{"line":77,"column":8},"end":{"line":77,"column":21}},"30":{"start":{"line":80,"column":4},"end":{"line":80,"column":12}},"31":{"start":{"line":87,"column":4},"end":{"line":87,"column":58}},"32":{"start":{"line":88,"column":4},"end":{"line":88,"column":59}},"33":{"start":{"line":90,"column":4},"end":{"line":90,"column":31}},"34":{"start":{"line":91,"column":4},"end":{"line":91,"column":37}},"35":{"start":{"line":93,"column":4},"end":{"line":93,"column":47}},"36":{"start":{"line":95,"column":4},"end":{"line":95,"column":2673}},"37":{"start":{"line":96,"column":6},"end":{"line":96,"column":21}},"38":{"start":{"line":99,"column":4},"end":{"line":99,"column":68}},"39":{"start":{"line":100,"column":4},"end":{"line":100,"column":40}},"40":{"start":{"line":109,"column":4},"end":{"line":109,"column":19}},"41":{"start":{"line":110,"column":4},"end":{"line":110,"column":49}},"42":{"start":{"line":111,"column":4},"end":{"line":111,"column":23}},"43":{"start":{"line":112,"column":4},"end":{"line":112,"column":22}},"44":{"start":{"line":113,"column":4},"end":{"line":113,"column":25}},"45":{"start":{"line":119,"column":4},"end":{"line":119,"column":3333}},"46":{"start":{"line":120,"column":6},"end":{"line":120,"column":29}},"47":{"start":{"line":121,"column":6},"end":{"line":121,"column":60}},"48":{"start":{"line":122,"column":6},"end":{"line":122,"column":34}},"49":{"start":{"line":123,"column":6},"end":{"line":123,"column":28}},"50":{"start":{"line":124,"column":6},"end":{"line":124,"column":26}},"51":{"start":{"line":126,"column":6},"end":{"line":126,"column":36}},"52":{"start":{"line":126,"column":16},"end":{"line":126,"column":35}},"53":{"start":{"line":127,"column":6},"end":{"line":127,"column":36}},"54":{"start":{"line":127,"column":16},"end":{"line":127,"column":35}},"55":{"start":{"line":128,"column":6},"end":{"line":128,"column":3653}},"56":{"start":{"line":129,"column":8},"end":{"line":129,"column":28}},"57":{"start":{"line":131,"column":8},"end":{"line":131,"column":28}},"58":{"start":{"line":135,"column":4},"end":{"line":135,"column":14}}},"branchMap":{"1":{"line":28,"type":"if","locations":[{"start":{"line":28,"column":4},"end":{"line":28,"column":4}},{"start":{"line":28,"column":4},"end":{"line":28,"column":4}}]},"2":{"line":34,"type":"if","locations":[{"start":{"line":34,"column":4},"end":{"line":34,"column":4}},{"start":{"line":34,"column":4},"end":{"line":34,"column":4}}]},"3":{"line":43,"type":"if","locations":[{"start":{"line":43,"column":4},"end":{"line":43,"column":4}},{"start":{"line":43,"column":4},"end":{"line":43,"column":4}}]},"4":{"line":52,"type":"if","locations":[{"start":{"line":52,"column":4},"end":{"line":52,"column":4}},{"start":{"line":52,"column":4},"end":{"line":52,"column":4}}]},"5":{"line":54,"type":"if","locations":[{"start":{"line":54,"column":4},"end":{"line":54,"column":4}},{"start":{"line":54,"column":4},"end":{"line":54,"column":4}}]},"6":{"line":60,"type":"if","locations":[{"start":{"line":60,"column":4},"end":{"line":60,"column":4}},{"start":{"line":60,"column":4},"end":{"line":60,"column":4}}]},"7":{"line":62,"type":"if","locations":[{"start":{"line":62,"column":4},"end":{"line":62,"column":4}},{"start":{"line":62,"column":4},"end":{"line":62,"column":4}}]},"8":{"line":64,"type":"if","locations":[{"start":{"line":64,"column":4},"end":{"line":64,"column":4}},{"start":{"line":64,"column":4},"end":{"line":64,"column":4}}]},"9":{"line":76,"type":"if","locations":[{"start":{"line":76,"column":6},"end":{"line":76,"column":6}},{"start":{"line":76,"column":6},"end":{"line":76,"column":6}}]},"10":{"line":87,"type":"if","locations":[{"start":{"line":87,"column":4},"end":{"line":87,"column":4}},{"start":{"line":87,"column":4},"end":{"line":87,"column":4}}]},"11":{"line":88,"type":"if","locations":[{"start":{"line":88,"column":4},"end":{"line":88,"column":4}},{"start":{"line":88,"column":4},"end":{"line":88,"column":4}}]},"12":{"line":95,"type":"if","locations":[{"start":{"line":95,"column":4},"end":{"line":95,"column":4}},{"start":{"line":95,"column":4},"end":{"line":95,"column":4}}]},"13":{"line":124,"type":"if","locations":[{"start":{"line":124,"column":6},"end":{"line":124,"column":6}},{"start":{"line":124,"column":6},"end":{"line":124,"column":6}}]},"14":{"line":126,"type":"if","locations":[{"start":{"line":126,"column":6},"end":{"line":126,"column":6}},{"start":{"line":126,"column":6},"end":{"line":126,"column":6}}]},"15":{"line":127,"type":"if","locations":[{"start":{"line":127,"column":6},"end":{"line":127,"column":6}},{"start":{"line":127,"column":6},"end":{"line":127,"column":6}}]},"16":{"line":128,"type":"if","locations":[{"start":{"line":128,"column":6},"end":{"line":128,"column":6}},{"start":{"line":128,"column":6},"end":{"line":128,"column":6}}]}}},
"contracts/balancer/BToken.sol":{"l":{"55":15,"56":15,"57":15,"61":13,"62":13,"63":13,"64":13,"72":42,"73":42,"74":42,"75":42,"79":28,"83":13,"94":2,"100":2,"101":2,"110":0,"119":0,"128":0,"137":0,"141":1,"145":14,"149":0,"150":0,"151":0,"155":0,"156":0,"157":0,"161":0,"162":0,"163":0,"165":0,"167":0,"168":0,"172":1,"173":1,"181":0,"185":0,"186":0,"187":0,"188":0,"190":0},"path":"/home/daniel/Development/github.com/cleanunicorn/audit-indexed-finance-2020-10/code/contracts/balancer/BToken.sol","s":{"1":15,"2":15,"3":15,"4":13,"5":13,"6":13,"7":13,"8":42,"9":42,"10":42,"11":42,"12":28,"13":13,"14":2,"15":2,"16":2,"17":0,"18":0,"19":0,"20":0,"21":1,"22":14,"23":0,"24":0,"25":0,"26":0,"27":0,"28":0,"29":0,"30":0,"31":0,"32":0,"33":0,"34":0,"35":1,"36":1,"37":0,"38":0,"39":0,"40":0,"41":0,"42":0},"b":{"1":[13,0],"2":[42,0],"3":[2,0],"4":[0,0],"5":[0,0],"6":[0,0]},"f":{"1":15,"2":13,"3":42,"4":28,"5":13,"6":2,"7":0,"8":0,"9":0,"10":0,"11":1,"12":14,"13":0,"14":0,"15":0,"16":1,"17":0},"fnMap":{"1":{"name":"_mint","line":54,"loc":{"start":{"line":54,"column":2},"end":{"line":58,"column":2}}},"2":{"name":"_burn","line":60,"loc":{"start":{"line":60,"column":2},"end":{"line":65,"column":2}}},"3":{"name":"_move","line":67,"loc":{"start":{"line":67,"column":2},"end":{"line":76,"column":2}}},"4":{"name":"_push","line":78,"loc":{"start":{"line":78,"column":2},"end":{"line":80,"column":2}}},"5":{"name":"_pull","line":82,"loc":{"start":{"line":82,"column":2},"end":{"line":84,"column":2}}},"6":{"name":"_initializeToken","line":93,"loc":{"start":{"line":93,"column":2},"end":{"line":102,"column":2}}},"7":{"name":"name","line":104,"loc":{"start":{"line":104,"column":2},"end":{"line":111,"column":2}}},"8":{"name":"symbol","line":113,"loc":{"start":{"line":113,"column":2},"end":{"line":120,"column":2}}},"9":{"name":"decimals","line":122,"loc":{"start":{"line":122,"column":2},"end":{"line":129,"column":2}}},"10":{"name":"allowance","line":131,"loc":{"start":{"line":131,"column":2},"end":{"line":138,"column":2}}},"11":{"name":"balanceOf","line":140,"loc":{"start":{"line":140,"column":2},"end":{"line":142,"column":2}}},"12":{"name":"totalSupply","line":144,"loc":{"start":{"line":144,"column":2},"end":{"line":146,"column":2}}},"13":{"name":"approve","line":148,"loc":{"start":{"line":148,"column":2},"end":{"line":152,"column":2}}},"14":{"name":"increaseApproval","line":154,"loc":{"start":{"line":154,"column":2},"end":{"line":158,"column":2}}},"15":{"name":"decreaseApproval","line":160,"loc":{"start":{"line":160,"column":2},"end":{"line":169,"column":2}}},"16":{"name":"transfer","line":171,"loc":{"start":{"line":171,"column":2},"end":{"line":174,"column":2}}},"17":{"name":"transferFrom","line":176,"loc":{"start":{"line":176,"column":2},"end":{"line":191,"column":2}}}},"statementMap":{"1":{"start":{"line":55,"column":4},"end":{"line":55,"column":63}},"2":{"start":{"line":56,"column":4},"end":{"line":56,"column":41}},"3":{"start":{"line":57,"column":4},"end":{"line":57,"column":49}},"4":{"start":{"line":61,"column":4},"end":{"line":61,"column":66}},"5":{"start":{"line":62,"column":4},"end":{"line":62,"column":63}},"6":{"start":{"line":63,"column":4},"end":{"line":63,"column":41}},"7":{"start":{"line":64,"column":4},"end":{"line":64,"column":49}},"8":{"start":{"line":72,"column":4},"end":{"line":72,"column":56}},"9":{"start":{"line":73,"column":4},"end":{"line":73,"column":43}},"10":{"start":{"line":74,"column":4},"end":{"line":74,"column":43}},"11":{"start":{"line":75,"column":4},"end":{"line":75,"column":32}},"12":{"start":{"line":79,"column":4},"end":{"line":79,"column":32}},"13":{"start":{"line":83,"column":4},"end":{"line":83,"column":34}},"14":{"start":{"line":94,"column":4},"end":{"line":94,"column":2901}},"15":{"start":{"line":100,"column":4},"end":{"line":100,"column":15}},"16":{"start":{"line":101,"column":4},"end":{"line":101,"column":19}},"17":{"start":{"line":110,"column":4},"end":{"line":110,"column":16}},"18":{"start":{"line":119,"column":4},"end":{"line":119,"column":18}},"19":{"start":{"line":128,"column":4},"end":{"line":128,"column":20}},"20":{"start":{"line":137,"column":4},"end":{"line":137,"column":31}},"21":{"start":{"line":141,"column":4},"end":{"line":141,"column":25}},"22":{"start":{"line":145,"column":4},"end":{"line":145,"column":23}},"23":{"start":{"line":149,"column":4},"end":{"line":149,"column":36}},"24":{"start":{"line":150,"column":4},"end":{"line":150,"column":39}},"25":{"start":{"line":151,"column":4},"end":{"line":151,"column":15}},"26":{"start":{"line":155,"column":4},"end":{"line":155,"column":71}},"27":{"start":{"line":156,"column":4},"end":{"line":156,"column":63}},"28":{"start":{"line":157,"column":4},"end":{"line":157,"column":15}},"29":{"start":{"line":161,"column":4},"end":{"line":161,"column":50}},"30":{"start":{"line":162,"column":4},"end":{"line":162,"column":4332}},"31":{"start":{"line":163,"column":6},"end":{"line":163,"column":36}},"32":{"start":{"line":165,"column":6},"end":{"line":165,"column":54}},"33":{"start":{"line":167,"column":4},"end":{"line":167,"column":63}},"34":{"start":{"line":168,"column":4},"end":{"line":168,"column":15}},"35":{"start":{"line":172,"column":4},"end":{"line":172,"column":30}},"36":{"start":{"line":173,"column":4},"end":{"line":173,"column":15}},"37":{"start":{"line":181,"column":4},"end":{"line":181,"column":4810}},"38":{"start":{"line":185,"column":4},"end":{"line":185,"column":23}},"39":{"start":{"line":186,"column":4},"end":{"line":186,"column":4949}},"40":{"start":{"line":187,"column":6},"end":{"line":187,"column":73}},"41":{"start":{"line":188,"column":6},"end":{"line":188,"column":65}},"42":{"start":{"line":190,"column":4},"end":{"line":190,"column":15}}},"branchMap":{"1":{"line":61,"type":"if","locations":[{"start":{"line":61,"column":4},"end":{"line":61,"column":4}},{"start":{"line":61,"column":4},"end":{"line":61,"column":4}}]},"2":{"line":72,"type":"if","locations":[{"start":{"line":72,"column":4},"end":{"line":72,"column":4}},{"start":{"line":72,"column":4},"end":{"line":72,"column":4}}]},"3":{"line":94,"type":"if","locations":[{"start":{"line":94,"column":4},"end":{"line":94,"column":4}},{"start":{"line":94,"column":4},"end":{"line":94,"column":4}}]},"4":{"line":162,"type":"if","locations":[{"start":{"line":162,"column":4},"end":{"line":162,"column":4}},{"start":{"line":162,"column":4},"end":{"line":162,"column":4}}]},"5":{"line":181,"type":"if","locations":[{"start":{"line":181,"column":4},"end":{"line":181,"column":4}},{"start":{"line":181,"column":4},"end":{"line":181,"column":4}}]},"6":{"line":186,"type":"if","locations":[{"start":{"line":186,"column":4},"end":{"line":186,"column":4}},{"start":{"line":186,"column":4},"end":{"line":186,"column":4}}]}}},
"contracts/balancer/IPool.sol":{"l":{"100":810,"101":810,"102":810,"103":810,"107":9,"108":9,"112":794,"113":794,"169":2,"170":2,"171":2,"173":2,"174":2,"198":2,"199":2,"200":2,"201":2,"202":2,"203":2,"204":2,"206":8,"207":8,"208":8,"209":8,"210":8,"211":8,"212":8,"221":8,"222":8,"223":8,"225":2,"226":2,"227":2,"228":2,"229":2,"230":2,"231":2,"244":1,"245":1,"255":3,"256":2,"257":1,"258":1,"281":2,"282":2,"283":2,"284":6,"304":1,"305":1,"312":1,"313":1,"316":1,"319":1,"320":3,"321":3,"322":3,"325":1,"326":3,"327":1,"330":1,"331":3,"333":3,"334":3,"335":3,"337":1,"339":2,"357":0,"358":0,"359":0,"360":0,"361":0,"379":1,"380":1,"381":1,"382":1,"385":1,"386":1,"387":0,"393":1,"394":3,"395":3,"396":3,"397":3,"398":3,"399":3,"400":3,"401":3,"403":1,"404":1,"424":6,"426":6,"428":6,"433":6,"442":6,"443":6,"444":0,"450":6,"452":6,"454":6,"456":6,"457":6,"458":6,"460":6,"479":6,"480":6,"481":0,"487":6,"489":6,"498":6,"499":6,"501":6,"506":6,"508":6,"510":6,"511":6,"512":6,"514":6,"528":1,"529":1,"530":1,"531":1,"532":1,"534":1,"535":1,"536":1,"537":1,"538":1,"539":3,"540":3,"541":3,"542":3,"543":3,"544":3,"546":3,"547":3,"548":3,"551":0,"572":6,"574":6,"583":6,"585":6,"590":6,"591":6,"592":6,"593":6,"595":6,"597":6,"598":6,"599":6,"601":6,"620":6,"621":6,"626":6,"635":6,"636":6,"638":6,"639":6,"640":6,"642":6,"644":6,"646":6,"647":6,"648":6,"650":6,"661":0,"662":0,"663":0,"664":0,"665":0,"666":0,"669":0,"670":0,"694":0,"695":0,"696":0,"697":0,"698":0,"699":0,"700":0,"701":0,"702":0,"703":0,"707":0,"710":0,"711":0,"712":0,"713":0,"714":0,"715":0,"716":0,"740":678,"741":678,"743":678,"748":678,"755":678,"757":678,"766":678,"768":678,"769":678,"771":678,"772":678,"773":678,"774":675,"778":678,"779":678,"781":678,"783":678,"791":678,"792":678,"793":678,"798":678,"800":678,"821":103,"822":103,"824":103,"829":103,"836":103,"838":103,"847":103,"849":103,"850":103,"853":103,"854":103,"855":103,"856":100,"860":103,"861":103,"863":103,"865":103,"873":103,"874":103,"875":103,"880":103,"882":103,"890":0,"894":1,"905":0,"910":1,"917":1,"927":0,"938":7,"950":0,"951":0,"952":0,"953":0,"954":0,"955":0,"956":0,"957":0,"960":0,"971":26,"972":26,"983":16,"984":16,"1000":0,"1001":0,"1002":0,"1003":0,"1004":0,"1008":0,"1010":0,"1021":7,"1032":48,"1033":48,"1034":48,"1046":1,"1047":1,"1048":1,"1049":1,"1062":0,"1063":0,"1064":0,"1065":0,"1067":0,"1080":6,"1081":6,"1082":6,"1095":13,"1099":28,"1103":15,"1107":13,"1119":804,"1127":804,"1138":797,"1145":797,"1168":1,"1170":1,"1171":1,"1172":1,"1174":1,"1183":1,"1184":1,"1185":1,"1198":1,"1199":1,"1203":1,"1204":1,"1207":1,"1208":1,"1209":1,"1211":1,"1212":1,"1222":1,"1223":1,"1224":1,"1228":9,"1229":9,"1232":9,"1236":9,"1237":9,"1238":9,"1239":9,"1245":790,"1250":71,"1251":71,"1252":71,"1253":71,"1254":71,"1255":70,"1256":70,"1258":71,"1259":71,"1261":71,"1263":71,"1264":71,"1265":71,"1270":793,"1275":418,"1276":418,"1277":418,"1278":418,"1279":418,"1280":418,"1281":418,"1283":418,"1284":1,"1285":1,"1290":1,"1292":417,"1294":417,"1296":417,"1297":417,"1298":417,"1327":796,"1329":6,"1331":0,"1333":0,"1334":0,"1335":0,"1340":0,"1341":0,"1342":0,"1343":0,"1344":0,"1345":0,"1347":6,"1351":6,"1352":6,"1358":790,"1361":796,"1381":802,"1382":802,"1384":802,"1388":802,"1389":6,"1390":6,"1394":6,"1395":6,"1404":799,"1405":799,"1408":799},"path":"/home/daniel/Development/github.com/cleanunicorn/audit-indexed-finance-2020-10/code/contracts/balancer/IPool.sol","s":{"1":810,"2":810,"3":810,"4":9,"5":794,"6":2,"7":2,"8":2,"9":2,"10":2,"11":2,"12":2,"13":2,"14":2,"15":2,"16":2,"17":2,"18":8,"19":8,"20":8,"21":8,"22":8,"23":8,"24":8,"25":8,"26":8,"27":8,"28":2,"29":2,"30":2,"31":2,"32":2,"33":2,"34":2,"35":1,"36":1,"37":3,"38":2,"39":1,"40":1,"41":2,"42":2,"43":2,"44":6,"45":1,"46":1,"47":1,"48":1,"49":1,"50":1,"51":3,"52":3,"53":2,"54":3,"55":1,"56":3,"57":1,"58":1,"59":3,"60":3,"61":3,"62":0,"63":3,"64":1,"65":2,"66":0,"67":0,"68":0,"69":0,"70":0,"71":1,"72":1,"73":1,"74":1,"75":1,"76":1,"77":0,"78":1,"79":3,"80":3,"81":3,"82":3,"83":3,"84":3,"85":3,"86":3,"87":1,"88":1,"89":6,"90":6,"91":6,"92":6,"93":6,"94":6,"95":0,"96":6,"97":6,"98":6,"99":6,"100":6,"101":6,"102":6,"103":6,"104":6,"105":0,"106":6,"107":6,"108":6,"109":6,"110":6,"111":6,"112":6,"113":6,"114":6,"115":6,"116":6,"117":1,"118":1,"119":1,"120":1,"121":1,"122":1,"123":1,"124":1,"125":1,"126":1,"127":3,"128":3,"129":3,"130":3,"131":3,"132":3,"133":3,"134":3,"135":3,"136":0,"137":6,"138":6,"139":6,"140":6,"141":6,"142":6,"143":6,"144":6,"145":6,"146":6,"147":6,"148":6,"149":6,"150":6,"151":6,"152":6,"153":6,"154":6,"155":6,"156":6,"157":6,"158":6,"159":6,"160":6,"161":6,"162":6,"163":6,"164":0,"165":0,"166":0,"167":0,"168":0,"169":0,"170":0,"171":0,"172":0,"173":0,"174":0,"175":0,"176":0,"177":0,"178":0,"179":0,"180":0,"181":0,"182":0,"183":0,"184":0,"185":0,"186":0,"187":0,"188":0,"189":0,"190":678,"191":678,"192":678,"193":678,"194":678,"195":678,"196":678,"197":678,"198":678,"199":678,"200":678,"201":678,"202":675,"203":678,"204":678,"205":678,"206":678,"207":678,"208":678,"209":678,"210":678,"211":678,"212":103,"213":103,"214":103,"215":103,"216":103,"217":103,"218":103,"219":103,"220":103,"221":103,"222":103,"223":103,"224":100,"225":103,"226":103,"227":103,"228":103,"229":103,"230":103,"231":103,"232":103,"233":103,"234":0,"235":1,"236":0,"237":1,"238":1,"239":0,"240":7,"241":0,"242":0,"243":0,"244":0,"245":0,"246":0,"247":0,"248":0,"249":26,"250":26,"251":16,"252":16,"253":0,"254":0,"255":0,"256":0,"257":0,"258":0,"259":7,"260":48,"261":48,"262":48,"263":1,"264":1,"265":1,"266":1,"267":0,"268":0,"269":0,"270":0,"271":0,"272":6,"273":6,"274":6,"275":13,"276":28,"277":15,"278":13,"279":804,"280":804,"281":797,"282":797,"283":1,"284":1,"285":1,"286":1,"287":1,"288":1,"289":1,"290":1,"291":1,"292":1,"293":1,"294":1,"295":1,"296":1,"297":1,"298":1,"299":1,"300":1,"301":1,"302":1,"303":9,"304":9,"305":9,"306":9,"307":9,"308":9,"309":9,"310":790,"311":719,"312":71,"313":71,"314":71,"315":71,"316":71,"317":70,"318":70,"319":71,"320":71,"321":71,"322":71,"323":71,"324":71,"325":793,"326":375,"327":418,"328":418,"329":418,"330":418,"331":418,"332":418,"333":418,"334":418,"335":1,"336":1,"337":1,"338":417,"339":417,"340":417,"341":417,"342":417,"343":796,"344":6,"345":0,"346":0,"347":0,"348":0,"349":0,"350":0,"351":0,"352":0,"353":0,"354":0,"355":6,"356":6,"357":6,"358":790,"359":796,"360":802,"361":802,"362":802,"363":802,"364":6,"365":6,"366":6,"367":6,"368":799,"369":799,"370":799},"b":{"1":[810,0],"2":[9,0],"3":[794,0],"4":[2,0],"5":[2,0],"6":[2,0],"7":[2,0],"8":[2,0],"9":[2,0],"10":[8,0],"11":[8,0],"12":[8,0],"13":[2,0],"14":[2,1],"15":[1,1],"16":[2,0],"17":[1,0],"18":[2,1],"19":[1,2],"20":[0,3],"21":[1,2],"22":[0,0],"23":[0,0],"24":[1,0],"25":[1,0],"26":[0,1],"27":[0,0],"28":[3,0],"29":[3,0],"30":[6,0],"31":[6,0],"32":[0,6],"33":[0,0],"34":[6,0],"35":[0,6],"36":[0,0],"37":[6,0],"38":[6,0],"39":[6,0],"40":[1,0],"41":[1,0],"42":[3,0],"43":[3,0],"44":[3,0],"45":[0,0],"46":[6,0],"47":[6,0],"48":[6,0],"49":[6,0],"50":[6,0],"51":[0,0],"52":[0,0],"53":[0,0],"54":[0,0],"55":[0,0],"56":[0,0],"57":[0,0],"58":[678,0],"59":[678,0],"60":[678,0],"61":[675,3],"62":[678,0],"63":[678,0],"64":[678,0],"65":[103,0],"66":[103,0],"67":[103,0],"68":[100,3],"69":[103,0],"70":[103,0],"71":[103,0],"72":[0,0],"73":[26,0],"74":[16,0],"75":[0,0],"76":[0,0],"77":[48,0],"78":[1,0],"79":[1,0],"80":[0,0],"81":[0,0],"82":[804,0],"83":[797,0],"84":[1,0],"85":[1,0],"86":[1,0],"87":[1,0],"88":[1,0],"89":[9,0],"90":[9,0],"91":[9,0],"92":[719,71],"93":[70,1],"94":[71,0],"95":[375,418],"96":[418,0],"97":[1,417],"98":[6,790],"99":[0,6],"100":[802,0],"101":[6,796],"102":[799,0],"103":[799,0]},"f":{"1":810,"2":9,"3":794,"4":2,"5":2,"6":1,"7":3,"8":2,"9":1,"10":0,"11":1,"12":6,"13":6,"14":1,"15":6,"16":6,"17":0,"18":0,"19":678,"20":103,"21":0,"22":1,"23":0,"24":1,"25":1,"26":0,"27":7,"28":0,"29":26,"30":16,"31":0,"32":7,"33":48,"34":1,"35":0,"36":6,"37":13,"38":28,"39":15,"40":13,"41":804,"42":797,"43":1,"44":1,"45":9,"46":790,"47":793,"48":796,"49":802,"50":799},"fnMap":{"1":{"name":"_lock_","line":99,"loc":{"start":{"line":99,"column":2},"end":{"line":104,"column":2}}},"2":{"name":"_control_","line":106,"loc":{"start":{"line":106,"column":2},"end":{"line":109,"column":2}}},"3":{"name":"_public_","line":111,"loc":{"start":{"line":111,"column":2},"end":{"line":114,"column":2}}},"4":{"name":"configure","line":164,"loc":{"start":{"line":164,"column":2},"end":{"line":175,"column":2}}},"5":{"name":"initialize","line":196,"loc":{"start":{"line":188,"column":2},"end":{"line":232,"column":2}}},"6":{"name":"setMaxPoolTokens","line":243,"loc":{"start":{"line":243,"column":2},"end":{"line":246,"column":2}}},"7":{"name":"setSwapFee","line":254,"loc":{"start":{"line":254,"column":2},"end":{"line":259,"column":2}}},"8":{"name":"reweighTokens","line":279,"loc":{"start":{"line":273,"column":2},"end":{"line":285,"column":2}}},"9":{"name":"reindexTokens","line":302,"loc":{"start":{"line":295,"column":2},"end":{"line":342,"column":2}}},"10":{"name":"setMinimumBalance","line":355,"loc":{"start":{"line":350,"column":2},"end":{"line":362,"column":2}}},"11":{"name":"joinPool","line":377,"loc":{"start":{"line":374,"column":2},"end":{"line":405,"column":2}}},"12":{"name":"joinswapExternAmountIn","line":421,"loc":{"start":{"line":414,"column":2},"end":{"line":461,"column":2}}},"13":{"name":"joinswapPoolAmountOut","line":476,"loc":{"start":{"line":469,"column":2},"end":{"line":515,"column":2}}},"14":{"name":"exitPool","line":526,"loc":{"start":{"line":524,"column":2},"end":{"line":554,"column":2}}},"15":{"name":"exitswapPoolAmountIn","line":569,"loc":{"start":{"line":563,"column":2},"end":{"line":602,"column":2}}},"16":{"name":"exitswapExternAmountOut","line":617,"loc":{"start":{"line":611,"column":2},"end":{"line":651,"column":2}}},"17":{"name":"gulp","line":660,"loc":{"start":{"line":660,"column":2},"end":{"line":672,"column":2}}},"18":{"name":"flashBorrow","line":692,"loc":{"start":{"line":685,"column":2},"end":{"line":719,"column":2}}},"19":{"name":"swapExactAmountIn","line":737,"loc":{"start":{"line":728,"column":2},"end":{"line":801,"column":2}}},"20":{"name":"swapExactAmountOut","line":818,"loc":{"start":{"line":809,"column":2},"end":{"line":883,"column":2}}},"21":{"name":"isPublicSwap","line":889,"loc":{"start":{"line":889,"column":2},"end":{"line":891,"column":2}}},"22":{"name":"getSwapFee","line":893,"loc":{"start":{"line":893,"column":2},"end":{"line":895,"column":2}}},"23":{"name":"getController","line":900,"loc":{"start":{"line":900,"column":2},"end":{"line":906,"column":2}}},"24":{"name":"getMaxPoolTokens","line":909,"loc":{"start":{"line":909,"column":2},"end":{"line":911,"column":2}}},"25":{"name":"isBound","line":916,"loc":{"start":{"line":916,"column":2},"end":{"line":918,"column":2}}},"26":{"name":"getNumTokens","line":923,"loc":{"start":{"line":923,"column":2},"end":{"line":928,"column":2}}},"27":{"name":"getCurrentTokens","line":933,"loc":{"start":{"line":933,"column":2},"end":{"line":939,"column":2}}},"28":{"name":"getCurrentDesiredTokens","line":945,"loc":{"start":{"line":945,"column":2},"end":{"line":961,"column":2}}},"29":{"name":"getDenormalizedWeight","line":966,"loc":{"start":{"line":966,"column":2},"end":{"line":973,"column":2}}},"30":{"name":"getTokenRecord","line":978,"loc":{"start":{"line":978,"column":2},"end":{"line":985,"column":2}}},"31":{"name":"extrapolatePoolValueFromToken","line":995,"loc":{"start":{"line":995,"column":2},"end":{"line":1011,"column":2}}},"32":{"name":"getTotalDenormalizedWeight","line":1016,"loc":{"start":{"line":1016,"column":2},"end":{"line":1022,"column":2}}},"33":{"name":"getBalance","line":1027,"loc":{"start":{"line":1027,"column":2},"end":{"line":1035,"column":2}}},"34":{"name":"getMinimumBalance","line":1041,"loc":{"start":{"line":1041,"column":2},"end":{"line":1050,"column":2}}},"35":{"name":"getUsedBalance","line":1057,"loc":{"start":{"line":1057,"column":2},"end":{"line":1069,"column":2}}},"36":{"name":"getSpotPrice","line":1075,"loc":{"start":{"line":1075,"column":2},"end":{"line":1090,"column":2}}},"37":{"name":"_pullPoolShare","line":1094,"loc":{"start":{"line":1094,"column":2},"end":{"line":1096,"column":2}}},"38":{"name":"_pushPoolShare","line":1098,"loc":{"start":{"line":1098,"column":2},"end":{"line":1100,"column":2}}},"39":{"name":"_mintPoolShare","line":1102,"loc":{"start":{"line":1102,"column":2},"end":{"line":1104,"column":2}}},"40":{"name":"_burnPoolShare","line":1106,"loc":{"start":{"line":1106,"column":2},"end":{"line":1108,"column":2}}},"41":{"name":"_pullUnderlying","line":1114,"loc":{"start":{"line":1114,"column":2},"end":{"line":1131,"column":2}}},"42":{"name":"_pushUnderlying","line":1133,"loc":{"start":{"line":1133,"column":2},"end":{"line":1149,"column":2}}},"43":{"name":"_bind","line":1163,"loc":{"start":{"line":1163,"column":2},"end":{"line":1186,"column":2}}},"44":{"name":"_unbind","line":1197,"loc":{"start":{"line":1197,"column":2},"end":{"line":1225,"column":2}}},"45":{"name":"_setDesiredDenorm","line":1227,"loc":{"start":{"line":1227,"column":2},"end":{"line":1240,"column":2}}},"46":{"name":"_increaseDenorm","line":1242,"loc":{"start":{"line":1242,"column":2},"end":{"line":1266,"column":2}}},"47":{"name":"_decreaseDenorm","line":1268,"loc":{"start":{"line":1268,"column":2},"end":{"line":1300,"column":2}}},"48":{"name":"_updateInputToken","line":1320,"loc":{"start":{"line":1320,"column":2},"end":{"line":1362,"column":2}}},"49":{"name":"_getInputToken","line":1376,"loc":{"start":{"line":1376,"column":2},"end":{"line":1397,"column":2}}},"50":{"name":"_getOutputToken","line":1399,"loc":{"start":{"line":1399,"column":2},"end":{"line":1409,"column":2}}}},"statementMap":{"1":{"start":{"line":100,"column":4},"end":{"line":100,"column":34}},"2":{"start":{"line":101,"column":4},"end":{"line":101,"column":16}},"3":{"start":{"line":103,"column":4},"end":{"line":103,"column":17}},"4":{"start":{"line":107,"column":4},"end":{"line":107,"column":59}},"5":{"start":{"line":112,"column":4},"end":{"line":112,"column":41}},"6":{"start":{"line":169,"column":4},"end":{"line":169,"column":55}},"7":{"start":{"line":170,"column":4},"end":{"line":170,"column":56}},"8":{"start":{"line":171,"column":4},"end":{"line":171,"column":27}},"9":{"start":{"line":173,"column":4},"end":{"line":173,"column":23}},"10":{"start":{"line":174,"column":4},"end":{"line":174,"column":33}},"11":{"start":{"line":198,"column":4},"end":{"line":198,"column":50}},"12":{"start":{"line":199,"column":4},"end":{"line":199,"column":31}},"13":{"start":{"line":200,"column":4},"end":{"line":200,"column":53}},"14":{"start":{"line":201,"column":4},"end":{"line":201,"column":53}},"15":{"start":{"line":202,"column":4},"end":{"line":202,"column":74}},"16":{"start":{"line":203,"column":4},"end":{"line":203,"column":27}},"17":{"start":{"line":204,"column":4},"end":{"line":204,"column":6054}},"18":{"start":{"line":206,"column":6},"end":{"line":206,"column":31}},"19":{"start":{"line":207,"column":6},"end":{"line":207,"column":32}},"20":{"start":{"line":208,"column":6},"end":{"line":208,"column":35}},"21":{"start":{"line":209,"column":6},"end":{"line":209,"column":52}},"22":{"start":{"line":210,"column":6},"end":{"line":210,"column":52}},"23":{"start":{"line":211,"column":6},"end":{"line":211,"column":55}},"24":{"start":{"line":212,"column":6},"end":{"line":212,"column":6423}},"25":{"start":{"line":221,"column":6},"end":{"line":221,"column":24}},"26":{"start":{"line":222,"column":6},"end":{"line":222,"column":44}},"27":{"start":{"line":223,"column":6},"end":{"line":223,"column":51}},"28":{"start":{"line":225,"column":4},"end":{"line":225,"column":67}},"29":{"start":{"line":226,"column":4},"end":{"line":226,"column":29}},"30":{"start":{"line":227,"column":4},"end":{"line":227,"column":21}},"31":{"start":{"line":228,"column":4},"end":{"line":228,"column":38}},"32":{"start":{"line":229,"column":4},"end":{"line":229,"column":35}},"33":{"start":{"line":230,"column":4},"end":{"line":230,"column":50}},"34":{"start":{"line":231,"column":4},"end":{"line":231,"column":53}},"35":{"start":{"line":244,"column":4},"end":{"line":244,"column":33}},"36":{"start":{"line":245,"column":4},"end":{"line":245,"column":46}},"37":{"start":{"line":255,"column":4},"end":{"line":255,"column":45}},"38":{"start":{"line":256,"column":4},"end":{"line":256,"column":45}},"39":{"start":{"line":257,"column":4},"end":{"line":257,"column":21}},"40":{"start":{"line":258,"column":4},"end":{"line":258,"column":38}},"41":{"start":{"line":281,"column":4},"end":{"line":281,"column":31}},"42":{"start":{"line":282,"column":4},"end":{"line":282,"column":55}},"43":{"start":{"line":283,"column":4},"end":{"line":283,"column":8706}},"44":{"start":{"line":284,"column":6},"end":{"line":284,"column":52}},"45":{"start":{"line":304,"column":4},"end":{"line":304,"column":31}},"46":{"start":{"line":305,"column":4},"end":{"line":305,"column":9401}},"47":{"start":{"line":312,"column":4},"end":{"line":312,"column":33}},"48":{"start":{"line":313,"column":4},"end":{"line":313,"column":52}},"49":{"start":{"line":316,"column":4},"end":{"line":316,"column":47}},"50":{"start":{"line":319,"column":4},"end":{"line":319,"column":10063}},"51":{"start":{"line":320,"column":6},"end":{"line":320,"column":48}},"52":{"start":{"line":321,"column":6},"end":{"line":321,"column":60}},"53":{"start":{"line":321,"column":24},"end":{"line":321,"column":59}},"54":{"start":{"line":322,"column":6},"end":{"line":322,"column":24}},"55":{"start":{"line":325,"column":4},"end":{"line":325,"column":10335}},"56":{"start":{"line":326,"column":6},"end":{"line":326,"column":10380}},"57":{"start":{"line":327,"column":8},"end":{"line":327,"column":39}},"58":{"start":{"line":330,"column":4},"end":{"line":330,"column":10465}},"59":{"start":{"line":331,"column":6},"end":{"line":331,"column":31}},"60":{"start":{"line":333,"column":6},"end":{"line":333,"column":39}},"61":{"start":{"line":334,"column":6},"end":{"line":334,"column":58}},"62":{"start":{"line":334,"column":31},"end":{"line":334,"column":57}},"63":{"start":{"line":335,"column":6},"end":{"line":335,"column":10722}},"64":{"start":{"line":337,"column":8},"end":{"line":337,"column":47}},"65":{"start":{"line":339,"column":8},"end":{"line":339,"column":39}},"66":{"start":{"line":357,"column":4},"end":{"line":357,"column":42}},"67":{"start":{"line":358,"column":4},"end":{"line":358,"column":41}},"68":{"start":{"line":359,"column":4},"end":{"line":359,"column":38}},"69":{"start":{"line":360,"column":4},"end":{"line":360,"column":43}},"70":{"start":{"line":361,"column":4},"end":{"line":361,"column":59}},"71":{"start":{"line":379,"column":4},"end":{"line":379,"column":37}},"72":{"start":{"line":380,"column":4},"end":{"line":380,"column":50}},"73":{"start":{"line":381,"column":4},"end":{"line":381,"column":41}},"74":{"start":{"line":382,"column":4},"end":{"line":382,"column":64}},"75":{"start":{"line":385,"column":4},"end":{"line":385,"column":42}},"76":{"start":{"line":386,"column":4},"end":{"line":386,"column":12300}},"77":{"start":{"line":387,"column":6},"end":{"line":387,"column":12333}},"78":{"start":{"line":393,"column":4},"end":{"line":393,"column":12448}},"79":{"start":{"line":394,"column":6},"end":{"line":394,"column":28}},"80":{"start":{"line":395,"column":6},"end":{"line":395,"column":69}},"81":{"start":{"line":396,"column":6},"end":{"line":396,"column":57}},"82":{"start":{"line":397,"column":6},"end":{"line":397,"column":51}},"83":{"start":{"line":398,"column":6},"end":{"line":398,"column":62}},"84":{"start":{"line":399,"column":6},"end":{"line":399,"column":67}},"85":{"start":{"line":400,"column":6},"end":{"line":400,"column":49}},"86":{"start":{"line":401,"column":6},"end":{"line":401,"column":50}},"87":{"start":{"line":403,"column":4},"end":{"line":403,"column":32}},"88":{"start":{"line":404,"column":4},"end":{"line":404,"column":44}},"89":{"start":{"line":424,"column":4},"end":{"line":424,"column":77}},"90":{"start":{"line":426,"column":4},"end":{"line":426,"column":45}},"91":{"start":{"line":428,"column":4},"end":{"line":428,"column":13644}},"92":{"start":{"line":433,"column":4},"end":{"line":433,"column":13751}},"93":{"start":{"line":442,"column":4},"end":{"line":442,"column":42}},"94":{"start":{"line":443,"column":4},"end":{"line":443,"column":13972}},"95":{"start":{"line":444,"column":6},"end":{"line":444,"column":14005}},"96":{"start":{"line":450,"column":4},"end":{"line":450,"column":62}},"97":{"start":{"line":452,"column":4},"end":{"line":452,"column":75}},"98":{"start":{"line":454,"column":4},"end":{"line":454,"column":53}},"99":{"start":{"line":456,"column":4},"end":{"line":456,"column":32}},"100":{"start":{"line":457,"column":4},"end":{"line":457,"column":44}},"101":{"start":{"line":458,"column":4},"end":{"line":458,"column":54}},"102":{"start":{"line":460,"column":4},"end":{"line":460,"column":24}},"103":{"start":{"line":479,"column":4},"end":{"line":479,"column":42}},"104":{"start":{"line":480,"column":4},"end":{"line":480,"column":14981}},"105":{"start":{"line":481,"column":6},"end":{"line":481,"column":15014}},"106":{"start":{"line":487,"column":4},"end":{"line":487,"column":77}},"107":{"start":{"line":489,"column":4},"end":{"line":489,"column":15212}},"108":{"start":{"line":498,"column":4},"end":{"line":498,"column":49}},"109":{"start":{"line":499,"column":4},"end":{"line":499,"column":56}},"110":{"start":{"line":501,"column":4},"end":{"line":501,"column":15501}},"111":{"start":{"line":506,"column":4},"end":{"line":506,"column":75}},"112":{"start":{"line":508,"column":4},"end":{"line":508,"column":53}},"113":{"start":{"line":510,"column":4},"end":{"line":510,"column":32}},"114":{"start":{"line":511,"column":4},"end":{"line":511,"column":44}},"115":{"start":{"line":512,"column":4},"end":{"line":512,"column":54}},"116":{"start":{"line":514,"column":4},"end":{"line":514,"column":24}},"117":{"start":{"line":528,"column":4},"end":{"line":528,"column":37}},"118":{"start":{"line":529,"column":4},"end":{"line":529,"column":50}},"119":{"start":{"line":530,"column":4},"end":{"line":530,"column":57}},"120":{"start":{"line":531,"column":4},"end":{"line":531,"column":52}},"121":{"start":{"line":532,"column":4},"end":{"line":532,"column":41}},"122":{"start":{"line":534,"column":4},"end":{"line":534,"column":43}},"123":{"start":{"line":535,"column":4},"end":{"line":535,"column":39}},"124":{"start":{"line":536,"column":4},"end":{"line":536,"column":34}},"125":{"start":{"line":537,"column":4},"end":{"line":537,"column":65}},"126":{"start":{"line":538,"column":4},"end":{"line":538,"column":16816}},"127":{"start":{"line":539,"column":6},"end":{"line":539,"column":28}},"128":{"start":{"line":540,"column":6},"end":{"line":540,"column":40}},"129":{"start":{"line":541,"column":6},"end":{"line":541,"column":16949}},"130":{"start":{"line":542,"column":8},"end":{"line":542,"column":60}},"131":{"start":{"line":543,"column":8},"end":{"line":543,"column":54}},"132":{"start":{"line":544,"column":8},"end":{"line":544,"column":67}},"133":{"start":{"line":546,"column":8},"end":{"line":546,"column":65}},"134":{"start":{"line":547,"column":8},"end":{"line":547,"column":52}},"135":{"start":{"line":548,"column":8},"end":{"line":548,"column":53}},"136":{"start":{"line":551,"column":8},"end":{"line":551,"column":58}},"137":{"start":{"line":572,"column":4},"end":{"line":572,"column":55}},"138":{"start":{"line":574,"column":4},"end":{"line":574,"column":18072}},"139":{"start":{"line":583,"column":4},"end":{"line":583,"column":59}},"140":{"start":{"line":585,"column":4},"end":{"line":585,"column":18314}},"141":{"start":{"line":590,"column":4},"end":{"line":590,"column":56}},"142":{"start":{"line":591,"column":4},"end":{"line":591,"column":71}},"143":{"start":{"line":592,"column":4},"end":{"line":592,"column":39}},"144":{"start":{"line":593,"column":4},"end":{"line":593,"column":50}},"145":{"start":{"line":595,"column":4},"end":{"line":595,"column":55}},"146":{"start":{"line":597,"column":4},"end":{"line":597,"column":43}},"147":{"start":{"line":598,"column":4},"end":{"line":598,"column":46}},"148":{"start":{"line":599,"column":4},"end":{"line":599,"column":39}},"149":{"start":{"line":601,"column":4},"end":{"line":601,"column":25}},"150":{"start":{"line":620,"column":4},"end":{"line":620,"column":55}},"151":{"start":{"line":621,"column":4},"end":{"line":621,"column":19432}},"152":{"start":{"line":626,"column":4},"end":{"line":626,"column":19543}},"153":{"start":{"line":635,"column":4},"end":{"line":635,"column":48}},"154":{"start":{"line":636,"column":4},"end":{"line":636,"column":59}},"155":{"start":{"line":638,"column":4},"end":{"line":638,"column":56}},"156":{"start":{"line":639,"column":4},"end":{"line":639,"column":71}},"157":{"start":{"line":640,"column":4},"end":{"line":640,"column":39}},"158":{"start":{"line":642,"column":4},"end":{"line":642,"column":50}},"159":{"start":{"line":644,"column":4},"end":{"line":644,"column":55}},"160":{"start":{"line":646,"column":4},"end":{"line":646,"column":43}},"161":{"start":{"line":647,"column":4},"end":{"line":647,"column":46}},"162":{"start":{"line":648,"column":4},"end":{"line":648,"column":39}},"163":{"start":{"line":650,"column":4},"end":{"line":650,"column":23}},"164":{"start":{"line":661,"column":4},"end":{"line":661,"column":42}},"165":{"start":{"line":662,"column":4},"end":{"line":662,"column":60}},"166":{"start":{"line":663,"column":4},"end":{"line":663,"column":20625}},"167":{"start":{"line":664,"column":6},"end":{"line":664,"column":20653}},"168":{"start":{"line":665,"column":8},"end":{"line":665,"column":41}},"169":{"start":{"line":666,"column":8},"end":{"line":666,"column":48}},"170":{"start":{"line":669,"column":6},"end":{"line":669,"column":61}},"171":{"start":{"line":670,"column":6},"end":{"line":670,"column":53}},"172":{"start":{"line":694,"column":4},"end":{"line":694,"column":42}},"173":{"start":{"line":695,"column":4},"end":{"line":695,"column":41}},"174":{"start":{"line":696,"column":4},"end":{"line":696,"column":61}},"175":{"start":{"line":697,"column":4},"end":{"line":697,"column":54}},"176":{"start":{"line":698,"column":4},"end":{"line":698,"column":53}},"177":{"start":{"line":699,"column":4},"end":{"line":699,"column":35}},"178":{"start":{"line":700,"column":4},"end":{"line":700,"column":59}},"179":{"start":{"line":701,"column":4},"end":{"line":701,"column":43}},"180":{"start":{"line":702,"column":4},"end":{"line":702,"column":42}},"181":{"start":{"line":703,"column":4},"end":{"line":703,"column":21954}},"182":{"start":{"line":707,"column":4},"end":{"line":707,"column":35}},"183":{"start":{"line":710,"column":4},"end":{"line":710,"column":22207}},"184":{"start":{"line":711,"column":6},"end":{"line":711,"column":54}},"185":{"start":{"line":712,"column":6},"end":{"line":712,"column":22292}},"186":{"start":{"line":713,"column":8},"end":{"line":713,"column":34}},"187":{"start":{"line":714,"column":8},"end":{"line":714,"column":35}},"188":{"start":{"line":715,"column":8},"end":{"line":715,"column":50}},"189":{"start":{"line":716,"column":8},"end":{"line":716,"column":52}},"190":{"start":{"line":740,"column":4},"end":{"line":740,"column":77}},"191":{"start":{"line":741,"column":4},"end":{"line":741,"column":55}},"192":{"start":{"line":743,"column":4},"end":{"line":743,"column":23128}},"193":{"start":{"line":748,"column":4},"end":{"line":748,"column":23236}},"194":{"start":{"line":755,"column":4},"end":{"line":755,"column":62}},"195":{"start":{"line":757,"column":4},"end":{"line":757,"column":23464}},"196":{"start":{"line":766,"column":4},"end":{"line":766,"column":59}},"197":{"start":{"line":768,"column":4},"end":{"line":768,"column":54}},"198":{"start":{"line":769,"column":4},"end":{"line":769,"column":56}},"199":{"start":{"line":771,"column":4},"end":{"line":771,"column":53}},"200":{"start":{"line":772,"column":4},"end":{"line":772,"column":54}},"201":{"start":{"line":773,"column":4},"end":{"line":773,"column":23934}},"202":{"start":{"line":774,"column":6},"end":{"line":774,"column":37}},"203":{"start":{"line":778,"column":4},"end":{"line":778,"column":62}},"204":{"start":{"line":779,"column":4},"end":{"line":779,"column":49}},"205":{"start":{"line":781,"column":4},"end":{"line":781,"column":39}},"206":{"start":{"line":783,"column":4},"end":{"line":783,"column":24351}},"207":{"start":{"line":791,"column":4},"end":{"line":791,"column":66}},"208":{"start":{"line":792,"column":4},"end":{"line":792,"column":57}},"209":{"start":{"line":793,"column":4},"end":{"line":793,"column":24635}},"210":{"start":{"line":798,"column":4},"end":{"line":798,"column":79}},"211":{"start":{"line":800,"column":4},"end":{"line":800,"column":43}},"212":{"start":{"line":821,"column":4},"end":{"line":821,"column":77}},"213":{"start":{"line":822,"column":4},"end":{"line":822,"column":55}},"214":{"start":{"line":824,"column":4},"end":{"line":824,"column":25491}},"215":{"start":{"line":829,"column":4},"end":{"line":829,"column":25603}},"216":{"start":{"line":836,"column":4},"end":{"line":836,"column":62}},"217":{"start":{"line":838,"column":4},"end":{"line":838,"column":25831}},"218":{"start":{"line":847,"column":4},"end":{"line":847,"column":56}},"219":{"start":{"line":849,"column":4},"end":{"line":849,"column":54}},"220":{"start":{"line":850,"column":4},"end":{"line":850,"column":56}},"221":{"start":{"line":853,"column":4},"end":{"line":853,"column":53}},"222":{"start":{"line":854,"column":4},"end":{"line":854,"column":54}},"223":{"start":{"line":855,"column":4},"end":{"line":855,"column":26370}},"224":{"start":{"line":856,"column":6},"end":{"line":856,"column":37}},"225":{"start":{"line":860,"column":4},"end":{"line":860,"column":62}},"226":{"start":{"line":861,"column":4},"end":{"line":861,"column":49}},"227":{"start":{"line":863,"column":4},"end":{"line":863,"column":39}},"228":{"start":{"line":865,"column":4},"end":{"line":865,"column":26787}},"229":{"start":{"line":873,"column":4},"end":{"line":873,"column":64}},"230":{"start":{"line":874,"column":4},"end":{"line":874,"column":57}},"231":{"start":{"line":875,"column":4},"end":{"line":875,"column":27069}},"232":{"start":{"line":880,"column":4},"end":{"line":880,"column":79}},"233":{"start":{"line":882,"column":4},"end":{"line":882,"column":42}},"234":{"start":{"line":890,"column":4},"end":{"line":890,"column":25}},"235":{"start":{"line":894,"column":4},"end":{"line":894,"column":21}},"236":{"start":{"line":905,"column":4},"end":{"line":905,"column":27}},"237":{"start":{"line":910,"column":4},"end":{"line":910,"column":25}},"238":{"start":{"line":917,"column":4},"end":{"line":917,"column":28}},"239":{"start":{"line":927,"column":4},"end":{"line":927,"column":23}},"240":{"start":{"line":938,"column":4},"end":{"line":938,"column":18}},"241":{"start":{"line":950,"column":4},"end":{"line":950,"column":41}},"242":{"start":{"line":951,"column":4},"end":{"line":951,"column":44}},"243":{"start":{"line":952,"column":4},"end":{"line":952,"column":25}},"244":{"start":{"line":953,"column":4},"end":{"line":953,"column":28785}},"245":{"start":{"line":954,"column":6},"end":{"line":954,"column":35}},"246":{"start":{"line":955,"column":6},"end":{"line":955,"column":44}},"247":{"start":{"line":956,"column":6},"end":{"line":956,"column":28922}},"248":{"start":{"line":957,"column":8},"end":{"line":957,"column":34}},"249":{"start":{"line":971,"column":4},"end":{"line":971,"column":50}},"250":{"start":{"line":972,"column":4},"end":{"line":972,"column":34}},"251":{"start":{"line":983,"column":4},"end":{"line":983,"column":27}},"252":{"start":{"line":984,"column":4},"end":{"line":984,"column":41}},"253":{"start":{"line":1000,"column":4},"end":{"line":1000,"column":32}},"254":{"start":{"line":1001,"column":4},"end":{"line":1001,"column":30015}},"255":{"start":{"line":1002,"column":6},"end":{"line":1002,"column":23}},"256":{"start":{"line":1003,"column":6},"end":{"line":1003,"column":42}},"257":{"start":{"line":1004,"column":6},"end":{"line":1004,"column":30129}},"258":{"start":{"line":1010,"column":4},"end":{"line":1010,"column":51}},"259":{"start":{"line":1021,"column":4},"end":{"line":1021,"column":29}},"260":{"start":{"line":1032,"column":4},"end":{"line":1032,"column":42}},"261":{"start":{"line":1033,"column":4},"end":{"line":1033,"column":41}},"262":{"start":{"line":1034,"column":4},"end":{"line":1034,"column":27}},"263":{"start":{"line":1046,"column":4},"end":{"line":1046,"column":42}},"264":{"start":{"line":1047,"column":4},"end":{"line":1047,"column":41}},"265":{"start":{"line":1048,"column":4},"end":{"line":1048,"column":38}},"266":{"start":{"line":1049,"column":4},"end":{"line":1049,"column":43}},"267":{"start":{"line":1062,"column":4},"end":{"line":1062,"column":42}},"268":{"start":{"line":1063,"column":4},"end":{"line":1063,"column":41}},"269":{"start":{"line":1064,"column":4},"end":{"line":1064,"column":31599}},"270":{"start":{"line":1065,"column":6},"end":{"line":1065,"column":42}},"271":{"start":{"line":1067,"column":6},"end":{"line":1067,"column":33}},"272":{"start":{"line":1080,"column":4},"end":{"line":1080,"column":55}},"273":{"start":{"line":1081,"column":4},"end":{"line":1081,"column":55}},"274":{"start":{"line":1082,"column":4},"end":{"line":1082,"column":32072}},"275":{"start":{"line":1095,"column":4},"end":{"line":1095,"column":22}},"276":{"start":{"line":1099,"column":4},"end":{"line":1099,"column":20}},"277":{"start":{"line":1103,"column":4},"end":{"line":1103,"column":16}},"278":{"start":{"line":1107,"column":4},"end":{"line":1107,"column":16}},"279":{"start":{"line":1119,"column":4},"end":{"line":1119,"column":32924}},"280":{"start":{"line":1127,"column":4},"end":{"line":1127,"column":33110}},"281":{"start":{"line":1138,"column":4},"end":{"line":1138,"column":33322}},"282":{"start":{"line":1145,"column":4},"end":{"line":1145,"column":33479}},"283":{"start":{"line":1168,"column":4},"end":{"line":1168,"column":50}},"284":{"start":{"line":1170,"column":4},"end":{"line":1170,"column":57}},"285":{"start":{"line":1171,"column":4},"end":{"line":1171,"column":57}},"286":{"start":{"line":1172,"column":4},"end":{"line":1172,"column":60}},"287":{"start":{"line":1174,"column":4},"end":{"line":1174,"column":34557}},"288":{"start":{"line":1183,"column":4},"end":{"line":1183,"column":22}},"289":{"start":{"line":1184,"column":4},"end":{"line":1184,"column":43}},"290":{"start":{"line":1185,"column":4},"end":{"line":1185,"column":62}},"291":{"start":{"line":1198,"column":4},"end":{"line":1198,"column":42}},"292":{"start":{"line":1199,"column":4},"end":{"line":1199,"column":41}},"293":{"start":{"line":1203,"column":4},"end":{"line":1203,"column":32}},"294":{"start":{"line":1204,"column":4},"end":{"line":1204,"column":37}},"295":{"start":{"line":1207,"column":4},"end":{"line":1207,"column":35672}},"296":{"start":{"line":1208,"column":6},"end":{"line":1208,"column":35}},"297":{"start":{"line":1209,"column":6},"end":{"line":1209,"column":50}},"298":{"start":{"line":1211,"column":4},"end":{"line":1211,"column":16}},"299":{"start":{"line":1212,"column":4},"end":{"line":1212,"column":35814}},"300":{"start":{"line":1222,"column":4},"end":{"line":1222,"column":64}},"301":{"start":{"line":1223,"column":4},"end":{"line":1223,"column":56}},"302":{"start":{"line":1224,"column":4},"end":{"line":1224,"column":33}},"303":{"start":{"line":1228,"column":4},"end":{"line":1228,"column":42}},"304":{"start":{"line":1229,"column":4},"end":{"line":1229,"column":41}},"305":{"start":{"line":1232,"column":4},"end":{"line":1232,"column":36537}},"306":{"start":{"line":1236,"column":4},"end":{"line":1236,"column":57}},"307":{"start":{"line":1237,"column":4},"end":{"line":1237,"column":39}},"308":{"start":{"line":1238,"column":4},"end":{"line":1238,"column":48}},"309":{"start":{"line":1239,"column":4},"end":{"line":1239,"column":53}},"310":{"start":{"line":1245,"column":4},"end":{"line":1245,"column":37039}},"311":{"start":{"line":1249,"column":6},"end":{"line":1249,"column":12}},"312":{"start":{"line":1250,"column":4},"end":{"line":1250,"column":36}},"313":{"start":{"line":1251,"column":4},"end":{"line":1251,"column":40}},"314":{"start":{"line":1252,"column":4},"end":{"line":1252,"column":56}},"315":{"start":{"line":1253,"column":4},"end":{"line":1253,"column":42}},"316":{"start":{"line":1254,"column":4},"end":{"line":1254,"column":37364}},"317":{"start":{"line":1255,"column":6},"end":{"line":1255,"column":46}},"318":{"start":{"line":1256,"column":6},"end":{"line":1256,"column":19}},"319":{"start":{"line":1258,"column":4},"end":{"line":1258,"column":42}},"320":{"start":{"line":1259,"column":4},"end":{"line":1259,"column":68}},"321":{"start":{"line":1261,"column":4},"end":{"line":1261,"column":25}},"322":{"start":{"line":1263,"column":4},"end":{"line":1263,"column":34}},"323":{"start":{"line":1264,"column":4},"end":{"line":1264,"column":49}},"324":{"start":{"line":1265,"column":4},"end":{"line":1265,"column":42}},"325":{"start":{"line":1270,"column":4},"end":{"line":1270,"column":38002}},"326":{"start":{"line":1274,"column":6},"end":{"line":1274,"column":12}},"327":{"start":{"line":1275,"column":4},"end":{"line":1275,"column":36}},"328":{"start":{"line":1276,"column":4},"end":{"line":1276,"column":40}},"329":{"start":{"line":1277,"column":4},"end":{"line":1277,"column":56}},"330":{"start":{"line":1278,"column":4},"end":{"line":1278,"column":42}},"331":{"start":{"line":1279,"column":4},"end":{"line":1279,"column":38327}},"332":{"start":{"line":1280,"column":6},"end":{"line":1280,"column":46}},"333":{"start":{"line":1281,"column":6},"end":{"line":1281,"column":19}},"334":{"start":{"line":1283,"column":4},"end":{"line":1283,"column":38430}},"335":{"start":{"line":1284,"column":6},"end":{"line":1284,"column":15}},"336":{"start":{"line":1285,"column":6},"end":{"line":1285,"column":46}},"337":{"start":{"line":1290,"column":6},"end":{"line":1290,"column":19}},"338":{"start":{"line":1292,"column":6},"end":{"line":1292,"column":44}},"339":{"start":{"line":1294,"column":6},"end":{"line":1294,"column":27}},"340":{"start":{"line":1296,"column":6},"end":{"line":1296,"column":36}},"341":{"start":{"line":1297,"column":6},"end":{"line":1297,"column":51}},"342":{"start":{"line":1298,"column":6},"end":{"line":1298,"column":44}},"343":{"start":{"line":1327,"column":4},"end":{"line":1327,"column":39902}},"344":{"start":{"line":1329,"column":6},"end":{"line":1329,"column":39986}},"345":{"start":{"line":1331,"column":8},"end":{"line":1331,"column":34}},"346":{"start":{"line":1333,"column":8},"end":{"line":1333,"column":35}},"347":{"start":{"line":1334,"column":8},"end":{"line":1334,"column":26}},"348":{"start":{"line":1335,"column":8},"end":{"line":1335,"column":35}},"349":{"start":{"line":1340,"column":8},"end":{"line":1340,"column":69}},"350":{"start":{"line":1341,"column":8},"end":{"line":1341,"column":66}},"351":{"start":{"line":1342,"column":8},"end":{"line":1342,"column":75}},"352":{"start":{"line":1343,"column":8},"end":{"line":1343,"column":45}},"353":{"start":{"line":1344,"column":8},"end":{"line":1344,"column":53}},"354":{"start":{"line":1345,"column":8},"end":{"line":1345,"column":55}},"355":{"start":{"line":1347,"column":8},"end":{"line":1347,"column":40899}},"356":{"start":{"line":1351,"column":8},"end":{"line":1351,"column":69}},"357":{"start":{"line":1352,"column":8},"end":{"line":1352,"column":62}},"358":{"start":{"line":1358,"column":6},"end":{"line":1358,"column":35}},"359":{"start":{"line":1361,"column":4},"end":{"line":1361,"column":40}},"360":{"start":{"line":1381,"column":4},"end":{"line":1381,"column":27}},"361":{"start":{"line":1382,"column":4},"end":{"line":1382,"column":41}},"362":{"start":{"line":1384,"column":4},"end":{"line":1384,"column":31}},"363":{"start":{"line":1388,"column":4},"end":{"line":1388,"column":42488}},"364":{"start":{"line":1389,"column":6},"end":{"line":1389,"column":45}},"365":{"start":{"line":1390,"column":6},"end":{"line":1390,"column":42566}},"366":{"start":{"line":1394,"column":6},"end":{"line":1394,"column":67}},"367":{"start":{"line":1395,"column":6},"end":{"line":1395,"column":60}},"368":{"start":{"line":1404,"column":4},"end":{"line":1404,"column":27}},"369":{"start":{"line":1405,"column":4},"end":{"line":1405,"column":41}},"370":{"start":{"line":1408,"column":4},"end":{"line":1408,"column":45}}},"branchMap":{"1":{"line":100,"type":"if","locations":[{"start":{"line":100,"column":4},"end":{"line":100,"column":4}},{"start":{"line":100,"column":4},"end":{"line":100,"column":4}}]},"2":{"line":107,"type":"if","locations":[{"start":{"line":107,"column":4},"end":{"line":107,"column":4}},{"start":{"line":107,"column":4},"end":{"line":107,"column":4}}]},"3":{"line":112,"type":"if","locations":[{"start":{"line":112,"column":4},"end":{"line":112,"column":4}},{"start":{"line":112,"column":4},"end":{"line":112,"column":4}}]},"4":{"line":169,"type":"if","locations":[{"start":{"line":169,"column":4},"end":{"line":169,"column":4}},{"start":{"line":169,"column":4},"end":{"line":169,"column":4}}]},"5":{"line":170,"type":"if","locations":[{"start":{"line":170,"column":4},"end":{"line":170,"column":4}},{"start":{"line":170,"column":4},"end":{"line":170,"column":4}}]},"6":{"line":198,"type":"if","locations":[{"start":{"line":198,"column":4},"end":{"line":198,"column":4}},{"start":{"line":198,"column":4},"end":{"line":198,"column":4}}]},"7":{"line":200,"type":"if","locations":[{"start":{"line":200,"column":4},"end":{"line":200,"column":4}},{"start":{"line":200,"column":4},"end":{"line":200,"column":4}}]},"8":{"line":201,"type":"if","locations":[{"start":{"line":201,"column":4},"end":{"line":201,"column":4}},{"start":{"line":201,"column":4},"end":{"line":201,"column":4}}]},"9":{"line":202,"type":"if","locations":[{"start":{"line":202,"column":4},"end":{"line":202,"column":4}},{"start":{"line":202,"column":4},"end":{"line":202,"column":4}}]},"10":{"line":209,"type":"if","locations":[{"start":{"line":209,"column":6},"end":{"line":209,"column":6}},{"start":{"line":209,"column":6},"end":{"line":209,"column":6}}]},"11":{"line":210,"type":"if","locations":[{"start":{"line":210,"column":6},"end":{"line":210,"column":6}},{"start":{"line":210,"column":6},"end":{"line":210,"column":6}}]},"12":{"line":211,"type":"if","locations":[{"start":{"line":211,"column":6},"end":{"line":211,"column":6}},{"start":{"line":211,"column":6},"end":{"line":211,"column":6}}]},"13":{"line":225,"type":"if","locations":[{"start":{"line":225,"column":4},"end":{"line":225,"column":4}},{"start":{"line":225,"column":4},"end":{"line":225,"column":4}}]},"14":{"line":255,"type":"if","locations":[{"start":{"line":255,"column":4},"end":{"line":255,"column":4}},{"start":{"line":255,"column":4},"end":{"line":255,"column":4}}]},"15":{"line":256,"type":"if","locations":[{"start":{"line":256,"column":4},"end":{"line":256,"column":4}},{"start":{"line":256,"column":4},"end":{"line":256,"column":4}}]},"16":{"line":282,"type":"if","locations":[{"start":{"line":282,"column":4},"end":{"line":282,"column":4}},{"start":{"line":282,"column":4},"end":{"line":282,"column":4}}]},"17":{"line":305,"type":"if","locations":[{"start":{"line":305,"column":4},"end":{"line":305,"column":4}},{"start":{"line":305,"column":4},"end":{"line":305,"column":4}}]},"18":{"line":321,"type":"if","locations":[{"start":{"line":321,"column":6},"end":{"line":321,"column":6}},{"start":{"line":321,"column":6},"end":{"line":321,"column":6}}]},"19":{"line":326,"type":"if","locations":[{"start":{"line":326,"column":6},"end":{"line":326,"column":6}},{"start":{"line":326,"column":6},"end":{"line":326,"column":6}}]},"20":{"line":334,"type":"if","locations":[{"start":{"line":334,"column":6},"end":{"line":334,"column":6}},{"start":{"line":334,"column":6},"end":{"line":334,"column":6}}]},"21":{"line":335,"type":"if","locations":[{"start":{"line":335,"column":6},"end":{"line":335,"column":6}},{"start":{"line":335,"column":6},"end":{"line":335,"column":6}}]},"22":{"line":358,"type":"if","locations":[{"start":{"line":358,"column":4},"end":{"line":358,"column":4}},{"start":{"line":358,"column":4},"end":{"line":358,"column":4}}]},"23":{"line":359,"type":"if","locations":[{"start":{"line":359,"column":4},"end":{"line":359,"column":4}},{"start":{"line":359,"column":4},"end":{"line":359,"column":4}}]},"24":{"line":381,"type":"if","locations":[{"start":{"line":381,"column":4},"end":{"line":381,"column":4}},{"start":{"line":381,"column":4},"end":{"line":381,"column":4}}]},"25":{"line":382,"type":"if","locations":[{"start":{"line":382,"column":4},"end":{"line":382,"column":4}},{"start":{"line":382,"column":4},"end":{"line":382,"column":4}}]},"26":{"line":386,"type":"if","locations":[{"start":{"line":386,"column":4},"end":{"line":386,"column":4}},{"start":{"line":386,"column":4},"end":{"line":386,"column":4}}]},"27":{"line":387,"type":"if","locations":[{"start":{"line":387,"column":6},"end":{"line":387,"column":6}},{"start":{"line":387,"column":6},"end":{"line":387,"column":6}}]},"28":{"line":397,"type":"if","locations":[{"start":{"line":397,"column":6},"end":{"line":397,"column":6}},{"start":{"line":397,"column":6},"end":{"line":397,"column":6}}]},"29":{"line":398,"type":"if","locations":[{"start":{"line":398,"column":6},"end":{"line":398,"column":6}},{"start":{"line":398,"column":6},"end":{"line":398,"column":6}}]},"30":{"line":426,"type":"if","locations":[{"start":{"line":426,"column":4},"end":{"line":426,"column":4}},{"start":{"line":426,"column":4},"end":{"line":426,"column":4}}]},"31":{"line":428,"type":"if","locations":[{"start":{"line":428,"column":4},"end":{"line":428,"column":4}},{"start":{"line":428,"column":4},"end":{"line":428,"column":4}}]},"32":{"line":443,"type":"if","locations":[{"start":{"line":443,"column":4},"end":{"line":443,"column":4}},{"start":{"line":443,"column":4},"end":{"line":443,"column":4}}]},"33":{"line":444,"type":"if","locations":[{"start":{"line":444,"column":6},"end":{"line":444,"column":6}},{"start":{"line":444,"column":6},"end":{"line":444,"column":6}}]},"34":{"line":450,"type":"if","locations":[{"start":{"line":450,"column":4},"end":{"line":450,"column":4}},{"start":{"line":450,"column":4},"end":{"line":450,"column":4}}]},"35":{"line":480,"type":"if","locations":[{"start":{"line":480,"column":4},"end":{"line":480,"column":4}},{"start":{"line":480,"column":4},"end":{"line":480,"column":4}}]},"36":{"line":481,"type":"if","locations":[{"start":{"line":481,"column":6},"end":{"line":481,"column":6}},{"start":{"line":481,"column":6},"end":{"line":481,"column":6}}]},"37":{"line":498,"type":"if","locations":[{"start":{"line":498,"column":4},"end":{"line":498,"column":4}},{"start":{"line":498,"column":4},"end":{"line":498,"column":4}}]},"38":{"line":499,"type":"if","locations":[{"start":{"line":499,"column":4},"end":{"line":499,"column":4}},{"start":{"line":499,"column":4},"end":{"line":499,"column":4}}]},"39":{"line":501,"type":"if","locations":[{"start":{"line":501,"column":4},"end":{"line":501,"column":4}},{"start":{"line":501,"column":4},"end":{"line":501,"column":4}}]},"40":{"line":532,"type":"if","locations":[{"start":{"line":532,"column":4},"end":{"line":532,"column":4}},{"start":{"line":532,"column":4},"end":{"line":532,"column":4}}]},"41":{"line":537,"type":"if","locations":[{"start":{"line":537,"column":4},"end":{"line":537,"column":4}},{"start":{"line":537,"column":4},"end":{"line":537,"column":4}}]},"42":{"line":541,"type":"if","locations":[{"start":{"line":541,"column":6},"end":{"line":541,"column":6}},{"start":{"line":541,"column":6},"end":{"line":541,"column":6}}]},"43":{"line":543,"type":"if","locations":[{"start":{"line":543,"column":8},"end":{"line":543,"column":8}},{"start":{"line":543,"column":8},"end":{"line":543,"column":8}}]},"44":{"line":544,"type":"if","locations":[{"start":{"line":544,"column":8},"end":{"line":544,"column":8}},{"start":{"line":544,"column":8},"end":{"line":544,"column":8}}]},"45":{"line":551,"type":"if","locations":[{"start":{"line":551,"column":8},"end":{"line":551,"column":8}},{"start":{"line":551,"column":8},"end":{"line":551,"column":8}}]},"46":{"line":583,"type":"if","locations":[{"start":{"line":583,"column":4},"end":{"line":583,"column":4}},{"start":{"line":583,"column":4},"end":{"line":583,"column":4}}]},"47":{"line":585,"type":"if","locations":[{"start":{"line":585,"column":4},"end":{"line":585,"column":4}},{"start":{"line":585,"column":4},"end":{"line":585,"column":4}}]},"48":{"line":621,"type":"if","locations":[{"start":{"line":621,"column":4},"end":{"line":621,"column":4}},{"start":{"line":621,"column":4},"end":{"line":621,"column":4}}]},"49":{"line":635,"type":"if","locations":[{"start":{"line":635,"column":4},"end":{"line":635,"column":4}},{"start":{"line":635,"column":4},"end":{"line":635,"column":4}}]},"50":{"line":636,"type":"if","locations":[{"start":{"line":636,"column":4},"end":{"line":636,"column":4}},{"start":{"line":636,"column":4},"end":{"line":636,"column":4}}]},"51":{"line":663,"type":"if","locations":[{"start":{"line":663,"column":4},"end":{"line":663,"column":4}},{"start":{"line":663,"column":4},"end":{"line":663,"column":4}}]},"52":{"line":664,"type":"if","locations":[{"start":{"line":664,"column":6},"end":{"line":664,"column":6}},{"start":{"line":664,"column":6},"end":{"line":664,"column":6}}]},"53":{"line":695,"type":"if","locations":[{"start":{"line":695,"column":4},"end":{"line":695,"column":4}},{"start":{"line":695,"column":4},"end":{"line":695,"column":4}}]},"54":{"line":697,"type":"if","locations":[{"start":{"line":697,"column":4},"end":{"line":697,"column":4}},{"start":{"line":697,"column":4},"end":{"line":697,"column":4}}]},"55":{"line":703,"type":"if","locations":[{"start":{"line":703,"column":4},"end":{"line":703,"column":4}},{"start":{"line":703,"column":4},"end":{"line":703,"column":4}}]},"56":{"line":710,"type":"if","locations":[{"start":{"line":710,"column":4},"end":{"line":710,"column":4}},{"start":{"line":710,"column":4},"end":{"line":710,"column":4}}]},"57":{"line":712,"type":"if","locations":[{"start":{"line":712,"column":6},"end":{"line":712,"column":6}},{"start":{"line":712,"column":6},"end":{"line":712,"column":6}}]},"58":{"line":743,"type":"if","locations":[{"start":{"line":743,"column":4},"end":{"line":743,"column":4}},{"start":{"line":743,"column":4},"end":{"line":743,"column":4}}]},"59":{"line":755,"type":"if","locations":[{"start":{"line":755,"column":4},"end":{"line":755,"column":4}},{"start":{"line":755,"column":4},"end":{"line":755,"column":4}}]},"60":{"line":766,"type":"if","locations":[{"start":{"line":766,"column":4},"end":{"line":766,"column":4}},{"start":{"line":766,"column":4},"end":{"line":766,"column":4}}]},"61":{"line":773,"type":"if","locations":[{"start":{"line":773,"column":4},"end":{"line":773,"column":4}},{"start":{"line":773,"column":4},"end":{"line":773,"column":4}}]},"62":{"line":791,"type":"if","locations":[{"start":{"line":791,"column":4},"end":{"line":791,"column":4}},{"start":{"line":791,"column":4},"end":{"line":791,"column":4}}]},"63":{"line":792,"type":"if","locations":[{"start":{"line":792,"column":4},"end":{"line":792,"column":4}},{"start":{"line":792,"column":4},"end":{"line":792,"column":4}}]},"64":{"line":793,"type":"if","locations":[{"start":{"line":793,"column":4},"end":{"line":793,"column":4}},{"start":{"line":793,"column":4},"end":{"line":793,"column":4}}]},"65":{"line":824,"type":"if","locations":[{"start":{"line":824,"column":4},"end":{"line":824,"column":4}},{"start":{"line":824,"column":4},"end":{"line":824,"column":4}}]},"66":{"line":836,"type":"if","locations":[{"start":{"line":836,"column":4},"end":{"line":836,"column":4}},{"start":{"line":836,"column":4},"end":{"line":836,"column":4}}]},"67":{"line":847,"type":"if","locations":[{"start":{"line":847,"column":4},"end":{"line":847,"column":4}},{"start":{"line":847,"column":4},"end":{"line":847,"column":4}}]},"68":{"line":855,"type":"if","locations":[{"start":{"line":855,"column":4},"end":{"line":855,"column":4}},{"start":{"line":855,"column":4},"end":{"line":855,"column":4}}]},"69":{"line":873,"type":"if","locations":[{"start":{"line":873,"column":4},"end":{"line":873,"column":4}},{"start":{"line":873,"column":4},"end":{"line":873,"column":4}}]},"70":{"line":874,"type":"if","locations":[{"start":{"line":874,"column":4},"end":{"line":874,"column":4}},{"start":{"line":874,"column":4},"end":{"line":874,"column":4}}]},"71":{"line":875,"type":"if","locations":[{"start":{"line":875,"column":4},"end":{"line":875,"column":4}},{"start":{"line":875,"column":4},"end":{"line":875,"column":4}}]},"72":{"line":956,"type":"if","locations":[{"start":{"line":956,"column":6},"end":{"line":956,"column":6}},{"start":{"line":956,"column":6},"end":{"line":956,"column":6}}]},"73":{"line":971,"type":"if","locations":[{"start":{"line":971,"column":4},"end":{"line":971,"column":4}},{"start":{"line":971,"column":4},"end":{"line":971,"column":4}}]},"74":{"line":984,"type":"if","locations":[{"start":{"line":984,"column":4},"end":{"line":984,"column":4}},{"start":{"line":984,"column":4},"end":{"line":984,"column":4}}]},"75":{"line":1003,"type":"if","locations":[{"start":{"line":1003,"column":6},"end":{"line":1003,"column":6}},{"start":{"line":1003,"column":6},"end":{"line":1003,"column":6}}]},"76":{"line":1010,"type":"if","locations":[{"start":{"line":1010,"column":4},"end":{"line":1010,"column":4}},{"start":{"line":1010,"column":4},"end":{"line":1010,"column":4}}]},"77":{"line":1033,"type":"if","locations":[{"start":{"line":1033,"column":4},"end":{"line":1033,"column":4}},{"start":{"line":1033,"column":4},"end":{"line":1033,"column":4}}]},"78":{"line":1047,"type":"if","locations":[{"start":{"line":1047,"column":4},"end":{"line":1047,"column":4}},{"start":{"line":1047,"column":4},"end":{"line":1047,"column":4}}]},"79":{"line":1048,"type":"if","locations":[{"start":{"line":1048,"column":4},"end":{"line":1048,"column":4}},{"start":{"line":1048,"column":4},"end":{"line":1048,"column":4}}]},"80":{"line":1063,"type":"if","locations":[{"start":{"line":1063,"column":4},"end":{"line":1063,"column":4}},{"start":{"line":1063,"column":4},"end":{"line":1063,"column":4}}]},"81":{"line":1064,"type":"if","locations":[{"start":{"line":1064,"column":4},"end":{"line":1064,"column":4}},{"start":{"line":1064,"column":4},"end":{"line":1064,"column":4}}]},"82":{"line":1127,"type":"if","locations":[{"start":{"line":1127,"column":4},"end":{"line":1127,"column":4}},{"start":{"line":1127,"column":4},"end":{"line":1127,"column":4}}]},"83":{"line":1145,"type":"if","locations":[{"start":{"line":1145,"column":4},"end":{"line":1145,"column":4}},{"start":{"line":1145,"column":4},"end":{"line":1145,"column":4}}]},"84":{"line":1168,"type":"if","locations":[{"start":{"line":1168,"column":4},"end":{"line":1168,"column":4}},{"start":{"line":1168,"column":4},"end":{"line":1168,"column":4}}]},"85":{"line":1170,"type":"if","locations":[{"start":{"line":1170,"column":4},"end":{"line":1170,"column":4}},{"start":{"line":1170,"column":4},"end":{"line":1170,"column":4}}]},"86":{"line":1171,"type":"if","locations":[{"start":{"line":1171,"column":4},"end":{"line":1171,"column":4}},{"start":{"line":1171,"column":4},"end":{"line":1171,"column":4}}]},"87":{"line":1172,"type":"if","locations":[{"start":{"line":1172,"column":4},"end":{"line":1172,"column":4}},{"start":{"line":1172,"column":4},"end":{"line":1172,"column":4}}]},"88":{"line":1207,"type":"if","locations":[{"start":{"line":1207,"column":4},"end":{"line":1207,"column":4}},{"start":{"line":1207,"column":4},"end":{"line":1207,"column":4}}]},"89":{"line":1229,"type":"if","locations":[{"start":{"line":1229,"column":4},"end":{"line":1229,"column":4}},{"start":{"line":1229,"column":4},"end":{"line":1229,"column":4}}]},"90":{"line":1232,"type":"if","locations":[{"start":{"line":1232,"column":4},"end":{"line":1232,"column":4}},{"start":{"line":1232,"column":4},"end":{"line":1232,"column":4}}]},"91":{"line":1236,"type":"if","locations":[{"start":{"line":1236,"column":4},"end":{"line":1236,"column":4}},{"start":{"line":1236,"column":4},"end":{"line":1236,"column":4}}]},"92":{"line":1245,"type":"if","locations":[{"start":{"line":1245,"column":4},"end":{"line":1245,"column":4}},{"start":{"line":1245,"column":4},"end":{"line":1245,"column":4}}]},"93":{"line":1254,"type":"if","locations":[{"start":{"line":1254,"column":4},"end":{"line":1254,"column":4}},{"start":{"line":1254,"column":4},"end":{"line":1254,"column":4}}]},"94":{"line":1259,"type":"if","locations":[{"start":{"line":1259,"column":4},"end":{"line":1259,"column":4}},{"start":{"line":1259,"column":4},"end":{"line":1259,"column":4}}]},"95":{"line":1270,"type":"if","locations":[{"start":{"line":1270,"column":4},"end":{"line":1270,"column":4}},{"start":{"line":1270,"column":4},"end":{"line":1270,"column":4}}]},"96":{"line":1279,"type":"if","locations":[{"start":{"line":1279,"column":4},"end":{"line":1279,"column":4}},{"start":{"line":1279,"column":4},"end":{"line":1279,"column":4}}]},"97":{"line":1283,"type":"if","locations":[{"start":{"line":1283,"column":4},"end":{"line":1283,"column":4}},{"start":{"line":1283,"column":4},"end":{"line":1283,"column":4}}]},"98":{"line":1327,"type":"if","locations":[{"start":{"line":1327,"column":4},"end":{"line":1327,"column":4}},{"start":{"line":1327,"column":4},"end":{"line":1327,"column":4}}]},"99":{"line":1329,"type":"if","locations":[{"start":{"line":1329,"column":6},"end":{"line":1329,"c
[...]
art":{"line":423,"column":2},"end":{"line":446,"column":2}}},"16":{"name":"_getAverageValues","line":448,"loc":{"start":{"line":448,"column":2},"end":{"line":467,"column":2}}},"17":{"name":"_getAveragePrices","line":469,"loc":{"start":{"line":469,"column":2},"end":{"line":483,"column":2}}},"18":{"name":"_maximumPaidValue","line":485,"loc":{"start":{"line":485,"column":2},"end":{"line":491,"column":2}}},"19":{"name":"_minimumReceivedValue","line":494,"loc":{"start":{"line":494,"column":2},"end":{"line":500,"column":2}}}},"statementMap":{"1":{"start":{"line":91,"column":4},"end":{"line":91,"column":59}},"2":{"start":{"line":96,"column":4},"end":{"line":96,"column":34}},"3":{"start":{"line":97,"column":4},"end":{"line":97,"column":16}},"4":{"start":{"line":99,"column":4},"end":{"line":99,"column":17}},"5":{"start":{"line":103,"column":4},"end":{"line":103,"column":60}},"6":{"start":{"line":104,"column":4},"end":{"line":104,"column":59}},"7":{"start":{"line":115,"column":4},"end":{"line":115,"column":33}},"8":{"start":{"line":116,"column":4},"end":{"line":116,"column":19}},"9":{"start":{"line":117,"column":4},"end":{"line":117,"column":27}},"10":{"start":{"line":128,"column":4},"end":{"line":128,"column":59}},"11":{"start":{"line":129,"column":4},"end":{"line":129,"column":59}},"12":{"start":{"line":130,"column":4},"end":{"line":130,"column":3889}},"13":{"start":{"line":134,"column":4},"end":{"line":134,"column":35}},"14":{"start":{"line":135,"column":4},"end":{"line":135,"column":15}},"15":{"start":{"line":146,"column":4},"end":{"line":146,"column":57}},"16":{"start":{"line":147,"column":4},"end":{"line":147,"column":39}},"17":{"start":{"line":154,"column":4},"end":{"line":154,"column":4442}},"18":{"start":{"line":158,"column":4},"end":{"line":158,"column":35}},"19":{"start":{"line":159,"column":4},"end":{"line":159,"column":42}},"20":{"start":{"line":187,"column":4},"end":{"line":187,"column":70}},"21":{"start":{"line":189,"column":4},"end":{"line":189,"column":68}},"22":{"start":{"line":192,"column":4},"end":{"line":192,"column":5780}},"23":{"start":{"line":197,"column":4},"end":{"line":197,"column":5913}},"24":{"start":{"line":205,"column":4},"end":{"line":205,"column":33}},"25":{"start":{"line":207,"column":4},"end":{"line":207,"column":6229}},"26":{"start":{"line":208,"column":6},"end":{"line":208,"column":60}},"27":{"start":{"line":209,"column":6},"end":{"line":209,"column":49}},"28":{"start":{"line":212,"column":6},"end":{"line":212,"column":66}},"29":{"start":{"line":216,"column":4},"end":{"line":216,"column":23}},"30":{"start":{"line":217,"column":4},"end":{"line":217,"column":6657}},"31":{"start":{"line":248,"column":4},"end":{"line":248,"column":70}},"32":{"start":{"line":250,"column":4},"end":{"line":250,"column":65}},"33":{"start":{"line":253,"column":4},"end":{"line":253,"column":7856}},"34":{"start":{"line":258,"column":4},"end":{"line":258,"column":7989}},"35":{"start":{"line":267,"column":4},"end":{"line":267,"column":51}},"36":{"start":{"line":268,"column":4},"end":{"line":268,"column":8252}},"37":{"start":{"line":271,"column":6},"end":{"line":271,"column":51}},"38":{"start":{"line":272,"column":6},"end":{"line":272,"column":67}},"39":{"start":{"line":275,"column":4},"end":{"line":275,"column":62}},"40":{"start":{"line":277,"column":4},"end":{"line":277,"column":23}},"41":{"start":{"line":278,"column":4},"end":{"line":278,"column":8718}},"42":{"start":{"line":305,"column":4},"end":{"line":305,"column":58}},"43":{"start":{"line":307,"column":4},"end":{"line":307,"column":59}},"44":{"start":{"line":309,"column":4},"end":{"line":309,"column":73}},"45":{"start":{"line":310,"column":4},"end":{"line":310,"column":22}},"46":{"start":{"line":312,"column":4},"end":{"line":312,"column":55}},"47":{"start":{"line":313,"column":4},"end":{"line":313,"column":9765}},"48":{"start":{"line":340,"column":4},"end":{"line":340,"column":58}},"49":{"start":{"line":341,"column":4},"end":{"line":341,"column":56}},"50":{"start":{"line":343,"column":4},"end":{"line":343,"column":73}},"51":{"start":{"line":344,"column":4},"end":{"line":344,"column":22}},"52":{"start":{"line":346,"column":4},"end":{"line":346,"column":55}},"53":{"start":{"line":347,"column":4},"end":{"line":347,"column":10749}},"54":{"start":{"line":358,"column":4},"end":{"line":358,"column":26}},"55":{"start":{"line":375,"column":4},"end":{"line":375,"column":11260}},"56":{"start":{"line":379,"column":4},"end":{"line":379,"column":11415}},"57":{"start":{"line":384,"column":4},"end":{"line":384,"column":75}},"58":{"start":{"line":386,"column":4},"end":{"line":386,"column":59}},"59":{"start":{"line":388,"column":4},"end":{"line":388,"column":63}},"60":{"start":{"line":405,"column":4},"end":{"line":405,"column":12283}},"61":{"start":{"line":410,"column":4},"end":{"line":410,"column":72}},"62":{"start":{"line":412,"column":4},"end":{"line":412,"column":55}},"63":{"start":{"line":414,"column":4},"end":{"line":414,"column":66}},"64":{"start":{"line":415,"column":4},"end":{"line":415,"column":12814}},"65":{"start":{"line":434,"column":4},"end":{"line":434,"column":13264}},"66":{"start":{"line":441,"column":4},"end":{"line":441,"column":66}},"67":{"start":{"line":442,"column":4},"end":{"line":442,"column":68}},"68":{"start":{"line":444,"column":4},"end":{"line":444,"column":94}},"69":{"start":{"line":445,"column":4},"end":{"line":445,"column":42}},"70":{"start":{"line":458,"column":4},"end":{"line":458,"column":46}},"71":{"start":{"line":459,"column":4},"end":{"line":459,"column":21}},"72":{"start":{"line":460,"column":4},"end":{"line":460,"column":21}},"73":{"start":{"line":461,"column":4},"end":{"line":461,"column":47}},"74":{"start":{"line":462,"column":4},"end":{"line":462,"column":23}},"75":{"start":{"line":463,"column":4},"end":{"line":463,"column":23}},"76":{"start":{"line":464,"column":4},"end":{"line":464,"column":82}},"77":{"start":{"line":465,"column":4},"end":{"line":465,"column":27}},"78":{"start":{"line":466,"column":4},"end":{"line":466,"column":27}},"79":{"start":{"line":477,"column":4},"end":{"line":477,"column":46}},"80":{"start":{"line":478,"column":4},"end":{"line":478,"column":21}},"81":{"start":{"line":479,"column":4},"end":{"line":479,"column":21}},"82":{"start":{"line":480,"column":4},"end":{"line":480,"column":90}},"83":{"start":{"line":481,"column":4},"end":{"line":481,"column":24}},"84":{"start":{"line":482,"column":4},"end":{"line":482,"column":24}},"85":{"start":{"line":490,"column":4},"end":{"line":490,"column":65}},"86":{"start":{"line":499,"column":4},"end":{"line":499,"column":65}}},"branchMap":{"1":{"line":91,"type":"if","locations":[{"start":{"line":91,"column":4},"end":{"line":91,"column":4}},{"start":{"line":91,"column":4},"end":{"line":91,"column":4}}]},"2":{"line":96,"type":"if","locations":[{"start":{"line":96,"column":4},"end":{"line":96,"column":4}},{"start":{"line":96,"column":4},"end":{"line":96,"column":4}}]},"3":{"line":104,"type":"if","locations":[{"start":{"line":104,"column":4},"end":{"line":104,"column":4}},{"start":{"line":104,"column":4},"end":{"line":104,"column":4}}]},"4":{"line":128,"type":"if","locations":[{"start":{"line":128,"column":4},"end":{"line":128,"column":4}},{"start":{"line":128,"column":4},"end":{"line":128,"column":4}}]},"5":{"line":129,"type":"if","locations":[{"start":{"line":129,"column":4},"end":{"line":129,"column":4}},{"start":{"line":129,"column":4},"end":{"line":129,"column":4}}]},"6":{"line":130,"type":"if","locations":[{"start":{"line":130,"column":4},"end":{"line":130,"column":4}},{"start":{"line":130,"column":4},"end":{"line":130,"column":4}}]},"7":{"line":146,"type":"if","locations":[{"start":{"line":146,"column":4},"end":{"line":146,"column":4}},{"start":{"line":146,"column":4},"end":{"line":146,"column":4}}]},"8":{"line":154,"type":"if","locations":[{"start":{"line":154,"column":4},"end":{"line":154,"column":4}},{"start":{"line":154,"column":4},"end":{"line":154,"column":4}}]},"9":{"line":192,"type":"if","locations":[{"start":{"line":192,"column":4},"end":{"line":192,"column":4}},{"start":{"line":192,"column":4},"end":{"line":192,"column":4}}]},"10":{"line":207,"type":"if","locations":[{"start":{"line":207,"column":4},"end":{"line":207,"column":4}},{"start":{"line":207,"column":4},"end":{"line":207,"column":4}}]},"11":{"line":253,"type":"if","locations":[{"start":{"line":253,"column":4},"end":{"line":253,"column":4}},{"start":{"line":253,"column":4},"end":{"line":253,"column":4}}]},"12":{"line":268,"type":"if","locations":[{"start":{"line":268,"column":4},"end":{"line":268,"column":4}},{"start":{"line":268,"column":4},"end":{"line":268,"column":4}}]},"13":{"line":307,"type":"if","locations":[{"start":{"line":307,"column":4},"end":{"line":307,"column":4}},{"start":{"line":307,"column":4},"end":{"line":307,"column":4}}]},"14":{"line":341,"type":"if","locations":[{"start":{"line":341,"column":4},"end":{"line":341,"column":4}},{"start":{"line":341,"column":4},"end":{"line":341,"column":4}}]},"15":{"line":375,"type":"if","locations":[{"start":{"line":375,"column":4},"end":{"line":375,"column":4}},{"start":{"line":375,"column":4},"end":{"line":375,"column":4}}]},"16":{"line":415,"type":"if","locations":[{"start":{"line":415,"column":4},"end":{"line":415,"column":4}},{"start":{"line":415,"column":4},"end":{"line":415,"column":4}}]},"17":{"line":442,"type":"if","locations":[{"start":{"line":442,"column":4},"end":{"line":442,"column":4}},{"start":{"line":442,"column":4},"end":{"line":442,"column":4}}]}}},
"contracts/UniSwapV2PriceOracle.sol":{"l":{"69":6,"70":6,"71":6,"72":6,"73":6,"88":26,"91":26,"93":26,"94":26,"96":0,"99":26,"100":26,"101":26,"103":0,"105":26,"106":26,"107":26,"121":5,"122":5,"123":22,"140":1,"147":90,"151":0,"154":0,"156":0,"157":0,"159":0,"161":0,"174":37,"175":36,"186":0,"187":0,"202":6,"203":6,"204":6,"205":6,"206":28,"223":0,"224":0,"225":0,"226":0,"227":0,"246":37,"248":37,"253":36,"269":0,"271":0,"276":0,"292":26,"294":26,"299":26,"311":0,"312":0,"313":0,"314":0,"327":0,"328":0,"329":0,"330":0,"347":10,"348":10,"349":10,"350":26,"368":63,"369":63,"372":63,"373":0,"374":0,"378":0,"382":63,"383":63,"384":63,"387":62,"390":1,"391":1,"392":1},"path":"/home/daniel/Development/github.com/cleanunicorn/audit-indexed-finance-2020-10/code/contracts/UniSwapV2PriceOracle.sol","s":{"1":6,"2":6,"3":6,"4":6,"5":6,"6":26,"7":26,"8":26,"9":26,"10":0,"11":26,"12":26,"13":26,"14":0,"15":26,"16":26,"17":26,"18":5,"19":5,"20":22,"21":1,"22":90,"23":0,"24":0,"25":0,"26":0,"27":0,"28":0,"29":37,"30":36,"31":0,"32":0,"33":6,"34":6,"35":6,"36":6,"37":28,"38":0,"39":0,"40":0,"41":0,"42":0,"43":37,"44":37,"45":36,"46":0,"47":0,"48":0,"49":26,"50":26,"51":26,"52":0,"53":0,"54":0,"55":0,"56":0,"57":0,"58":0,"59":0,"60":10,"61":10,"62":10,"63":26,"64":63,"65":63,"66":63,"67":0,"68":0,"69":0,"70":63,"71":63,"72":63,"73":62,"74":1,"75":1,"76":1},"b":{"1":[0,26],"2":[0,26],"3":[0,0],"4":[6,0],"5":[0,0],"6":[0,63],"7":[0,0],"8":[62,1],"9":[0,1]},"f":{"1":6,"2":26,"3":5,"4":1,"5":90,"6":0,"7":37,"8":0,"9":6,"10":0,"11":37,"12":0,"13":26,"14":0,"15":0,"16":10,"17":63},"fnMap":{"1":{"name":"constructor","line":64,"loc":{"start":{"line":64,"column":2},"end":{"line":74,"column":2}}},"2":{"name":"updatePrice","line":87,"loc":{"start":{"line":87,"column":2},"end":{"line":108,"column":2}}},"3":{"name":"updatePrices","line":117,"loc":{"start":{"line":117,"column":2},"end":{"line":125,"column":2}}},"4":{"name":"getPriceObservation","line":135,"loc":{"start":{"line":135,"column":2},"end":{"line":141,"column":2}}},"5":{"name":"observationIndexOf","line":146,"loc":{"start":{"line":146,"column":2},"end":{"line":148,"column":2}}},"6":{"name":"canUpdatePrice","line":150,"loc":{"start":{"line":150,"column":2},"end":{"line":162,"column":2}}},"7":{"name":"computeAverageAmountOut","line":169,"loc":{"start":{"line":169,"column":2},"end":{"line":176,"column":2}}},"8":{"name":"computeAverageAmountIn","line":181,"loc":{"start":{"line":181,"column":2},"end":{"line":188,"column":2}}},"9":{"name":"computeAverageAmountsOut","line":194,"loc":{"start":{"line":194,"column":2},"end":{"line":208,"column":2}}},"10":{"name":"computeAverageAmountsIn","line":215,"loc":{"start":{"line":215,"column":2},"end":{"line":229,"column":2}}},"11":{"name":"computeAverageTokenPrice","line":240,"loc":{"start":{"line":240,"column":2},"end":{"line":254,"column":2}}},"12":{"name":"computeAverageEthPrice","line":263,"loc":{"start":{"line":263,"column":2},"end":{"line":277,"column":2}}},"13":{"name":"computeTwoWayAveragePrice","line":286,"loc":{"start":{"line":286,"column":2},"end":{"line":300,"column":2}}},"14":{"name":"computeAverageTokenPrices","line":306,"loc":{"start":{"line":306,"column":2},"end":{"line":316,"column":2}}},"15":{"name":"computeAverageEthPrices","line":322,"loc":{"start":{"line":322,"column":2},"end":{"line":332,"column":2}}},"16":{"name":"computeTwoWayAveragePrices","line":342,"loc":{"start":{"line":342,"column":2},"end":{"line":352,"column":2}}},"17":{"name":"_getLatestUsableObservation","line":363,"loc":{"start":{"line":363,"column":2},"end":{"line":396,"column":2}}}},"statementMap":{"1":{"start":{"line":69,"column":4},"end":{"line":69,"column":35}},"2":{"start":{"line":70,"column":4},"end":{"line":70,"column":15}},"3":{"start":{"line":71,"column":4},"end":{"line":71,"column":41}},"4":{"start":{"line":72,"column":4},"end":{"line":72,"column":52}},"5":{"start":{"line":73,"column":4},"end":{"line":73,"column":50}},"6":{"start":{"line":88,"column":4},"end":{"line":88,"column":84}},"7":{"start":{"line":91,"column":4},"end":{"line":91,"column":65}},"8":{"start":{"line":93,"column":4},"end":{"line":93,"column":89}},"9":{"start":{"line":94,"column":4},"end":{"line":94,"column":3219}},"10":{"start":{"line":96,"column":6},"end":{"line":96,"column":18}},"11":{"start":{"line":99,"column":4},"end":{"line":99,"column":93}},"12":{"start":{"line":100,"column":4},"end":{"line":100,"column":61}},"13":{"start":{"line":101,"column":4},"end":{"line":101,"column":3519}},"14":{"start":{"line":103,"column":6},"end":{"line":103,"column":18}},"15":{"start":{"line":105,"column":4},"end":{"line":105,"column":53}},"16":{"start":{"line":106,"column":4},"end":{"line":106,"column":54}},"17":{"start":{"line":107,"column":4},"end":{"line":107,"column":15}},"18":{"start":{"line":121,"column":4},"end":{"line":121,"column":38}},"19":{"start":{"line":122,"column":4},"end":{"line":122,"column":4199}},"20":{"start":{"line":123,"column":6},"end":{"line":123,"column":40}},"21":{"start":{"line":140,"column":4},"end":{"line":140,"column":54}},"22":{"start":{"line":147,"column":4},"end":{"line":147,"column":41}},"23":{"start":{"line":151,"column":4},"end":{"line":151,"column":84}},"24":{"start":{"line":154,"column":4},"end":{"line":154,"column":65}},"25":{"start":{"line":156,"column":4},"end":{"line":156,"column":5389}},"26":{"start":{"line":157,"column":6},"end":{"line":157,"column":18}},"27":{"start":{"line":159,"column":4},"end":{"line":159,"column":5607}},"28":{"start":{"line":161,"column":4},"end":{"line":161,"column":51}},"29":{"start":{"line":174,"column":4},"end":{"line":174,"column":78}},"30":{"start":{"line":175,"column":4},"end":{"line":175,"column":49}},"31":{"start":{"line":186,"column":4},"end":{"line":186,"column":76}},"32":{"start":{"line":187,"column":4},"end":{"line":187,"column":50}},"33":{"start":{"line":202,"column":4},"end":{"line":202,"column":31}},"34":{"start":{"line":203,"column":4},"end":{"line":203,"column":50}},"35":{"start":{"line":204,"column":4},"end":{"line":204,"column":34}},"36":{"start":{"line":205,"column":4},"end":{"line":205,"column":6863}},"37":{"start":{"line":206,"column":6},"end":{"line":206,"column":69}},"38":{"start":{"line":223,"column":4},"end":{"line":223,"column":31}},"39":{"start":{"line":224,"column":4},"end":{"line":224,"column":51}},"40":{"start":{"line":225,"column":4},"end":{"line":225,"column":33}},"41":{"start":{"line":226,"column":4},"end":{"line":226,"column":7423}},"42":{"start":{"line":227,"column":6},"end":{"line":227,"column":68}},"43":{"start":{"line":246,"column":4},"end":{"line":246,"column":87}},"44":{"start":{"line":248,"column":4},"end":{"line":248,"column":8087}},"45":{"start":{"line":253,"column":4},"end":{"line":253,"column":53}},"46":{"start":{"line":269,"column":4},"end":{"line":269,"column":87}},"47":{"start":{"line":271,"column":4},"end":{"line":271,"column":8775}},"48":{"start":{"line":276,"column":4},"end":{"line":276,"column":51}},"49":{"start":{"line":292,"column":4},"end":{"line":292,"column":87}},"50":{"start":{"line":294,"column":4},"end":{"line":294,"column":9515}},"51":{"start":{"line":299,"column":4},"end":{"line":299,"column":54}},"52":{"start":{"line":311,"column":4},"end":{"line":311,"column":31}},"53":{"start":{"line":312,"column":4},"end":{"line":312,"column":50}},"54":{"start":{"line":313,"column":4},"end":{"line":313,"column":10057}},"55":{"start":{"line":314,"column":6},"end":{"line":314,"column":59}},"56":{"start":{"line":327,"column":4},"end":{"line":327,"column":31}},"57":{"start":{"line":328,"column":4},"end":{"line":328,"column":50}},"58":{"start":{"line":329,"column":4},"end":{"line":329,"column":10530}},"59":{"start":{"line":330,"column":6},"end":{"line":330,"column":57}},"60":{"start":{"line":347,"column":4},"end":{"line":347,"column":31}},"61":{"start":{"line":348,"column":4},"end":{"line":348,"column":55}},"62":{"start":{"line":349,"column":4},"end":{"line":349,"column":11181}},"63":{"start":{"line":350,"column":6},"end":{"line":350,"column":60}},"64":{"start":{"line":368,"column":4},"end":{"line":368,"column":60}},"65":{"start":{"line":369,"column":4},"end":{"line":369,"column":62}},"66":{"start":{"line":372,"column":4},"end":{"line":372,"column":12047}},"67":{"start":{"line":373,"column":6},"end":{"line":373,"column":62}},"68":{"start":{"line":374,"column":6},"end":{"line":374,"column":12174}},"69":{"start":{"line":378,"column":8},"end":{"line":378,"column":26}},"70":{"start":{"line":382,"column":4},"end":{"line":382,"column":64}},"71":{"start":{"line":383,"column":4},"end":{"line":383,"column":59}},"72":{"start":{"line":384,"column":4},"end":{"line":384,"column":12523}},"73":{"start":{"line":387,"column":6},"end":{"line":387,"column":24}},"74":{"start":{"line":390,"column":4},"end":{"line":390,"column":64}},"75":{"start":{"line":391,"column":4},"end":{"line":391,"column":50}},"76":{"start":{"line":392,"column":4},"end":{"line":392,"column":12818}}},"branchMap":{"1":{"line":94,"type":"if","locations":[{"start":{"line":94,"column":4},"end":{"line":94,"column":4}},{"start":{"line":94,"column":4},"end":{"line":94,"column":4}}]},"2":{"line":101,"type":"if","locations":[{"start":{"line":101,"column":4},"end":{"line":101,"column":4}},{"start":{"line":101,"column":4},"end":{"line":101,"column":4}}]},"3":{"line":156,"type":"if","locations":[{"start":{"line":156,"column":4},"end":{"line":156,"column":4}},{"start":{"line":156,"column":4},"end":{"line":156,"column":4}}]},"4":{"line":203,"type":"if","locations":[{"start":{"line":203,"column":4},"end":{"line":203,"column":4}},{"start":{"line":203,"column":4},"end":{"line":203,"column":4}}]},"5":{"line":224,"type":"if","locations":[{"start":{"line":224,"column":4},"end":{"line":224,"column":4}},{"start":{"line":224,"column":4},"end":{"line":224,"column":4}}]},"6":{"line":372,"type":"if","locations":[{"start":{"line":372,"column":4},"end":{"line":372,"column":4}},{"start":{"line":372,"column":4},"end":{"line":372,"column":4}}]},"7":{"line":374,"type":"if","locations":[{"start":{"line":374,"column":6},"end":{"line":374,"column":6}},{"start":{"line":374,"column":6},"end":{"line":374,"column":6}}]},"8":{"line":384,"type":"if","locations":[{"start":{"line":384,"column":4},"end":{"line":384,"column":4}},{"start":{"line":384,"column":4},"end":{"line":384,"column":4}}]},"9":{"line":392,"type":"if","locations":[{"start":{"line":392,"column":4},"end":{"line":392,"column":4}},{"start":{"line":392,"column":4},"end":{"line":392,"column":4}}]}}}}
