TN:
SF:/home/daniel/Development/github.com/cleanunicorn/audit-indexed-finance-2020-10/code/contracts/balancer/BConst.sol
FNF:0
FNH:0
LF:0
LH:0
BRF:0
BRH:0
end_of_record
TN:
SF:/home/daniel/Development/github.com/cleanunicorn/audit-indexed-finance-2020-10/code/contracts/balancer/BMath.sol
FN:27,calcSpotPrice
FN:51,calcOutGivenIn
FN:79,calcInGivenOut
FN:107,calcPoolOutGivenSingleIn
FN:143,calcSingleInGivenPoolOut
FN:179,calcSingleOutGivenPoolIn
FN:221,calcPoolInGivenSingleOut
FNF:7
FNH:7
FNDA:1568,calcSpotPrice
FNDA:678,calcOutGivenIn
FNDA:103,calcInGivenOut
FNDA:6,calcPoolOutGivenSingleIn
FNDA:6,calcSingleInGivenPoolOut
FNDA:6,calcSingleOutGivenPoolIn
FNDA:6,calcPoolInGivenSingleOut
DA:34,1568
DA:35,1568
DA:36,1568
DA:37,1568
DA:38,1568
DA:59,678
DA:60,678
DA:61,678
DA:62,678
DA:63,678
DA:64,678
DA:65,678
DA:66,678
DA:87,103
DA:88,103
DA:89,103
DA:90,103
DA:91,103
DA:92,103
DA:93,103
DA:94,103
DA:119,6
DA:120,6
DA:121,6
DA:123,6
DA:124,6
DA:127,6
DA:128,6
DA:129,6
DA:130,6
DA:151,6
DA:152,6
DA:153,6
DA:156,6
DA:157,6
DA:158,6
DA:159,6
DA:163,6
DA:164,6
DA:165,6
DA:187,6
DA:190,6
DA:191,6
DA:192,6
DA:195,6
DA:196,6
DA:198,6
DA:205,6
DA:206,6
DA:207,6
DA:230,6
DA:232,6
DA:233,6
DA:234,6
DA:236,6
DA:240,6
DA:243,6
DA:244,6
DA:245,6
DA:249,6
DA:250,6
LF:61
LH:61
BRF:0
BRH:0
end_of_record
TN:
SF:/home/daniel/Development/github.com/cleanunicorn/audit-indexed-finance-2020-10/code/contracts/balancer/BNum.sol
FN:18,btoi
FN:22,bfloor
FN:26,badd
FN:32,bsub
FN:38,bsubSign
FN:50,bmul
FN:59,bdiv
FN:70,bpowi
FN:86,bpow
FN:103,bpowApprox
FNF:10
FNH:10
FNDA:1610,btoi
FNDA:805,bfloor
FNDA:2082,badd
FNDA:15583,bsub
FNDA:21187,bsubSign
FNDA:16529,bmul
FNDA:13609,bdiv
FNDA:805,bpowi
FNDA:805,bpow
FNDA:805,bpowApprox
DA:19,1610
DA:23,805
DA:27,2082
DA:28,2082
DA:29,2082
DA:33,15583
DA:34,15583
DA:35,15583
DA:43,21187
DA:44,16503
DA:46,4684
DA:51,16529
DA:52,16529
DA:53,16529
DA:54,16529
DA:55,16529
DA:56,16529
DA:60,13609
DA:61,13609
DA:62,13609
DA:63,13609
DA:64,13609
DA:65,13609
DA:66,13609
DA:71,805
DA:73,805
DA:74,1049
DA:76,1049
DA:77,659
DA:80,805
DA:87,805
DA:88,805
DA:90,805
DA:91,805
DA:93,805
DA:95,805
DA:96,0
DA:99,805
DA:100,805
DA:109,805
DA:110,805
DA:111,805
DA:112,805
DA:113,805
DA:119,805
DA:120,4799
DA:121,4799
DA:122,4799
DA:123,4799
DA:124,4799
DA:126,4799
DA:127,4799
DA:128,4799
DA:129,4436
DA:131,363
DA:135,805
LF:56
LH:55
BRDA:28,1,0,2082
BRDA:28,1,1,0
BRDA:34,2,0,15583
BRDA:34,2,1,0
BRDA:43,3,0,16503
BRDA:43,3,1,4684
BRDA:52,4,0,16529
BRDA:52,4,1,0
BRDA:54,5,0,16529
BRDA:54,5,1,0
BRDA:60,6,0,13609
BRDA:60,6,1,0
BRDA:62,7,0,13609
BRDA:62,7,1,0
BRDA:64,8,0,13609
BRDA:64,8,1,0
BRDA:76,9,0,659
BRDA:76,9,1,390
BRDA:87,10,0,805
BRDA:87,10,1,0
BRDA:88,11,0,805
BRDA:88,11,1,0
BRDA:95,12,0,0
BRDA:95,12,1,805
BRDA:124,13,0,0
BRDA:124,13,1,4799
BRDA:126,14,0,4125
BRDA:126,14,1,674
BRDA:127,15,0,3994
BRDA:127,15,1,805
BRDA:128,16,0,4436
BRDA:128,16,1,363
BRF:32
BRH:21
end_of_record
TN:
SF:/home/daniel/Development/github.com/cleanunicorn/audit-indexed-finance-2020-10/code/contracts/balancer/BToken.sol
FN:54,_mint
FN:60,_burn
FN:67,_move
FN:78,_push
FN:82,_pull
FN:93,_initializeToken
FN:104,name
FN:113,symbol
FN:122,decimals
FN:131,allowance
FN:140,balanceOf
FN:144,totalSupply
FN:148,approve
FN:154,increaseApproval
FN:160,decreaseApproval
FN:171,transfer
FN:176,transferFrom
FNF:17
FNH:9
FNDA:15,_mint
FNDA:13,_burn
FNDA:42,_move
FNDA:28,_push
FNDA:13,_pull
FNDA:2,_initializeToken
FNDA:0,name
FNDA:0,symbol
FNDA:0,decimals
FNDA:0,allowance
FNDA:1,balanceOf
FNDA:14,totalSupply
FNDA:0,approve
FNDA:0,increaseApproval
FNDA:0,decreaseApproval
FNDA:1,transfer
FNDA:0,transferFrom
DA:55,15
DA:56,15
DA:57,15
DA:61,13
DA:62,13
DA:63,13
DA:64,13
DA:72,42
DA:73,42
DA:74,42
DA:75,42
DA:79,28
DA:83,13
DA:94,2
DA:100,2
DA:101,2
DA:110,0
DA:119,0
DA:128,0
DA:137,0
DA:141,1
DA:145,14
DA:149,0
DA:150,0
DA:151,0
DA:155,0
DA:156,0
DA:157,0
DA:161,0
DA:162,0
DA:163,0
DA:165,0
DA:167,0
DA:168,0
DA:172,1
DA:173,1
DA:181,0
DA:185,0
DA:186,0
DA:187,0
DA:188,0
DA:190,0
LF:42
LH:20
BRDA:61,1,0,13
BRDA:61,1,1,0
BRDA:72,2,0,42
BRDA:72,2,1,0
BRDA:94,3,0,2
BRDA:94,3,1,0
BRDA:162,4,0,0
BRDA:162,4,1,0
BRDA:181,5,0,0
BRDA:181,5,1,0
BRDA:186,6,0,0
BRDA:186,6,1,0
BRF:12
BRH:3
end_of_record
TN:
SF:/home/daniel/Development/github.com/cleanunicorn/audit-indexed-finance-2020-10/code/contracts/balancer/IPool.sol
FN:99,_lock_
FN:106,_control_
FN:111,_public_
FN:164,configure
FN:196,initialize
FN:243,setMaxPoolTokens
FN:254,setSwapFee
FN:279,reweighTokens
FN:302,reindexTokens
FN:355,setMinimumBalance
FN:377,joinPool
FN:421,joinswapExternAmountIn
FN:476,joinswapPoolAmountOut
FN:526,exitPool
FN:569,exitswapPoolAmountIn
FN:617,exitswapExternAmountOut
FN:660,gulp
FN:692,flashBorrow
FN:737,swapExactAmountIn
FN:818,swapExactAmountOut
FN:889,isPublicSwap
FN:893,getSwapFee
FN:900,getController
FN:909,getMaxPoolTokens
FN:916,isBound
FN:923,getNumTokens
FN:933,getCurrentTokens
FN:945,getCurrentDesiredTokens
FN:966,getDenormalizedWeight
FN:978,getTokenRecord
FN:995,extrapolatePoolValueFromToken
FN:1016,getTotalDenormalizedWeight
FN:1027,getBalance
FN:1041,getMinimumBalance
FN:1057,getUsedBalance
FN:1075,getSpotPrice
FN:1094,_pullPoolShare
FN:1098,_pushPoolShare
FN:1102,_mintPoolShare
FN:1106,_burnPoolShare
FN:1114,_pullUnderlying
FN:1133,_pushUnderlying
FN:1163,_bind
FN:1197,_unbind
FN:1227,_setDesiredDenorm
FN:1242,_increaseDenorm
FN:1268,_decreaseDenorm
FN:1320,_updateInputToken
FN:1376,_getInputToken
FN:1399,_getOutputToken
FNF:50
FNH:41
FNDA:810,_lock_
FNDA:9,_control_
FNDA:794,_public_
FNDA:2,configure
FNDA:2,initialize
FNDA:1,setMaxPoolTokens
FNDA:3,setSwapFee
FNDA:2,reweighTokens
FNDA:1,reindexTokens
FNDA:0,setMinimumBalance
FNDA:1,joinPool
FNDA:6,joinswapExternAmountIn
FNDA:6,joinswapPoolAmountOut
FNDA:1,exitPool
FNDA:6,exitswapPoolAmountIn
FNDA:6,exitswapExternAmountOut
FNDA:0,gulp
FNDA:0,flashBorrow
FNDA:678,swapExactAmountIn
FNDA:103,swapExactAmountOut
FNDA:0,isPublicSwap
FNDA:1,getSwapFee
FNDA:0,getController
FNDA:1,getMaxPoolTokens
FNDA:1,isBound
FNDA:0,getNumTokens
FNDA:7,getCurrentTokens
FNDA:0,getCurrentDesiredTokens
FNDA:26,getDenormalizedWeight
FNDA:16,getTokenRecord
FNDA:0,extrapolatePoolValueFromToken
FNDA:7,getTotalDenormalizedWeight
FNDA:48,getBalance
FNDA:1,getMinimumBalance
FNDA:0,getUsedBalance
FNDA:6,getSpotPrice
FNDA:13,_pullPoolShare
FNDA:28,_pushPoolShare
FNDA:15,_mintPoolShare
FNDA:13,_burnPoolShare
FNDA:804,_pullUnderlying
FNDA:797,_pushUnderlying
FNDA:1,_bind
FNDA:1,_unbind
FNDA:9,_setDesiredDenorm
FNDA:790,_increaseDenorm
FNDA:793,_decreaseDenorm
FNDA:796,_updateInputToken
FNDA:802,_getInputToken
FNDA:799,_getOutputToken
DA:100,810
DA:101,810
DA:102,810
DA:103,810
DA:107,9
DA:108,9
DA:112,794
DA:113,794
DA:169,2
DA:170,2
DA:171,2
DA:173,2
DA:174,2
DA:198,2
DA:199,2
DA:200,2
DA:201,2
DA:202,2
DA:203,2
DA:204,2
DA:206,8
DA:207,8
DA:208,8
DA:209,8
DA:210,8
DA:211,8
DA:212,8
DA:221,8
DA:222,8
DA:223,8
DA:225,2
DA:226,2
DA:227,2
DA:228,2
DA:229,2
DA:230,2
DA:231,2
DA:244,1
DA:245,1
DA:255,3
DA:256,2
DA:257,1
DA:258,1
DA:281,2
DA:282,2
DA:283,2
DA:284,6
DA:304,1
DA:305,1
DA:312,1
DA:313,1
DA:316,1
DA:319,1
DA:320,3
DA:321,3
DA:322,3
DA:325,1
DA:326,3
DA:327,1
DA:330,1
DA:331,3
DA:333,3
DA:334,3
DA:335,3
DA:337,1
DA:339,2
DA:357,0
DA:358,0
DA:359,0
DA:360,0
DA:361,0
DA:379,1
DA:380,1
DA:381,1
DA:382,1
DA:385,1
DA:386,1
DA:387,0
DA:393,1
DA:394,3
DA:395,3
DA:396,3
DA:397,3
DA:398,3
DA:399,3
DA:400,3
DA:401,3
DA:403,1
DA:404,1
DA:424,6
DA:426,6
DA:428,6
DA:433,6
DA:442,6
DA:443,6
DA:444,0
DA:450,6
DA:452,6
DA:454,6
DA:456,6
DA:457,6
DA:458,6
DA:460,6
DA:479,6
DA:480,6
DA:481,0
DA:487,6
DA:489,6
DA:498,6
DA:499,6
DA:501,6
DA:506,6
DA:508,6
DA:510,6
DA:511,6
DA:512,6
DA:514,6
DA:528,1
DA:529,1
DA:530,1
DA:531,1
DA:532,1
DA:534,1
DA:535,1
DA:536,1
DA:537,1
DA:538,1
DA:539,3
DA:540,3
DA:541,3
DA:542,3
DA:543,3
DA:544,3
DA:546,3
DA:547,3
DA:548,3
DA:551,0
DA:572,6
DA:574,6
DA:583,6
DA:585,6
DA:590,6
DA:591,6
DA:592,6
DA:593,6
DA:595,6
DA:597,6
DA:598,6
DA:599,6
DA:601,6
DA:620,6
DA:621,6
DA:626,6
DA:635,6
DA:636,6
DA:638,6
DA:639,6
DA:640,6
DA:642,6
DA:644,6
DA:646,6
DA:647,6
DA:648,6
DA:650,6
DA:661,0
DA:662,0
DA:663,0
DA:664,0
DA:665,0
DA:666,0
DA:669,0
DA:670,0
DA:694,0
DA:695,0
DA:696,0
DA:697,0
DA:698,0
DA:699,0
DA:700,0
DA:701,0
DA:702,0
DA:703,0
DA:707,0
DA:710,0
DA:711,0
DA:712,0
DA:713,0
DA:714,0
DA:715,0
DA:716,0
DA:740,678
DA:741,678
DA:743,678
DA:748,678
DA:755,678
DA:757,678
DA:766,678
DA:768,678
DA:769,678
DA:771,678
DA:772,678
DA:773,678
DA:774,675
DA:778,678
DA:779,678
DA:781,678
DA:783,678
DA:791,678
DA:792,678
DA:793,678
DA:798,678
DA:800,678
DA:821,103
DA:822,103
DA:824,103
DA:829,103
DA:836,103
DA:838,103
DA:847,103
DA:849,103
DA:850,103
DA:853,103
DA:854,103
DA:855,103
DA:856,100
DA:860,103
DA:861,103
DA:863,103
DA:865,103
DA:873,103
DA:874,103
DA:875,103
DA:880,103
DA:882,103
DA:890,0
DA:894,1
DA:905,0
DA:910,1
DA:917,1
DA:927,0
DA:938,7
DA:950,0
DA:951,0
DA:952,0
DA:953,0
DA:954,0
DA:955,0
DA:956,0
DA:957,0
DA:960,0
DA:971,26
DA:972,26
DA:983,16
DA:984,16
DA:1000,0
DA:1001,0
DA:1002,0
DA:1003,0
DA:1004,0
DA:1008,0
DA:1010,0
DA:1021,7
DA:1032,48
DA:1033,48
DA:1034,48
DA:1046,1
DA:1047,1
DA:1048,1
DA:1049,1
DA:1062,0
DA:1063,0
DA:1064,0
DA:1065,0
DA:1067,0
DA:1080,6
DA:1081,6
DA:1082,6
DA:1095,13
DA:1099,28
DA:1103,15
DA:1107,13
DA:1119,804
DA:1127,804
DA:1138,797
DA:1145,797
DA:1168,1
DA:1170,1
DA:1171,1
DA:1172,1
DA:1174,1
DA:1183,1
DA:1184,1
DA:1185,1
DA:1198,1
DA:1199,1
DA:1203,1
DA:1204,1
DA:1207,1
DA:1208,1
DA:1209,1
DA:1211,1
DA:1212,1
DA:1222,1
DA:1223,1
DA:1224,1
DA:1228,9
DA:1229,9
DA:1232,9
DA:1236,9
DA:1237,9
DA:1238,9
DA:1239,9
DA:1245,790
DA:1250,71
DA:1251,71
DA:1252,71
DA:1253,71
DA:1254,71
DA:1255,70
DA:1256,70
DA:1258,71
DA:1259,71
DA:1261,71
DA:1263,71
DA:1264,71
DA:1265,71
DA:1270,793
DA:1275,418
DA:1276,418
DA:1277,418
DA:1278,418
DA:1279,418
DA:1280,418
DA:1281,418
DA:1283,418
DA:1284,1
DA:1285,1
DA:1290,1
DA:1292,417
DA:1294,417
DA:1296,417
DA:1297,417
DA:1298,417
DA:1327,796
DA:1329,6
DA:1331,0
DA:1333,0
DA:1334,0
DA:1335,0
DA:1340,0
DA:1341,0
DA:1342,0
DA:1343,0
DA:1344,0
DA:1345,0
DA:1347,6
DA:1351,6
DA:1352,6
DA:1358,790
DA:1361,796
DA:1381,802
DA:1382,802
DA:1384,802
DA:1388,802
DA:1389,6
DA:1390,6
DA:1394,6
DA:1395,6
DA:1404,799
DA:1405,799
DA:1408,799
LF:371
LH:302
BRDA:100,1,0,810
BRDA:100,1,1,0
BRDA:107,2,0,9
BRDA:107,2,1,0
BRDA:112,3,0,794
BRDA:112,3,1,0
BRDA:169,4,0,2
BRDA:169,4,1,0
BRDA:170,5,0,2
BRDA:170,5,1,0
BRDA:198,6,0,2
BRDA:198,6,1,0
BRDA:200,7,0,2
BRDA:200,7,1,0
BRDA:201,8,0,2
BRDA:201,8,1,0
BRDA:202,9,0,2
BRDA:202,9,1,0
BRDA:209,10,0,8
BRDA:209,10,1,0
BRDA:210,11,0,8
BRDA:210,11,1,0
BRDA:211,12,0,8
BRDA:211,12,1,0
BRDA:225,13,0,2
BRDA:225,13,1,0
BRDA:255,14,0,2
BRDA:255,14,1,1
BRDA:256,15,0,1
BRDA:256,15,1,1
BRDA:282,16,0,2
BRDA:282,16,1,0
BRDA:305,17,0,1
BRDA:305,17,1,0
BRDA:321,18,0,2
BRDA:321,18,1,1
BRDA:326,19,0,1
BRDA:326,19,1,2
BRDA:334,20,0,0
BRDA:334,20,1,3
BRDA:335,21,0,1
BRDA:335,21,1,2
BRDA:358,22,0,0
BRDA:358,22,1,0
BRDA:359,23,0,0
BRDA:359,23,1,0
BRDA:381,24,0,1
BRDA:381,24,1,0
BRDA:382,25,0,1
BRDA:382,25,1,0
BRDA:386,26,0,0
BRDA:386,26,1,1
BRDA:387,27,0,0
BRDA:387,27,1,0
BRDA:397,28,0,3
BRDA:397,28,1,0
BRDA:398,29,0,3
BRDA:398,29,1,0
BRDA:426,30,0,6
BRDA:426,30,1,0
BRDA:428,31,0,6
BRDA:428,31,1,0
BRDA:443,32,0,0
BRDA:443,32,1,6
BRDA:444,33,0,0
BRDA:444,33,1,0
BRDA:450,34,0,6
BRDA:450,34,1,0
BRDA:480,35,0,0
BRDA:480,35,1,6
BRDA:481,36,0,0
BRDA:481,36,1,0
BRDA:498,37,0,6
BRDA:498,37,1,0
BRDA:499,38,0,6
BRDA:499,38,1,0
BRDA:501,39,0,6
BRDA:501,39,1,0
BRDA:532,40,0,1
BRDA:532,40,1,0
BRDA:537,41,0,1
BRDA:537,41,1,0
BRDA:541,42,0,3
BRDA:541,42,1,0
BRDA:543,43,0,3
BRDA:543,43,1,0
BRDA:544,44,0,3
BRDA:544,44,1,0
BRDA:551,45,0,0
BRDA:551,45,1,0
BRDA:583,46,0,6
BRDA:583,46,1,0
BRDA:585,47,0,6
BRDA:585,47,1,0
BRDA:621,48,0,6
BRDA:621,48,1,0
BRDA:635,49,0,6
BRDA:635,49,1,0
BRDA:636,50,0,6
BRDA:636,50,1,0
BRDA:663,51,0,0
BRDA:663,51,1,0
BRDA:664,52,0,0
BRDA:664,52,1,0
BRDA:695,53,0,0
BRDA:695,53,1,0
BRDA:697,54,0,0
BRDA:697,54,1,0
BRDA:703,55,0,0
BRDA:703,55,1,0
BRDA:710,56,0,0
BRDA:710,56,1,0
BRDA:712,57,0,0
BRDA:712,57,1,0
BRDA:743,58,0,678
BRDA:743,58,1,0
BRDA:755,59,0,678
BRDA:755,59,1,0
BRDA:766,60,0,678
BRDA:766,60,1,0
BRDA:773,61,0,675
BRDA:773,61,1,3
BRDA:791,62,0,678
BRDA:791,62,1,0
BRDA:792,63,0,678
BRDA:792,63,1,0
BRDA:793,64,0,678
BRDA:793,64,1,0
BRDA:824,65,0,103
BRDA:824,65,1,0
BRDA:836,66,0,103
BRDA:836,66,1,0
BRDA:847,67,0,103
BRDA:847,67,1,0
BRDA:855,68,0,100
BRDA:855,68,1,3
BRDA:873,69,0,103
BRDA:873,69,1,0
BRDA:874,70,0,103
BRDA:874,70,1,0
BRDA:875,71,0,103
BRDA:875,71,1,0
BRDA:956,72,0,0
BRDA:956,72,1,0
BRDA:971,73,0,26
BRDA:971,73,1,0
BRDA:984,74,0,16
BRDA:984,74,1,0
BRDA:1003,75,0,0
BRDA:1003,75,1,0
BRDA:1010,76,0,0
BRDA:1010,76,1,0
BRDA:1033,77,0,48
BRDA:1033,77,1,0
BRDA:1047,78,0,1
BRDA:1047,78,1,0
BRDA:1048,79,0,1
BRDA:1048,79,1,0
BRDA:1063,80,0,0
BRDA:1063,80,1,0
BRDA:1064,81,0,0
BRDA:1064,81,1,0
BRDA:1127,82,0,804
BRDA:1127,82,1,0
BRDA:1145,83,0,797
BRDA:1145,83,1,0
BRDA:1168,84,0,1
BRDA:1168,84,1,0
BRDA:1170,85,0,1
BRDA:1170,85,1,0
BRDA:1171,86,0,1
BRDA:1171,86,1,0
BRDA:1172,87,0,1
BRDA:1172,87,1,0
BRDA:1207,88,0,1
BRDA:1207,88,1,0
BRDA:1229,89,0,9
BRDA:1229,89,1,0
BRDA:1232,90,0,9
BRDA:1232,90,1,0
BRDA:1236,91,0,9
BRDA:1236,91,1,0
BRDA:1245,92,0,719
BRDA:1245,92,1,71
BRDA:1254,93,0,70
BRDA:1254,93,1,1
BRDA:1259,94,0,71
BRDA:1259,94,1,0
BRDA:1270,95,0,375
BRDA:1270,95,1,418
BRDA:1279,96,0,418
BRDA:1279,96,1,0
BRDA:1283,97,0,1
BRDA:1283,97,1,417
BRDA:1327,98,0,6
BRDA:1327,98,1,790
BRDA:1329,99,0,0
BRDA:1329,99,1,6
BRDA:1382,100,0,802
BRDA:1382,100,1,0
BRDA:1388,101,0,6
BRDA:1388,101,1,796
BRDA:1405,102,0,799
BRDA:1405,102,1,0
BRDA:1408,103,0,799
BRDA:1408,103,1,0
BRF:206
BRH:98
end_of_record
TN:
SF:/home/daniel/Development/github.com/cleanunicorn/audit-indexed-finance-2020-10/code/contracts/interfaces/IBPool.sol
FNF:0
FNH:0
LF:0
LH:0
BRF:0
BRH:0
end_of_record
TN:
SF:/home/daniel/Development/github.com/cleanunicorn/audit-indexed-finance-2020-10/code/contracts/interfaces/IFlashLoanRecipient.sol
FNF:0
FNH:0
LF:0
LH:0
BRF:0
BRH:0
end_of_record
TN:
SF:/home/daniel/Development/github.com/cleanunicorn/audit-indexed-finance-2020-10/code/contracts/interfaces/IUniSwap.sol
FNF:0
FNH:0
LF:0
LH:0
BRF:0
BRH:0
end_of_record
TN:
SF:/home/daniel/Development/github.com/cleanunicorn/audit-indexed-finance-2020-10/code/contracts/interfaces/IUniswapV2Factory.sol
FNF:0
FNH:0
LF:0
LH:0
BRF:0
BRH:0
end_of_record
TN:
SF:/home/daniel/Development/github.com/cleanunicorn/audit-indexed-finance-2020-10/code/contracts/interfaces/IUniswapV2Library.sol
FNF:0
FNH:0
LF:0
LH:0
BRF:0
BRH:0
end_of_record
TN:
SF:/home/daniel/Development/github.com/cleanunicorn/audit-indexed-finance-2020-10/code/contracts/interfaces/IUniswapV2Pair.sol
FNF:0
FNH:0
LF:0
LH:0
BRF:0
BRH:0
end_of_record
TN:
SF:/home/daniel/Development/github.com/cleanunicorn/audit-indexed-finance-2020-10/code/contracts/interfaces/IUniswapV2Router01.sol
FNF:0
FNH:0
LF:0
LH:0
BRF:0
BRH:0
end_of_record
TN:
SF:/home/daniel/Development/github.com/cleanunicorn/audit-indexed-finance-2020-10/code/contracts/interfaces/IUniswapV2Router02.sol
FNF:0
FNH:0
LF:0
LH:0
BRF:0
BRH:0
end_of_record
TN:
SF:/home/daniel/Development/github.com/cleanunicorn/audit-indexed-finance-2020-10/code/contracts/lib/Babylonian.sol
FN:18,sqrt
FNF:1
FNH:1
FNDA:30,sqrt
DA:19,30
DA:20,30
DA:21,30
DA:22,30
DA:23,1152
DA:24,1152
DA:27,0
LF:7
LH:6
BRDA:19,1,0,30
BRDA:19,1,1,0
BRDA:26,2,0,0
BRDA:26,2,1,0
BRF:4
BRH:1
end_of_record
TN:
SF:/home/daniel/Development/github.com/cleanunicorn/audit-indexed-finance-2020-10/code/contracts/lib/FixedPoint.sol
FN:35,encode
FN:40,encode144
FN:45,div
FN:52,mul
FN:63,fraction
FN:69,decode
FN:74,decode144
FN:79,reciprocal
FN:85,sqrt
FNF:9
FNH:3
FNDA:0,encode
FNDA:0,encode144
FNDA:0,div
FNDA:87,mul
FNDA:117,fraction
FNDA:0,decode
FNDA:87,decode144
FNDA:0,reciprocal
FNDA:0,sqrt
DA:36,0
DA:41,0
DA:46,0
DA:47,0
DA:53,87
DA:54,87
DA:58,87
DA:64,117
DA:65,117
DA:70,0
DA:75,87
DA:80,0
DA:81,0
DA:86,0
LF:14
LH:6
BRDA:46,1,0,0
BRDA:46,1,1,0
BRDA:54,2,0,87
BRDA:54,2,1,0
BRDA:64,3,0,117
BRDA:64,3,1,0
BRDA:80,4,0,0
BRDA:80,4,1,0
BRF:8
BRH:2
end_of_record
TN:
SF:/home/daniel/Development/github.com/cleanunicorn/audit-indexed-finance-2020-10/code/contracts/lib/MCapSqrtLibrary.sol
FN:24,computeAverageMarketCap
FN:39,computeMarketCapSqrts
FN:59,computeTokenWeights
FN:89,computeWeightedBalance
FNF:4
FNH:4
FNDA:10,computeAverageMarketCap
FNDA:2,computeMarketCapSqrts
FNDA:2,computeTokenWeights
FNDA:10,computeWeightedBalance
DA:28,10
DA:29,10
DA:43,2
DA:44,2
DA:45,2
DA:46,10
DA:47,10
DA:64,2
DA:65,2
DA:66,2
DA:70,2
DA:72,2
DA:74,2
DA:75,10
DA:94,10
DA:96,10
LF:16
LH:16
BRF:0
BRH:0
end_of_record
TN:
SF:/home/daniel/Development/github.com/cleanunicorn/audit-indexed-finance-2020-10/code/contracts/lib/PriceLibrary.sol
FN:38,computeTwoWayAveragePrice
FN:63,computeAverageTokenPrice
FN:78,computeAverageEthPrice
FN:93,computeAverageEthForTokens
FN:104,computeAverageTokensForEth
FN:115,observePrice
FNF:6
FNH:5
FNDA:26,computeTwoWayAveragePrice
FNDA:36,computeAverageTokenPrice
FNDA:0,computeAverageEthPrice
FNDA:8,computeAverageEthForTokens
FNDA:18,computeAverageTokensForEth
FNDA:89,observePrice
DA:42,26
DA:43,26
DA:48,26
DA:53,26
DA:67,36
DA:82,0
DA:97,8
DA:108,18
DA:120,89
DA:122,89
DA:126,89
DA:133,89
DA:134,20
DA:140,69
LF:14
LH:13
BRDA:133,1,0,20
BRDA:133,1,1,69
BRF:2
BRH:2
end_of_record
TN:
SF:/home/daniel/Development/github.com/cleanunicorn/audit-indexed-finance-2020-10/code/contracts/lib/UniswapV2Library.sol
FN:22,sortTokens
FN:32,calculatePair
FN:52,pairFor
FN:61,getCumulativePriceLast
FN:75,getReserves
FN:91,quote
FN:105,getAmountOut
FN:122,getAmountIn
FN:138,getAmountsOut
FN:157,getAmountsIn
FNF:10
FNH:4
FNDA:89,sortTokens
FNDA:89,calculatePair
FNDA:0,pairFor
FNDA:0,getCumulativePriceLast
FNDA:0,getReserves
FNDA:0,quote
FNDA:2,getAmountOut
FNDA:2,getAmountIn
FNDA:0,getAmountsOut
FNDA:0,getAmountsIn
DA:27,89
DA:28,89
DA:29,89
DA:37,89
DA:57,0
DA:58,0
DA:66,0
DA:67,0
DA:70,0
DA:71,0
DA:80,0
DA:81,0
DA:85,0
DA:96,0
DA:97,0
DA:101,0
DA:110,2
DA:111,2
DA:115,2
DA:116,2
DA:117,2
DA:118,2
DA:127,2
DA:128,2
DA:132,2
DA:133,2
DA:134,2
DA:143,0
DA:144,0
DA:145,0
DA:146,0
DA:147,0
DA:152,0
DA:162,0
DA:163,0
DA:164,0
DA:165,0
DA:166,0
DA:171,0
LF:39
LH:15
BRDA:27,1,0,89
BRDA:27,1,1,0
BRDA:29,2,0,89
BRDA:29,2,1,0
BRDA:70,3,0,0
BRDA:70,3,1,0
BRDA:96,4,0,0
BRDA:96,4,1,0
BRDA:97,5,0,0
BRDA:97,5,1,0
BRDA:110,6,0,2
BRDA:110,6,1,0
BRDA:111,7,0,2
BRDA:111,7,1,0
BRDA:127,8,0,2
BRDA:127,8,1,0
BRDA:128,9,0,2
BRDA:128,9,1,0
BRDA:143,10,0,0
BRDA:143,10,1,0
BRDA:162,11,0,0
BRDA:162,11,1,0
BRF:22
BRH:6
end_of_record
TN:
SF:/home/daniel/Development/github.com/cleanunicorn/audit-indexed-finance-2020-10/code/contracts/lib/UniswapV2OracleLibrary.sol
FN:24,currentBlockTimestamp
FN:29,currentCumulativePrices
FN:67,currentCumulativePrice0
FN:95,currentCumulativePrice1
FN:121,getCurrentCumulativePrice
FN:135,computeAveragePrice
FN:146,computeAverageAmountOut
FNF:7
FNH:3
FNDA:89,currentBlockTimestamp
FNDA:89,currentCumulativePrices
FNDA:0,currentCumulativePrice0
FNDA:0,currentCumulativePrice1
FNDA:0,getCurrentCumulativePrice
FNDA:88,computeAveragePrice
FNDA:0,computeAverageAmountOut
DA:25,89
DA:38,89
DA:39,89
DA:40,89
DA:43,89
DA:48,89
DA:50,51
DA:53,51
DA:58,51
DA:72,0
DA:73,0
DA:76,0
DA:81,0
DA:83,0
DA:86,0
DA:100,0
DA:101,0
DA:104,0
DA:109,0
DA:111,0
DA:114,0
DA:126,0
DA:130,0
DA:131,0
DA:132,0
DA:141,88
DA:153,0
DA:158,0
LF:28
LH:10
BRDA:48,1,0,51
BRDA:48,1,1,38
BRDA:81,2,0,0
BRDA:81,2,1,0
BRDA:109,3,0,0
BRDA:109,3,1,0
BRDA:131,4,0,0
BRDA:131,4,1,0
BRF:8
BRH:2
end_of_record
TN:
SF:/home/daniel/Development/github.com/cleanunicorn/audit-indexed-finance-2020-10/code/contracts/MarketCapSortedTokenCategories.sol
FN:84,constructor
FN:95,updateCategoryPrices
FN:105,createCategory
FN:114,addToken
FN:141,addTokens
FN:169,orderCategoryTokensByMarketCap
FN:208,computeAverageMarketCap
FN:220,computeAverageMarketCaps
FN:240,hasCategory
FN:247,getCategoryTokens
FN:266,getCategoryMarketCaps
FN:280,getTopCategoryTokens
FN:307,_addToken
FNF:13
FNH:11
FNDA:3,constructor
FNDA:0,updateCategoryPrices
FNDA:2,createCategory
FNDA:1,addToken
FNDA:2,addTokens
FNDA:2,orderCategoryTokensByMarketCap
FNDA:0,computeAverageMarketCap
FNDA:4,computeAverageMarketCaps
FNDA:1,hasCategory
FNDA:4,getCategoryTokens
FNDA:1,getCategoryMarketCaps
FNDA:5,getTopCategoryTokens
FNDA:10,_addToken
DA:86,3
DA:96,0
DA:97,0
DA:106,2
DA:107,2
DA:115,1
DA:119,1
DA:123,1
DA:124,1
DA:128,1
DA:143,2
DA:147,2
DA:151,2
DA:152,9
DA:154,2
DA:158,2
DA:173,2
DA:174,2
DA:175,2
DA:178,2
DA:179,2
DA:180,10
DA:181,10
DA:182,10
DA:183,10
DA:186,2
DA:189,2
DA:190,10
DA:191,10
DA:192,8
DA:194,10
DA:195,10
DA:197,2
DA:198,2
DA:213,0
DA:214,0
DA:225,4
DA:226,4
DA:227,4
DA:228,20
DA:230,4
DA:241,1
DA:252,4
DA:256,4
DA:257,4
DA:258,4
DA:259,11
DA:271,1
DA:285,5
DA:289,3
DA:290,3
DA:294,3
DA:298,3
DA:299,3
DA:308,10
DA:309,10
DA:310,10
DA:311,10
DA:312,10
DA:313,10
LF:60
LH:56
BRDA:115,1,0,1
BRDA:115,1,1,0
BRDA:119,2,0,1
BRDA:119,2,1,0
BRDA:143,3,0,2
BRDA:143,3,1,0
BRDA:147,4,0,2
BRDA:147,4,1,0
BRDA:175,5,0,2
BRDA:175,5,1,0
BRDA:181,6,0,10
BRDA:181,6,1,0
BRDA:182,7,0,10
BRDA:182,7,1,0
BRDA:191,8,0,8
BRDA:191,8,1,2
BRDA:192,9,0,8
BRDA:192,9,1,0
BRDA:252,10,0,4
BRDA:252,10,1,0
BRDA:285,11,0,3
BRDA:285,11,1,2
BRDA:290,12,0,3
BRDA:290,12,1,0
BRDA:294,13,0,3
BRDA:294,13,1,0
BRDA:309,14,0,10
BRDA:309,14,1,0
BRF:28
BRH:16
end_of_record
TN:
SF:/home/daniel/Development/github.com/cleanunicorn/audit-indexed-finance-2020-10/code/contracts/MarketCapSqrtController.sol
FN:159,constructor
FN:182,prepareIndexPool
FN:229,finishPreparedIndexPool
FN:286,setDefaultSellerPremium
FN:298,updateSellerPremiumToDefault
FN:308,updateSellerPremiumToDefault
FN:334,setMaxPoolTokens
FN:341,setSwapFee
FN:351,updateMinimumBalance
FN:367,reindexPool
FN:410,reweighPool
FN:438,computeInitializerAddress
FN:454,computeSellerAddress
FN:470,computePoolAddress
FN:491,getInitialTokensAndBalances
FN:514,_havePool
FN:523,_estimatePoolValue
FN:535,_denormalizeFractionalWeight
FN:548,_to256Array
FNF:19
FNH:13
FNDA:3,constructor
FNDA:1,prepareIndexPool
FNDA:1,finishPreparedIndexPool
FNDA:3,setDefaultSellerPremium
FNDA:1,updateSellerPremiumToDefault
FNDA:0,updateSellerPremiumToDefault
FNDA:1,setMaxPoolTokens
FNDA:3,setSwapFee
FNDA:0,updateMinimumBalance
FNDA:0,reindexPool
FNDA:0,reweighPool
FNDA:2,computeInitializerAddress
FNDA:1,computeSellerAddress
FNDA:1,computePoolAddress
FNDA:2,getInitialTokensAndBalances
FNDA:3,_havePool
FNDA:0,_estimatePoolValue
FNDA:5,_denormalizeFractionalWeight
FNDA:0,_to256Array
DA:161,3
DA:162,3
DA:185,1
DA:186,1
DA:187,1
DA:189,1
DA:195,1
DA:201,1
DA:206,1
DA:209,1
DA:214,1
DA:216,1
DA:234,1
DA:238,1
DA:239,1
DA:240,1
DA:241,1
DA:242,1
DA:243,1
DA:244,1
DA:247,1
DA:248,5
DA:250,1
DA:251,5
DA:255,1
DA:259,1
DA:266,1
DA:267,1
DA:273,1
DA:287,3
DA:291,1
DA:301,1
DA:311,0
DA:312,0
DA:335,1
DA:342,3
DA:343,3
DA:352,0
DA:353,0
DA:354,0
DA:355,0
DA:356,0
DA:357,0
DA:358,0
DA:368,0
DA:369,0
DA:370,0
DA:371,0
DA:375,0
DA:379,0
DA:380,0
DA:382,0
DA:383,0
DA:385,0
DA:386,0
DA:387,0
DA:389,0
DA:394,0
DA:395,0
DA:397,0
DA:402,0
DA:403,0
DA:411,0
DA:412,0
DA:413,0
DA:417,0
DA:421,0
DA:422,0
DA:423,0
DA:424,0
DA:425,0
DA:426,0
DA:428,0
DA:429,0
DA:430,0
DA:443,2
DA:459,1
DA:475,1
DA:503,2
DA:504,2
DA:505,2
DA:506,2
DA:507,2
DA:508,10
DA:515,3
DA:524,0
DA:525,0
DA:526,0
DA:540,5
DA:553,0
LF:90
LH:46
BRDA:185,1,0,1
BRDA:185,1,1,0
BRDA:186,2,0,1
BRDA:186,2,1,0
BRDA:187,3,0,1
BRDA:187,3,1,0
BRDA:234,4,0,1
BRDA:234,4,1,0
BRDA:239,5,0,1
BRDA:239,5,1,0
BRDA:241,6,0,1
BRDA:241,6,1,0
BRDA:287,7,0,1
BRDA:287,7,1,2
BRDA:342,8,0,3
BRDA:342,8,1,0
BRDA:352,9,0,0
BRDA:352,9,1,0
BRDA:354,10,0,0
BRDA:354,10,1,0
BRDA:369,11,0,0
BRDA:369,11,1,0
BRDA:371,12,0,0
BRDA:371,12,1,0
BRDA:375,13,0,0
BRDA:375,13,1,0
BRDA:411,14,0,0
BRDA:411,14,1,0
BRDA:413,15,0,0
BRDA:413,15,1,0
BRDA:417,16,0,0
BRDA:417,16,1,0
BRF:32
BRH:9
end_of_record
TN:
SF:/home/daniel/Development/github.com/cleanunicorn/audit-indexed-finance-2020-10/code/contracts/mocks/BaseERC20.sol
FN:59,constructor
FN:68,name
FN:76,symbol
FN:93,decimals
FN:100,totalSupply
FN:107,balanceOf
FN:119,transfer
FN:127,allowance
FN:138,approve
FN:155,transferFrom
FN:177,increaseAllowance
FN:196,decreaseAllowance
FN:219,_transfer
FN:243,_approve
FN:258,_setupDecimals
FN:276,_beforeTokenTransfer
FNF:16
FNH:10
FNDA:39,constructor
FNDA:0,name
FNDA:0,symbol
FNDA:0,decimals
FNDA:37,totalSupply
FNDA:88,balanceOf
FNDA:807,transfer
FNDA:7,allowance
FNDA:114,approve
FNDA:875,transferFrom
FNDA:0,increaseAllowance
FNDA:0,decreaseAllowance
FNDA:1682,_transfer
FNDA:989,_approve
FNDA:0,_setupDecimals
FNDA:1682,_beforeTokenTransfer
DA:60,39
DA:61,39
DA:62,39
DA:69,0
DA:77,0
DA:94,0
DA:101,37
DA:108,88
DA:120,807
DA:121,807
DA:128,7
DA:139,114
DA:140,114
DA:156,875
DA:157,875
DA:162,875
DA:178,0
DA:179,0
DA:197,0
DA:202,0
DA:220,1682
DA:221,1682
DA:223,1682
DA:225,1682
DA:226,1682
DA:227,1682
DA:244,989
DA:245,989
DA:247,989
DA:248,989
DA:259,0
LF:31
LH:23
BRDA:220,1,0,1682
BRDA:220,1,1,0
BRDA:221,2,0,1682
BRDA:221,2,1,0
BRDA:244,3,0,989
BRDA:244,3,1,0
BRDA:245,4,0,989
BRDA:245,4,1,0
BRF:8
BRH:4
end_of_record
TN:
SF:/home/daniel/Development/github.com/cleanunicorn/audit-indexed-finance-2020-10/code/contracts/mocks/MockERC20.sol
FN:11,constructor
FN:14,deposit
FN:18,getFreeTokens
FN:30,_mint
FNF:4
FNH:3
FNDA:39,constructor
FNDA:0,deposit
FNDA:106,getFreeTokens
FNDA:106,_mint
DA:15,0
DA:19,106
DA:31,106
DA:32,106
DA:33,106
DA:34,106
LF:6
LH:5
BRDA:31,1,0,106
BRDA:31,1,1,0
BRF:2
BRH:1
end_of_record
TN:
SF:/home/daniel/Development/github.com/cleanunicorn/audit-indexed-finance-2020-10/code/contracts/mocks/MockProxyApprovedDeployer.sol
FN:11,constructor
FN:15,testDeploy_NotApproved
FN:33,testDeploy_Approved
FNF:3
FNH:0
FNDA:0,constructor
FNDA:0,testDeploy_NotApproved
FNDA:0,testDeploy_Approved
DA:12,0
DA:19,0
DA:23,0
DA:25,0
DA:29,0
DA:37,0
DA:41,0
DA:46,0
LF:8
LH:0
BRDA:25,1,0,0
BRDA:25,1,1,0
BRDA:46,2,0,0
BRDA:46,2,1,0
BRF:4
BRH:0
end_of_record
TN:
SF:/home/daniel/Development/github.com/cleanunicorn/audit-indexed-finance-2020-10/code/contracts/mocks/MockProxyLogic.sol
FN:7,incrementValue
FN:11,decrementValue
FN:15,getValue
FNF:3
FNH:0
FNDA:0,incrementValue
FNDA:0,decrementValue
FNDA:0,getValue
DA:8,0
DA:12,0
DA:16,0
LF:3
LH:0
BRF:0
BRH:0
end_of_record
TN:
SF:/home/daniel/Development/github.com/cleanunicorn/audit-indexed-finance-2020-10/code/contracts/mocks/MockProxyLogic2.sol
FN:7,incrementValue
FN:11,decrementValue
FN:15,getValue
FNF:3
FNH:0
FNDA:0,incrementValue
FNDA:0,decrementValue
FNDA:0,getValue
DA:8,0
DA:12,0
DA:16,0
LF:3
LH:0
BRF:0
BRH:0
end_of_record
TN:
SF:/home/daniel/Development/github.com/cleanunicorn/audit-indexed-finance-2020-10/code/contracts/mocks/MockTokenMarketDeployer.sol
FN:30,constructor
FN:40,deployTokenAndMarketWithLiquidity
FN:52,addLiquidity
FN:73,deployPoolMarketWithLiquidity
FN:86,addPoolMarketLiquidity
FN:107,testMintPoolTokens
FN:125,mintPoolTokens
FNF:7
FNH:0
FNDA:0,constructor
FNDA:0,deployTokenAndMarketWithLiquidity
FNDA:0,addLiquidity
FNDA:0,deployPoolMarketWithLiquidity
FNDA:0,addPoolMarketLiquidity
FNDA:0,testMintPoolTokens
FNDA:0,mintPoolTokens
DA:35,0
DA:36,0
DA:37,0
DA:46,0
DA:47,0
DA:48,0
DA:49,0
DA:57,0
DA:58,0
DA:59,0
DA:60,0
DA:61,0
DA:79,0
DA:80,0
DA:81,0
DA:82,0
DA:83,0
DA:91,0
DA:92,0
DA:93,0
DA:94,0
DA:95,0
DA:113,0
DA:114,0
DA:115,0
DA:117,0
DA:118,0
DA:119,0
DA:120,0
DA:121,0
DA:129,0
DA:130,0
DA:131,0
DA:132,0
DA:133,0
DA:134,0
DA:135,0
DA:136,0
DA:137,0
DA:138,0
DA:139,0
DA:141,0
LF:42
LH:0
BRF:0
BRH:0
end_of_record
TN:
SF:/home/daniel/Development/github.com/cleanunicorn/audit-indexed-finance-2020-10/code/contracts/mocks/MockUnbindSourcePool.sol
FN:30,constructor
FN:34,getTokenRecord
FN:43,getBalance
FN:53,addToken
FN:71,gulp
FN:76,unbind
FNF:6
FNH:6
FNDA:3,constructor
FNDA:8,getTokenRecord
FNDA:8,getBalance
FNDA:5,addToken
FNDA:4,gulp
FNDA:1,unbind
DA:31,3
DA:39,8
DA:40,8
DA:48,8
DA:49,8
DA:50,8
DA:59,5
DA:68,5
DA:72,4
DA:73,4
DA:77,1
DA:78,1
DA:79,1
DA:80,1
LF:14
LH:14
BRDA:40,1,0,8
BRDA:40,1,1,0
BRDA:49,2,0,8
BRDA:49,2,1,0
BRF:4
BRH:2
end_of_record
TN:
SF:/home/daniel/Development/github.com/cleanunicorn/audit-indexed-finance-2020-10/code/contracts/mocks/MockUnbindTokenHandler.sol
FN:10,handleUnbindToken
FN:14,getReceivedTokens
FNF:2
FNH:1
FNDA:1,handleUnbindToken
FNDA:0,getReceivedTokens
DA:11,1
DA:15,0
LF:2
LH:1
BRF:0
BRH:0
end_of_record
TN:
SF:/home/daniel/Development/github.com/cleanunicorn/audit-indexed-finance-2020-10/code/contracts/mocks/tests/CategoriesTest.sol
FN:30,constructor
FN:34,init
FN:38,init2
FN:42,test_createCategory
FN:52,test_addToken
FN:72,test_addTokens
FN:92,test_orderCategoryTokensByMarketCap
FN:107,test_getTopCategoryTokens
FN:129,test_computeAverageMarketCaps
FN:140,returnOwnership
FN:149,_to256Array
FNF:11
FNH:11
FNDA:3,constructor
FNDA:1,init
FNDA:5,init2
FNDA:1,test_createCategory
FNDA:1,test_addToken
FNDA:1,test_addTokens
FNDA:1,test_orderCategoryTokensByMarketCap
FNDA:1,test_getTopCategoryTokens
FNDA:1,test_computeAverageMarketCaps
FNDA:1,returnOwnership
FNDA:2,_to256Array
DA:31,3
DA:35,1
DA:39,5
DA:43,1
DA:44,1
DA:45,1
DA:49,1
DA:53,1
DA:54,1
DA:55,1
DA:56,1
DA:57,1
DA:61,1
DA:62,1
DA:66,1
DA:73,1
DA:74,1
DA:75,1
DA:76,1
DA:77,1
DA:79,1
DA:80,1
DA:81,1
DA:82,1
DA:93,1
DA:94,1
DA:95,1
DA:96,1
DA:97,1
DA:98,1
DA:99,1
DA:100,1
DA:108,1
DA:109,0
DA:111,1
DA:116,1
DA:117,0
DA:119,1
DA:124,1
DA:125,1
DA:126,1
DA:130,1
DA:131,1
DA:132,1
DA:133,1
DA:141,1
DA:154,2
LF:47
LH:45
BRDA:45,1,0,1
BRDA:45,1,1,0
BRDA:49,2,0,1
BRDA:49,2,1,0
BRDA:54,3,0,1
BRDA:54,3,1,0
BRDA:57,4,0,1
BRDA:57,4,1,0
BRDA:66,5,0,1
BRDA:66,5,1,0
BRDA:81,6,0,1
BRDA:81,6,1,0
BRDA:82,7,0,1
BRDA:82,7,1,0
BRDA:111,8,0,1
BRDA:111,8,1,0
BRDA:119,9,0,1
BRDA:119,9,1,0
BRF:18
BRH:9
end_of_record
TN:
SF:/home/daniel/Development/github.com/cleanunicorn/audit-indexed-finance-2020-10/code/contracts/mocks/tests/ControllerTest.sol
FN:39,constructor
FN:44,init
FN:48,init2
FN:52,init3
FN:64,init4
FN:71,_getExpectedTokensAndBalances
FN:95,test_getInitialTokensAndBalances
FN:117,test_prepareIndexPool
FN:157,test_finishPreparedIndexPool
FN:179,test_setMaxPoolTokens
FN:188,test_setDefaultSellerPremium
FN:212,test_updateSellerPremiumToDefault
FN:221,test_setSwapFee
FNF:13
FNH:13
FNDA:3,constructor
FNDA:1,init
FNDA:5,init2
FNDA:1,init3
FNDA:1,init4
FNDA:2,_getExpectedTokensAndBalances
FNDA:1,test_getInitialTokensAndBalances
FNDA:1,test_prepareIndexPool
FNDA:1,test_finishPreparedIndexPool
FNDA:1,test_setMaxPoolTokens
FNDA:1,test_setDefaultSellerPremium
FNDA:1,test_updateSellerPremiumToDefault
FNDA:1,test_setSwapFee
DA:40,3
DA:41,3
DA:45,1
DA:49,5
DA:53,1
DA:54,1
DA:55,1
DA:56,1
DA:57,1
DA:58,1
DA:59,1
DA:61,1
DA:65,1
DA:66,1
DA:67,1
DA:68,1
DA:79,2
DA:80,2
DA:81,2
DA:82,2
DA:83,2
DA:84,2
DA:85,10
DA:86,10
DA:88,2
DA:89,10
DA:90,10
DA:91,10
DA:96,1
DA:97,1
DA:101,1
DA:105,1
DA:110,1
DA:118,1
DA:119,1
DA:129,1
DA:133,1
DA:137,1
DA:138,1
DA:139,1
DA:143,1
DA:144,1
DA:145,1
DA:150,1
DA:158,1
DA:159,1
DA:160,1
DA:161,5
DA:162,5
DA:164,1
DA:165,1
DA:169,1
DA:170,1
DA:171,1
DA:175,1
DA:176,1
DA:180,1
DA:181,1
DA:182,1
DA:189,1
DA:190,0
DA:192,1
DA:198,1
DA:199,0
DA:201,1
DA:207,1
DA:208,1
DA:209,1
DA:213,1
DA:214,1
DA:215,1
DA:222,1
DA:223,0
DA:225,1
DA:230,1
DA:231,0
DA:233,1
DA:238,1
DA:239,1
DA:240,1
LF:80
LH:76
BRDA:129,1,0,1
BRDA:129,1,1,0
BRDA:133,2,0,1
BRDA:133,2,1,0
BRDA:165,3,0,1
BRDA:165,3,1,0
BRDA:171,4,0,1
BRDA:171,4,1,0
BRDA:176,5,0,1
BRDA:176,5,1,0
BRDA:182,6,0,1
BRDA:182,6,1,0
BRDA:192,7,0,1
BRDA:192,7,1,0
BRDA:201,8,0,1
BRDA:201,8,1,0
BRDA:209,9,0,1
BRDA:209,9,1,0
BRDA:215,10,0,1
BRDA:215,10,1,0
BRDA:225,11,0,1
BRDA:225,11,1,0
BRDA:233,12,0,1
BRDA:233,12,1,0
BRDA:240,13,0,1
BRDA:240,13,1,0
BRF:26
BRH:13
end_of_record
TN:
SF:/home/daniel/Development/github.com/cleanunicorn/audit-indexed-finance-2020-10/code/contracts/mocks/tests/ProxyTest.sol
FN:11,incrementValue
FN:15,decrementValue
FN:19,getValue
FN:28,incrementValue
FN:32,decrementValue
FN:36,getValue
FN:44,deploy
FN:59,constructor
FN:66,test_deployInvalidImplementation
FN:77,test_createManyToOneProxyRelationship
FN:92,test_unapprovedDeployer
FN:103,test_approveDeployer
FN:111,test_deployProxyManyToOne
FN:131,test_revokeDeployerApproval
FN:143,test_setImplementationAddressManyToOne
FN:153,test_deployProxyOneToOne
FN:173,test_setImplementationAddressOneToOne
FNF:17
FNH:17
FNDA:2,incrementValue
FNDA:2,decrementValue
FNDA:6,getValue
FNDA:2,incrementValue
FNDA:2,decrementValue
FNDA:6,getValue
FNDA:3,deploy
FNDA:3,constructor
FNDA:1,test_deployInvalidImplementation
FNDA:1,test_createManyToOneProxyRelationship
FNDA:1,test_unapprovedDeployer
FNDA:1,test_approveDeployer
FNDA:1,test_deployProxyManyToOne
FNDA:1,test_revokeDeployerApproval
FNDA:1,test_setImplementationAddressManyToOne
FNDA:1,test_deployProxyOneToOne
FNDA:1,test_setImplementationAddressOneToOne
DA:12,2
DA:16,2
DA:20,6
DA:29,2
DA:33,2
DA:37,6
DA:45,3
DA:60,3
DA:61,3
DA:62,3
DA:63,3
DA:67,1
DA:68,0
DA:70,1
DA:78,1
DA:79,1
DA:80,1
DA:84,1
DA:85,1
DA:86,1
DA:93,1
DA:94,0
DA:96,1
DA:104,1
DA:105,1
DA:112,1
DA:118,1
DA:119,1
DA:123,1
DA:124,1
DA:125,1
DA:126,1
DA:127,1
DA:128,1
DA:132,1
DA:133,1
DA:134,0
DA:136,1
DA:144,1
DA:145,1
DA:146,1
DA:147,1
DA:148,1
DA:149,1
DA:150,1
DA:154,1
DA:157,1
DA:165,1
DA:166,1
DA:167,1
DA:168,1
DA:169,1
DA:170,1
DA:174,1
DA:177,1
DA:178,1
DA:179,1
DA:180,1
DA:181,1
DA:182,1
LF:60
LH:57
BRDA:70,1,0,1
BRDA:70,1,1,0
BRDA:80,2,0,1
BRDA:80,2,1,0
BRDA:85,3,0,1
BRDA:85,3,1,0
BRDA:86,4,0,1
BRDA:86,4,1,0
BRDA:96,5,0,1
BRDA:96,5,1,0
BRDA:105,6,0,1
BRDA:105,6,1,0
BRDA:119,7,0,1
BRDA:119,7,1,0
BRDA:124,8,0,1
BRDA:124,8,1,0
BRDA:126,9,0,1
BRDA:126,9,1,0
BRDA:128,10,0,1
BRDA:128,10,1,0
BRDA:136,11,0,1
BRDA:136,11,1,0
BRDA:146,12,0,1
BRDA:146,12,1,0
BRDA:148,13,0,1
BRDA:148,13,1,0
BRDA:150,14,0,1
BRDA:150,14,1,0
BRDA:157,15,0,1
BRDA:157,15,1,0
BRDA:166,16,0,1
BRDA:166,16,1,0
BRDA:168,17,0,1
BRDA:168,17,1,0
BRDA:170,18,0,1
BRDA:170,18,1,0
BRDA:178,19,0,1
BRDA:178,19,1,0
BRDA:180,20,0,1
BRDA:180,20,1,0
BRDA:182,21,0,1
BRDA:182,21,1,0
BRF:42
BRH:21
end_of_record
TN:
SF:/home/daniel/Development/github.com/cleanunicorn/audit-indexed-finance-2020-10/code/contracts/mocks/tests/SellerTest.sol
FN:34,constructor
FN:42,init
FN:46,init2
FN:50,init3
FN:59,test_setPremiumPercent
FN:80,test_handleUnbindToken
FN:96,test_calcOutGivenIn
FN:112,test_calcInGivenOut
FN:128,test_swapExactTokensForTokens
FN:166,test_swapTokensForExactTokens
FN:204,test_executeSwapTokensForExactTokens
FN:231,test_executeSwapExactTokensForTokens
FNF:12
FNH:12
FNDA:3,constructor
FNDA:1,init
FNDA:5,init2
FNDA:1,init3
FNDA:1,test_setPremiumPercent
FNDA:1,test_handleUnbindToken
FNDA:1,test_calcOutGivenIn
FNDA:1,test_calcInGivenOut
FNDA:1,test_swapExactTokensForTokens
FNDA:1,test_swapTokensForExactTokens
FNDA:1,test_executeSwapTokensForExactTokens
FNDA:1,test_executeSwapExactTokensForTokens
DA:36,3
DA:37,3
DA:38,3
DA:39,3
DA:43,1
DA:47,5
DA:51,1
DA:52,1
DA:53,1
DA:54,1
DA:55,1
DA:56,1
DA:60,1
DA:61,0
DA:63,1
DA:68,1
DA:69,0
DA:71,1
DA:76,1
DA:77,1
DA:81,1
DA:82,0
DA:84,1
DA:89,1
DA:90,1
DA:97,1
DA:98,1
DA:99,1
DA:100,1
DA:105,1
DA:113,1
DA:114,1
DA:115,1
DA:116,1
DA:121,1
DA:129,1
DA:130,1
DA:131,1
DA:133,1
DA:139,0
DA:141,1
DA:146,1
DA:147,1
DA:148,1
DA:149,1
DA:155,1
DA:159,1
DA:160,1
DA:167,1
DA:168,1
DA:169,1
DA:171,1
DA:177,0
DA:179,1
DA:184,1
DA:185,1
DA:186,1
DA:187,1
DA:193,1
DA:197,1
DA:198,1
DA:205,1
DA:206,1
DA:207,1
DA:208,1
DA:209,1
DA:210,1
DA:212,1
DA:213,1
DA:214,1
DA:215,1
DA:216,1
DA:217,1
DA:223,1
DA:224,1
DA:228,1
DA:234,1
DA:235,1
DA:236,1
DA:237,1
DA:238,1
DA:239,1
DA:241,1
DA:242,1
DA:243,1
DA:244,1
DA:245,1
DA:246,1
DA:252,1
DA:253,1
DA:257,1
LF:91
LH:86
BRDA:63,1,0,1
BRDA:63,1,1,0
BRDA:71,2,0,1
BRDA:71,2,1,0
BRDA:77,3,0,1
BRDA:77,3,1,0
BRDA:84,4,0,1
BRDA:84,4,1,0
BRDA:90,5,0,1
BRDA:90,5,1,0
BRDA:141,6,0,1
BRDA:141,6,1,0
BRDA:155,7,0,1
BRDA:155,7,1,0
BRDA:160,8,0,1
BRDA:160,8,1,0
BRDA:179,9,0,1
BRDA:179,9,1,0
BRDA:193,10,0,1
BRDA:193,10,1,0
BRDA:198,11,0,1
BRDA:198,11,1,0
BRDA:224,12,0,1
BRDA:224,12,1,0
BRDA:228,13,0,1
BRDA:228,13,1,0
BRDA:253,14,0,1
BRDA:253,14,1,0
BRDA:257,15,0,1
BRDA:257,15,1,0
BRF:30
BRH:15
end_of_record
TN:
SF:/home/daniel/Development/github.com/cleanunicorn/audit-indexed-finance-2020-10/code/contracts/mocks/tests/util/Diff.sol
FN:5,testDiff
FN:17,absDiff
FN:21,testArrayDeepEq
FN:32,testUintArrayDiff
FNF:4
FNH:4
FNDA:22,testDiff
FNDA:2,absDiff
FNDA:4,testArrayDeepEq
FNDA:4,testUintArrayDiff
DA:10,22
DA:11,2
DA:13,2
DA:14,2
DA:18,2
DA:26,4
DA:27,4
DA:28,20
DA:37,4
DA:38,4
DA:39,20
LF:11
LH:11
BRDA:10,1,0,20
BRDA:10,1,1,2
BRDA:14,2,0,2
BRDA:14,2,1,0
BRDA:26,3,0,4
BRDA:26,3,1,0
BRDA:28,4,0,20
BRDA:28,4,1,0
BRDA:37,5,0,4
BRDA:37,5,1,0
BRF:10
BRH:6
end_of_record
TN:
SF:/home/daniel/Development/github.com/cleanunicorn/audit-indexed-finance-2020-10/code/contracts/mocks/tests/util/TestOrder.sol
FN:8,testIndex
FN:13,markTime
FN:18,forceDelay
FNF:3
FNH:3
FNDA:23,testIndex
FNDA:2,markTime
FNDA:3,forceDelay
DA:9,23
DA:10,23
DA:14,2
DA:15,2
DA:19,3
DA:20,3
DA:21,3
LF:7
LH:7
BRDA:9,1,0,23
BRDA:9,1,1,0
BRDA:19,2,0,3
BRDA:19,2,1,0
BRF:4
BRH:2
end_of_record
TN:
SF:/home/daniel/Development/github.com/cleanunicorn/audit-indexed-finance-2020-10/code/contracts/mocks/tests/util/TestTokenMarkets.sol
FN:26,marketsReady
FN:31,constructor
FN:41,_deployMarkets
FN:62,_addLiquidityAll
FN:71,_addLiquidity
FN:93,_deployTokenWethMarketWithLiquidity
FNF:6
FNH:6
FNDA:2,marketsReady
FNDA:9,constructor
FNDA:15,_deployMarkets
FNDA:2,_addLiquidityAll
FNDA:25,_addLiquidity
FNDA:15,_deployTokenWethMarketWithLiquidity
DA:27,2
DA:28,2
DA:36,9
DA:37,9
DA:38,9
DA:42,15
DA:43,3
DA:44,3
DA:46,3
DA:47,3
DA:49,3
DA:50,3
DA:52,3
DA:53,3
DA:55,3
DA:56,3
DA:57,3
DA:58,3
DA:63,2
DA:64,2
DA:65,2
DA:66,2
DA:67,2
DA:68,2
DA:76,25
DA:77,25
DA:78,25
DA:79,25
DA:80,25
DA:81,25
DA:98,15
DA:99,15
LF:32
LH:32
BRDA:27,1,0,2
BRDA:27,1,1,0
BRDA:42,2,0,3
BRDA:42,2,1,12
BRDA:45,3,0,3
BRDA:45,3,1,9
BRDA:48,4,0,3
BRDA:48,4,1,6
BRDA:51,5,0,3
BRDA:51,5,1,3
BRDA:54,6,0,3
BRDA:54,6,1,0
BRF:12
BRH:10
end_of_record
TN:
SF:/home/daniel/Development/github.com/cleanunicorn/audit-indexed-finance-2020-10/code/contracts/mocks/tests/util/TestTokens.sol
FN:19,tokensReady
FN:24,_deployTokens
FN:33,tokensOrderedByPrice
FN:46,orderedPrices
FN:59,marketCapsOrderedByPrice
FNF:5
FNH:5
FNDA:15,tokensReady
FNDA:3,_deployTokens
FNDA:9,tokensOrderedByPrice
FNDA:2,orderedPrices
FNDA:4,marketCapsOrderedByPrice
DA:20,15
DA:21,15
DA:25,3
DA:26,3
DA:27,3
DA:28,3
DA:29,3
DA:30,3
DA:38,9
DA:39,9
DA:40,9
DA:41,9
DA:42,9
DA:43,9
DA:51,2
DA:52,2
DA:53,2
DA:54,2
DA:55,2
DA:56,2
DA:64,4
DA:65,4
DA:66,4
DA:67,4
DA:68,4
DA:69,4
LF:26
LH:26
BRDA:20,1,0,15
BRDA:20,1,1,0
BRDA:25,2,0,3
BRDA:25,2,1,0
BRF:4
BRH:2
end_of_record
TN:
SF:/home/daniel/Development/github.com/cleanunicorn/audit-indexed-finance-2020-10/code/contracts/Owned.sol
FN:10,_owner_
FN:15,constructor
FN:19,getOwner
FN:23,setOwner
FNF:4
FNH:3
FNDA:28,_owner_
FNDA:12,constructor
FNDA:0,getOwner
FNDA:3,setOwner
DA:11,28
DA:12,28
DA:16,12
DA:20,0
DA:24,3
DA:25,3
DA:26,3
LF:7
LH:6
BRDA:11,1,0,28
BRDA:11,1,1,0
BRDA:24,2,0,3
BRDA:24,2,1,0
BRF:4
BRH:2
end_of_record
TN:
SF:/home/daniel/Development/github.com/cleanunicorn/audit-indexed-finance-2020-10/code/contracts/PoolFactory.sol
FN:54,_approved_
FN:64,constructor
FN:71,approvePoolController
FN:76,disapprovePoolController
FN:100,deployIndexPool
FN:136,deployIndexPool
FN:159,isIPool
FN:167,computePoolAddress
FN:193,_to256Array
FNF:9
FNH:4
FNDA:1,_approved_
FNDA:3,constructor
FNDA:1,approvePoolController
FNDA:0,disapprovePoolController
FNDA:1,deployIndexPool
FNDA:0,deployIndexPool
FNDA:0,isIPool
FNDA:0,computePoolAddress
FNDA:0,_to256Array
DA:55,1
DA:56,1
DA:65,3
DA:72,1
DA:77,0
DA:103,1
DA:106,1
DA:110,1
DA:111,1
DA:116,1
DA:139,0
DA:142,0
DA:146,0
DA:147,0
DA:160,0
DA:175,0
DA:178,0
DA:198,0
LF:18
LH:9
BRDA:55,1,0,1
BRDA:55,1,1,0
BRF:2
BRH:1
end_of_record
TN:
SF:/home/daniel/Development/github.com/cleanunicorn/audit-indexed-finance-2020-10/code/contracts/PoolInitializer.sol
FN:61,_lock_
FN:68,_control_
FN:73,_finished_
FN:78,_not_finished_
FN:85,constructor
FN:108,initialize
FN:128,finish
FN:159,claimTokens
FN:167,claimTokens
FN:175,claimTokens
FN:200,contributeTokens
FN:237,contributeTokens
FN:268,updatePrices
FN:277,isFinished
FN:286,getTotalCredit
FN:293,getCreditOf
FN:303,getDesiredTokens
FN:311,getDesiredAmount
FN:319,getDesiredAmounts
FN:339,getCreditForTokens
FN:361,_claimTokens
FNF:21
FNH:14
FNDA:3,_lock_
FNDA:1,_control_
FNDA:1,_finished_
FNDA:2,_not_finished_
FNDA:3,constructor
FNDA:1,initialize
FNDA:1,finish
FNDA:1,claimTokens
FNDA:0,claimTokens
FNDA:0,claimTokens
FNDA:0,contributeTokens
FNDA:1,contributeTokens
FNDA:0,updatePrices
FNDA:0,isFinished
FNDA:1,getTotalCredit
FNDA:2,getCreditOf
FNDA:1,getDesiredTokens
FNDA:0,getDesiredAmount
FNDA:2,getDesiredAmounts
FNDA:0,getCreditForTokens
FNDA:1,_claimTokens
DA:62,3
DA:63,3
DA:64,3
DA:65,3
DA:69,1
DA:70,1
DA:74,1
DA:75,1
DA:79,2
DA:80,2
DA:89,3
DA:90,3
DA:110,1
DA:111,1
DA:112,1
DA:113,1
DA:114,1
DA:115,1
DA:116,5
DA:130,1
DA:131,1
DA:132,1
DA:133,1
DA:134,1
DA:135,5
DA:136,5
DA:137,5
DA:138,5
DA:139,5
DA:140,5
DA:145,1
DA:150,1
DA:160,1
DA:168,0
DA:176,0
DA:177,0
DA:203,0
DA:204,0
DA:205,0
DA:206,0
DA:208,0
DA:209,0
DA:210,0
DA:211,0
DA:212,0
DA:213,0
DA:214,0
DA:215,0
DA:240,1
DA:241,1
DA:242,1
DA:243,1
DA:244,5
DA:245,5
DA:246,5
DA:247,5
DA:248,5
DA:249,0
DA:251,5
DA:252,5
DA:253,5
DA:254,5
DA:255,5
DA:256,5
DA:258,1
DA:259,1
DA:260,1
DA:269,0
DA:278,0
DA:287,1
DA:298,2
DA:308,1
DA:316,0
DA:324,2
DA:325,2
DA:326,10
DA:344,0
DA:345,0
DA:346,0
DA:347,0
DA:349,0
DA:350,0
DA:362,1
DA:363,1
DA:364,1
DA:365,1
DA:366,1
LF:87
LH:62
BRDA:62,1,0,3
BRDA:62,1,1,0
BRDA:69,2,0,1
BRDA:69,2,1,0
BRDA:74,3,0,1
BRDA:74,3,1,0
BRDA:79,4,0,2
BRDA:79,4,1,0
BRDA:110,5,0,1
BRDA:110,5,1,0
BRDA:113,6,0,1
BRDA:113,6,1,0
BRDA:140,7,0,5
BRDA:140,7,1,0
BRDA:204,8,0,0
BRDA:204,8,1,0
BRDA:205,9,0,0
BRDA:205,9,1,0
BRDA:209,10,0,0
BRDA:209,10,1,0
BRDA:210,11,0,0
BRDA:210,11,1,0
BRDA:241,12,0,1
BRDA:241,12,1,0
BRDA:247,13,0,5
BRDA:247,13,1,0
BRDA:248,14,0,0
BRDA:248,14,1,5
BRDA:252,15,0,5
BRDA:252,15,1,0
BRDA:258,16,0,1
BRDA:258,16,1,0
BRDA:345,17,0,0
BRDA:345,17,1,0
BRDA:346,18,0,0
BRDA:346,18,1,0
BRDA:363,19,0,1
BRDA:363,19,1,0
BRF:38
BRH:13
end_of_record
TN:
SF:/home/daniel/Development/github.com/cleanunicorn/audit-indexed-finance-2020-10/code/contracts/proxies/DelegateCallProxyManager.sol
FN:87,_admin_
FN:97,constructor
FN:104,approveDeployer
FN:112,revokeDeployerApproval
FN:138,createManyToOneProxyRelationship
FN:173,setImplementationAddressManyToOne
FN:207,setImplementationAddressOneToOne
FN:233,deployProxyOneToOne
FN:264,deployProxyManyToOne
FN:304,isApprovedDeployer
FN:315,getImplementationHolder
FN:327,getImplementationHolder
FN:344,computeProxyAddressOneToOne
FN:365,computeProxyAddressManyToOne
FN:389,computeHolderAddressManyToOne
FN:416,_setImplementation
FNF:16
FNH:14
FNDA:7,_admin_
FNDA:6,constructor
FNDA:3,approveDeployer
FNDA:1,revokeDeployerApproval
FNDA:4,createManyToOneProxyRelationship
FNDA:1,setImplementationAddressManyToOne
FNDA:1,setImplementationAddressOneToOne
FNDA:1,deployProxyOneToOne
FNDA:5,deployProxyManyToOne
FNDA:1,isApprovedDeployer
FNDA:4,getImplementationHolder
FNDA:1,getImplementationHolder
FNDA:0,computeProxyAddressOneToOne
FNDA:0,computeProxyAddressManyToOne
FNDA:1,computeHolderAddressManyToOne
FNDA:7,_setImplementation
DA:88,7
DA:92,5
DA:105,3
DA:106,3
DA:113,1
DA:114,1
DA:142,4
DA:149,4
DA:152,4
DA:154,4
DA:176,1
DA:179,1
DA:182,1
DA:184,1
DA:210,1
DA:212,1
DA:238,1
DA:241,1
DA:248,1
DA:250,1
DA:268,5
DA:271,5
DA:275,4
DA:283,4
DA:287,4
DA:294,4
DA:296,4
DA:305,1
DA:320,4
DA:334,1
DA:352,0
DA:353,0
DA:375,0
DA:380,0
DA:394,1
DA:421,7
DA:425,7
DA:426,7
LF:38
LH:34
BRDA:88,1,0,5
BRDA:88,1,1,2
BRDA:179,2,0,1
BRDA:179,2,1,0
BRDA:271,3,0,4
BRDA:271,3,1,1
BRDA:421,4,0,7
BRDA:421,4,1,0
BRDA:426,5,0,7
BRDA:426,5,1,0
BRF:10
BRH:7
end_of_record
TN:
SF:/home/daniel/Development/github.com/cleanunicorn/audit-indexed-finance-2020-10/code/contracts/proxies/DelegateCallProxyManyToOne.sol
FN:25,constructor
FN:36,_implementation
FNF:2
FNH:2
FNDA:4,constructor
FNDA:33,_implementation
DA:28,4
DA:38,33
DA:39,33
DA:40,33
DA:41,33
DA:42,33
LF:6
LH:6
BRDA:39,1,0,33
BRDA:39,1,1,0
BRDA:41,2,0,33
BRDA:41,2,1,0
BRF:4
BRH:2
end_of_record
TN:
SF:/home/daniel/Development/github.com/cleanunicorn/audit-indexed-finance-2020-10/code/contracts/proxies/DelegateCallProxyOneToOne.sol
FN:27,constructor
FN:36,_implementation
FN:56,_beforeFallback
FNF:3
FNH:3
FNDA:1,constructor
FNDA:10,_implementation
FNDA:12,_beforeFallback
DA:28,1
DA:37,10
DA:38,10
DA:44,10
DA:57,12
DA:58,10
DA:60,2
LF:7
LH:7
BRDA:57,1,0,10
BRDA:57,1,1,2
BRF:2
BRH:2
end_of_record
TN:
SF:/home/daniel/Development/github.com/cleanunicorn/audit-indexed-finance-2020-10/code/contracts/proxies/ManyToOneImplementationHolder.sol
FN:18,constructor
FN:33,
FNF:2
FNH:2
FNDA:4,constructor
FNDA:39,
DA:19,4
DA:34,39
DA:35,34
DA:40,5
LF:4
LH:4
BRDA:34,1,0,34
BRDA:34,1,1,5
BRF:2
BRH:2
end_of_record
TN:
SF:/home/daniel/Development/github.com/cleanunicorn/audit-indexed-finance-2020-10/code/contracts/proxies/SaltyLib.sol
FN:42,deriveManyToOneSalt
FN:66,deriveOneToOneSalt
FN:88,computeProxyAddressOneToOne
FN:111,computeProxyAddressManyToOne
FN:136,computeHolderAddressManyToOne
FNF:5
FNH:4
FNDA:9,deriveManyToOneSalt
FNDA:2,deriveOneToOneSalt
FNDA:1,computeProxyAddressOneToOne
FNDA:5,computeProxyAddressManyToOne
FNDA:0,computeHolderAddressManyToOne
DA:51,9
DA:74,2
DA:97,1
DA:98,1
DA:121,5
DA:126,5
DA:144,0
LF:7
LH:6
BRF:0
BRH:0
end_of_record
TN:
SF:/home/daniel/Development/github.com/cleanunicorn/audit-indexed-finance-2020-10/code/contracts/UnboundTokenSeller.sol
FN:90,_control_
FN:95,_lock_
FN:102,_desired_
FN:110,constructor
FN:126,initialize
FN:143,handleUnbindToken
FN:153,setPremiumPercent
FN:181,executeSwapTokensForExactTokens
FN:242,executeSwapExactTokensForTokens
FN:302,swapExactTokensForTokens
FN:337,swapTokensForExactTokens
FN:357,getPremiumPercent
FN:372,calcInGivenOut
FN:402,calcOutGivenIn
FN:423,_calcAmountToCallerAndPool
FN:448,_getAverageValues
FN:469,_getAveragePrices
FN:485,_maximumPaidValue
FN:494,_minimumReceivedValue
FNF:19
FNH:17
FNDA:8,_control_
FNDA:6,_lock_
FNDA:8,_desired_
FNDA:6,constructor
FNDA:4,initialize
FNDA:2,handleUnbindToken
FNDA:4,setPremiumPercent
FNDA:1,executeSwapTokensForExactTokens
FNDA:1,executeSwapExactTokensForTokens
FNDA:2,swapExactTokensForTokens
FNDA:2,swapTokensForExactTokens
FNDA:2,getPremiumPercent
FNDA:4,calcInGivenOut
FNDA:4,calcOutGivenIn
FNDA:0,_calcAmountToCallerAndPool
FNDA:0,_getAverageValues
FNDA:8,_getAveragePrices
FNDA:4,_maximumPaidValue
FNDA:4,_minimumReceivedValue
DA:91,8
DA:92,8
DA:96,6
DA:97,6
DA:98,6
DA:99,4
DA:103,8
DA:104,8
DA:105,8
DA:115,6
DA:116,6
DA:117,6
DA:128,4
DA:129,4
DA:130,4
DA:134,4
DA:135,4
DA:146,2
DA:147,1
DA:154,4
DA:158,2
DA:159,2
DA:187,1
DA:189,1
DA:192,1
DA:197,1
DA:205,1
DA:207,1
DA:208,1
DA:209,1
DA:212,1
DA:216,1
DA:217,1
DA:248,1
DA:250,1
DA:253,1
DA:258,1
DA:267,1
DA:268,1
DA:271,1
DA:272,1
DA:275,1
DA:277,1
DA:278,1
DA:305,2
DA:307,2
DA:309,1
DA:310,1
DA:312,1
DA:313,1
DA:340,2
DA:341,2
DA:343,1
DA:344,1
DA:346,1
DA:347,1
DA:358,2
DA:375,4
DA:379,4
DA:384,4
DA:386,4
DA:388,4
DA:405,4
DA:410,4
DA:412,4
DA:414,4
DA:415,4
DA:434,0
DA:441,0
DA:442,0
DA:444,0
DA:445,0
DA:458,0
DA:459,0
DA:460,0
DA:461,0
DA:462,0
DA:463,0
DA:464,0
DA:465,0
DA:466,0
DA:477,8
DA:478,8
DA:479,8
DA:480,8
DA:481,8
DA:482,8
DA:490,4
DA:499,4
LF:89
LH:75
BRDA:91,1,0,8
BRDA:91,1,1,0
BRDA:96,2,0,6
BRDA:96,2,1,0
BRDA:104,3,0,8
BRDA:104,3,1,0
BRDA:128,4,0,4
BRDA:128,4,1,0
BRDA:129,5,0,4
BRDA:129,5,1,0
BRDA:130,6,0,4
BRDA:130,6,1,0
BRDA:146,7,0,1
BRDA:146,7,1,1
BRDA:154,8,0,2
BRDA:154,8,1,2
BRDA:192,9,0,1
BRDA:192,9,1,0
BRDA:207,10,0,1
BRDA:207,10,1,0
BRDA:253,11,0,1
BRDA:253,11,1,0
BRDA:268,12,0,1
BRDA:268,12,1,0
BRDA:307,13,0,1
BRDA:307,13,1,1
BRDA:341,14,0,1
BRDA:341,14,1,1
BRDA:375,15,0,4
BRDA:375,15,1,0
BRDA:415,16,0,4
BRDA:415,16,1,0
BRDA:442,17,0,0
BRDA:442,17,1,0
BRF:34
BRH:20
end_of_record
TN:
SF:/home/daniel/Development/github.com/cleanunicorn/audit-indexed-finance-2020-10/code/contracts/UniSwapV2PriceOracle.sol
FN:64,constructor
FN:87,updatePrice
FN:117,updatePrices
FN:135,getPriceObservation
FN:146,observationIndexOf
FN:150,canUpdatePrice
FN:169,computeAverageAmountOut
FN:181,computeAverageAmountIn
FN:194,computeAverageAmountsOut
FN:215,computeAverageAmountsIn
FN:240,computeAverageTokenPrice
FN:263,computeAverageEthPrice
FN:286,computeTwoWayAveragePrice
FN:306,computeAverageTokenPrices
FN:322,computeAverageEthPrices
FN:342,computeTwoWayAveragePrices
FN:363,_getLatestUsableObservation
FNF:17
FNH:11
FNDA:6,constructor
FNDA:26,updatePrice
FNDA:5,updatePrices
FNDA:1,getPriceObservation
FNDA:90,observationIndexOf
FNDA:0,canUpdatePrice
FNDA:37,computeAverageAmountOut
FNDA:0,computeAverageAmountIn
FNDA:6,computeAverageAmountsOut
FNDA:0,computeAverageAmountsIn
FNDA:37,computeAverageTokenPrice
FNDA:0,computeAverageEthPrice
FNDA:26,computeTwoWayAveragePrice
FNDA:0,computeAverageTokenPrices
FNDA:0,computeAverageEthPrices
FNDA:10,computeTwoWayAveragePrices
FNDA:63,_getLatestUsableObservation
DA:69,6
DA:70,6
DA:71,6
DA:72,6
DA:73,6
DA:88,26
DA:91,26
DA:93,26
DA:94,26
DA:96,0
DA:99,26
DA:100,26
DA:101,26
DA:103,0
DA:105,26
DA:106,26
DA:107,26
DA:121,5
DA:122,5
DA:123,22
DA:140,1
DA:147,90
DA:151,0
DA:154,0
DA:156,0
DA:157,0
DA:159,0
DA:161,0
DA:174,37
DA:175,36
DA:186,0
DA:187,0
DA:202,6
DA:203,6
DA:204,6
DA:205,6
DA:206,28
DA:223,0
DA:224,0
DA:225,0
DA:226,0
DA:227,0
DA:246,37
DA:248,37
DA:253,36
DA:269,0
DA:271,0
DA:276,0
DA:292,26
DA:294,26
DA:299,26
DA:311,0
DA:312,0
DA:313,0
DA:314,0
DA:327,0
DA:328,0
DA:329,0
DA:330,0
DA:347,10
DA:348,10
DA:349,10
DA:350,26
DA:368,63
DA:369,63
DA:372,63
DA:373,0
DA:374,0
DA:378,0
DA:382,63
DA:383,63
DA:384,63
DA:387,62
DA:390,1
DA:391,1
DA:392,1
LF:76
LH:47
BRDA:94,1,0,0
BRDA:94,1,1,26
BRDA:101,2,0,0
BRDA:101,2,1,26
BRDA:156,3,0,0
BRDA:156,3,1,0
BRDA:203,4,0,6
BRDA:203,4,1,0
BRDA:224,5,0,0
BRDA:224,5,1,0
BRDA:372,6,0,0
BRDA:372,6,1,63
BRDA:374,7,0,0
BRDA:374,7,1,0
BRDA:384,8,0,62
BRDA:384,8,1,1
BRDA:392,9,0,0
BRDA:392,9,1,1
BRF:18
BRH:7
end_of_record
